<?xml version="1.0" encoding="UTF-8"?>
<testsuites name="Microsite olay" time="293.058" tests="7" failures="0" errors="0">
   <testsuite name="Microsite olay" tests="7" failures="0" errors="0" time="293.058" skipped="0" timestamp="2021-12-17 15:26:30" hostname="knoldus - knoldus-Latitude-3520" id="Test Suites/Microsite olay Staging/Microsite olay">
      <properties>
         <property name="deviceName" value=""/>
         <property name="devicePlatform" value=""/>
         <property name="logFolder" value="/home/knoldus/Katalon Studio/Learn1/Reports/20211217_152621/Microsite olay Staging/Microsite olay/20211217_152621"/>
         <property name="logFiles" value="/home/knoldus/Katalon Studio/Learn1/Reports/20211217_152621/Microsite olay Staging/Microsite olay/20211217_152621/execution0.log"/>
         <property name="attachments" value=""/>
         <property name="hostName" value="knoldus - knoldus-Latitude-3520"/>
         <property name="os" value="Linux 64bit"/>
         <property name="katalonVersion" value="8.2.0.208"/>
         <property name="browser" value="Chrome 95.0.4638.69"/>
         <property name="hostAddress" value="127.0.1.1"/>
         <property name="sessionId" value="6cfae20a7ff6687e750fe0c5a68c4e5d"/>
         <property name="seleniumVersion" value="3.141.59"/>
         <property name="proxyInformation" value="ProxyInformation { proxyOption=NO_PROXY, proxyServerType=HTTP, username=, password=********, proxyServerAddress=, proxyServerPort=0, executionList=&quot;&quot;, isApplyToDesiredCapabilities=true }"/>
         <property name="platform" value="Linux"/>
      </properties>
      <testcase name="Test Cases/microsite staging/Login/Tc-1" time="15.264" classname="Test Cases/microsite staging/Login/Tc-1" status="PASSED">
         <system-out><![CDATA[2021-12-17 15:26:31 - [TEST_CASE][PASSED] - Test Cases/microsite staging/Login/Tc-1: Test Cases/microsite staging/Login/Tc-1

2021-12-17 15:26:31 - [TEST_STEP][PASSED] - callTestCase(findTestCase("microsite staging/Open browser/Tc2-Login"), [:], STOP_ON_FAILURE): Call Test Case 'Test Cases/microsite staging/Open browser/Tc2-Login' successfully

2021-12-17 15:26:31 - [TEST_CASE][PASSED] - Test Cases/microsite staging/Open browser/Tc2-Login: Test Cases/microsite staging/Open browser/Tc2-Login

2021-12-17 15:26:31 - [TEST_STEP][PASSED] - callTestCase(findTestCase("microsite staging/Open browser/Tc-1"), [:], STOP_ON_FAILURE): Call Test Case 'Test Cases/microsite staging/Open browser/Tc-1' successfully

2021-12-17 15:26:31 - [TEST_CASE][PASSED] - Test Cases/microsite staging/Open browser/Tc-1: Test Cases/microsite staging/Open browser/Tc-1

2021-12-17 15:26:32 - [TEST_STEP][PASSED] - openBrowser(""): Browser is opened with url: ''

2021-12-17 15:26:32 - [MESSAGE][INFO] - Starting 'Chrome' driver

2021-12-17 15:26:32 - [MESSAGE][INFO] - Action delay is set to 0 milliseconds

2021-12-17 15:26:33 - [MESSAGE][PASSED] - Browser is opened with url: ''

2021-12-17 15:26:33 - [TEST_STEP][PASSED] - navigateToUrl(urlstaging): Navigate to 'https://holidayolay.3tlstaging.com/login' successfully

2021-12-17 15:26:43 - [MESSAGE][PASSED] - Navigate to 'https://holidayolay.3tlstaging.com/login' successfully

2021-12-17 15:26:43 - [TEST_STEP][PASSED] - CurrentUrL = getUrl(): Current window's url is: 'https://holidayolay.3tlstaging.com/login'

2021-12-17 15:26:43 - [MESSAGE][PASSED] - Current window's url is: 'https://holidayolay.3tlstaging.com/login'

2021-12-17 15:26:43 - [TEST_STEP][PASSED] - verifyMatch(CurrentUrL, urlstaging, true): Actual text 'https://holidayolay.3tlstaging.com/login' and expected text 'https://holidayolay.3tlstaging.com/login' are matched  using regular expression

2021-12-17 15:26:43 - [MESSAGE][PASSED] - Actual text 'https://holidayolay.3tlstaging.com/login' and expected text 'https://holidayolay.3tlstaging.com/login' are matched  using regular expression

2021-12-17 15:26:43 - [TEST_STEP][PASSED] - maximizeWindow(): Current window maximized

2021-12-17 15:26:43 - [MESSAGE][PASSED] - Current window maximized

2021-12-17 15:26:43 - [MESSAGE][PASSED] - Call Test Case 'Test Cases/microsite staging/Open browser/Tc-1' successfully

2021-12-17 15:26:43 - [TEST_STEP][PASSED] - verifyElementText(findTestObject("Object Repository/assert/Page_Olay Holiday Program/div_Username"), "Username"): Actual text and expected text of test object 'Object Repository/assert/Page_Olay Holiday Program/div_Username' are matched.

2021-12-17 15:26:43 - [MESSAGE][PASSED] - Actual text and expected text of test object 'Object Repository/assert/Page_Olay Holiday Program/div_Username' are matched.

2021-12-17 15:26:43 - [TEST_STEP][PASSED] - verifyElementText(findTestObject("Object Repository/assert/Page_Olay Holiday Program/div_Password"), "Password"): Actual text and expected text of test object 'Object Repository/assert/Page_Olay Holiday Program/div_Password' are matched.

2021-12-17 15:26:44 - [MESSAGE][PASSED] - Actual text and expected text of test object 'Object Repository/assert/Page_Olay Holiday Program/div_Password' are matched.

2021-12-17 15:26:44 - [TEST_STEP][PASSED] - sendKeys(findTestObject("Object Repository/micro staging/Page_Olay Holiday Program/input_Please Enter you Credentials_mat-input-0"), LoginUsername): Keys 'pg_olayholiday' sent to object: 'Object Repository/micro staging/Page_Olay Holiday Program/input_Please Enter you Credentials_mat-input-0'

2021-12-17 15:26:44 - [MESSAGE][PASSED] - Keys 'pg_olayholiday' sent to object: 'Object Repository/micro staging/Page_Olay Holiday Program/input_Please Enter you Credentials_mat-input-0'

2021-12-17 15:26:44 - [TEST_STEP][NOT_RUN] - click(findTestObject("Object Repository/micro staging/Page_Olay Holiday Program/div_Password")): NOT_RUN: click(findTestObject("Object Repository/micro staging/Page_Olay Holiday Program/div_Password"))

2021-12-17 15:26:44 - [MESSAGE][NOT_RUN] - NOT_RUN: click(findTestObject("Object Repository/micro staging/Page_Olay Holiday Program/div_Password"))

2021-12-17 15:26:44 - [TEST_STEP][PASSED] - sendKeys(findTestObject("Object Repository/micro staging/Page_Olay Holiday Program/input_Username_mat-input-1"), Loginpswd): Keys '1q2w3e4r!@#' sent to object: 'Object Repository/micro staging/Page_Olay Holiday Program/input_Username_mat-input-1'

2021-12-17 15:26:44 - [MESSAGE][PASSED] - Keys '1q2w3e4r!@#' sent to object: 'Object Repository/micro staging/Page_Olay Holiday Program/input_Username_mat-input-1'

2021-12-17 15:26:44 - [TEST_STEP][PASSED] - click(findTestObject("Object Repository/micro staging/Page_Olay Holiday Program/button_Submit")): Object: 'Object Repository/micro staging/Page_Olay Holiday Program/button_Submit' is clicked on

2021-12-17 15:26:45 - [MESSAGE][PASSED] - Object: 'Object Repository/micro staging/Page_Olay Holiday Program/button_Submit' is clicked on

2021-12-17 15:26:45 - [MESSAGE][PASSED] - Call Test Case 'Test Cases/microsite staging/Open browser/Tc2-Login' successfully

2021-12-17 15:26:45 - [TEST_STEP][PASSED] - sendKeys(findTestObject("Object Repository/micro staging/Page_Olay Holiday Program/input_WELCOME_mat-input-2"), Emailid): Keys 'akki2323@yopmail.com' sent to object: 'Object Repository/micro staging/Page_Olay Holiday Program/input_WELCOME_mat-input-2'

2021-12-17 15:26:45 - [MESSAGE][PASSED] - Keys 'akki2323@yopmail.com' sent to object: 'Object Repository/micro staging/Page_Olay Holiday Program/input_WELCOME_mat-input-2'

2021-12-17 15:26:45 - [TEST_STEP][PASSED] - sendKeys(findTestObject("Object Repository/micro staging/Page_Olay Holiday Program/input__mat-input-3"), Pswd): Keys '3TL@testing' sent to object: 'Object Repository/micro staging/Page_Olay Holiday Program/input__mat-input-3'

2021-12-17 15:26:46 - [MESSAGE][PASSED] - Keys '3TL@testing' sent to object: 'Object Repository/micro staging/Page_Olay Holiday Program/input__mat-input-3'

2021-12-17 15:26:46 - [TEST_STEP][PASSED] - click(findTestObject("Object Repository/micro staging/Page_Olay Holiday Program/button_SUBMIT (7)")): Object: 'Object Repository/micro staging/Page_Olay Holiday Program/button_SUBMIT (7)' is clicked on

2021-12-17 15:26:46 - [MESSAGE][PASSED] - Object: 'Object Repository/micro staging/Page_Olay Holiday Program/button_SUBMIT (7)' is clicked on]]></system-out>
         <system-err><![CDATA[]]></system-err>
      </testcase>
      <testcase name="Test Cases/microsite staging/Login/Tc-2" time="12.933" classname="Test Cases/microsite staging/Login/Tc-2" status="PASSED">
         <system-out><![CDATA[2021-12-17 15:26:46 - [TEST_CASE][PASSED] - Test Cases/microsite staging/Login/Tc-2: Test Cases/microsite staging/Login/Tc-2

2021-12-17 15:26:46 - [TEST_STEP][PASSED] - callTestCase(findTestCase("microsite staging/Open browser/Tc2-Login"), [:], STOP_ON_FAILURE): Call Test Case 'Test Cases/microsite staging/Open browser/Tc2-Login' successfully

2021-12-17 15:26:46 - [TEST_CASE][PASSED] - Test Cases/microsite staging/Open browser/Tc2-Login: Test Cases/microsite staging/Open browser/Tc2-Login

2021-12-17 15:26:46 - [TEST_STEP][PASSED] - callTestCase(findTestCase("microsite staging/Open browser/Tc-1"), [:], STOP_ON_FAILURE): Call Test Case 'Test Cases/microsite staging/Open browser/Tc-1' successfully

2021-12-17 15:26:46 - [TEST_CASE][PASSED] - Test Cases/microsite staging/Open browser/Tc-1: Test Cases/microsite staging/Open browser/Tc-1

2021-12-17 15:26:46 - [TEST_STEP][PASSED] - openBrowser(""): Browser is opened with url: ''

2021-12-17 15:26:46 - [MESSAGE][WARNING] - A browser is already opened. Closing browser and opening a new one

2021-12-17 15:26:47 - [MESSAGE][INFO] - Starting 'Chrome' driver

2021-12-17 15:26:47 - [MESSAGE][INFO] - Action delay is set to 0 milliseconds

2021-12-17 15:26:47 - [MESSAGE][PASSED] - Browser is opened with url: ''

2021-12-17 15:26:47 - [TEST_STEP][PASSED] - navigateToUrl(urlstaging): Navigate to 'https://holidayolay.3tlstaging.com/login' successfully

2021-12-17 15:26:56 - [MESSAGE][PASSED] - Navigate to 'https://holidayolay.3tlstaging.com/login' successfully

2021-12-17 15:26:56 - [TEST_STEP][PASSED] - CurrentUrL = getUrl(): Current window's url is: 'https://holidayolay.3tlstaging.com/login'

2021-12-17 15:26:56 - [MESSAGE][PASSED] - Current window's url is: 'https://holidayolay.3tlstaging.com/login'

2021-12-17 15:26:56 - [TEST_STEP][PASSED] - verifyMatch(CurrentUrL, urlstaging, true): Actual text 'https://holidayolay.3tlstaging.com/login' and expected text 'https://holidayolay.3tlstaging.com/login' are matched  using regular expression

2021-12-17 15:26:56 - [MESSAGE][PASSED] - Actual text 'https://holidayolay.3tlstaging.com/login' and expected text 'https://holidayolay.3tlstaging.com/login' are matched  using regular expression

2021-12-17 15:26:56 - [TEST_STEP][PASSED] - maximizeWindow(): Current window maximized

2021-12-17 15:26:56 - [MESSAGE][PASSED] - Current window maximized

2021-12-17 15:26:56 - [MESSAGE][PASSED] - Call Test Case 'Test Cases/microsite staging/Open browser/Tc-1' successfully

2021-12-17 15:26:56 - [TEST_STEP][PASSED] - verifyElementText(findTestObject("Object Repository/assert/Page_Olay Holiday Program/div_Username"), "Username"): Actual text and expected text of test object 'Object Repository/assert/Page_Olay Holiday Program/div_Username' are matched.

2021-12-17 15:26:56 - [MESSAGE][PASSED] - Actual text and expected text of test object 'Object Repository/assert/Page_Olay Holiday Program/div_Username' are matched.

2021-12-17 15:26:56 - [TEST_STEP][PASSED] - verifyElementText(findTestObject("Object Repository/assert/Page_Olay Holiday Program/div_Password"), "Password"): Actual text and expected text of test object 'Object Repository/assert/Page_Olay Holiday Program/div_Password' are matched.

2021-12-17 15:26:57 - [MESSAGE][PASSED] - Actual text and expected text of test object 'Object Repository/assert/Page_Olay Holiday Program/div_Password' are matched.

2021-12-17 15:26:57 - [TEST_STEP][PASSED] - sendKeys(findTestObject("Object Repository/micro staging/Page_Olay Holiday Program/input_Please Enter you Credentials_mat-input-0"), LoginUsername): Keys 'pg_olayholiday' sent to object: 'Object Repository/micro staging/Page_Olay Holiday Program/input_Please Enter you Credentials_mat-input-0'

2021-12-17 15:26:57 - [MESSAGE][PASSED] - Keys 'pg_olayholiday' sent to object: 'Object Repository/micro staging/Page_Olay Holiday Program/input_Please Enter you Credentials_mat-input-0'

2021-12-17 15:26:57 - [TEST_STEP][NOT_RUN] - click(findTestObject("Object Repository/micro staging/Page_Olay Holiday Program/div_Password")): NOT_RUN: click(findTestObject("Object Repository/micro staging/Page_Olay Holiday Program/div_Password"))

2021-12-17 15:26:57 - [MESSAGE][NOT_RUN] - NOT_RUN: click(findTestObject("Object Repository/micro staging/Page_Olay Holiday Program/div_Password"))

2021-12-17 15:26:57 - [TEST_STEP][PASSED] - sendKeys(findTestObject("Object Repository/micro staging/Page_Olay Holiday Program/input_Username_mat-input-1"), Loginpswd): Keys '1q2w3e4r!@#' sent to object: 'Object Repository/micro staging/Page_Olay Holiday Program/input_Username_mat-input-1'

2021-12-17 15:26:57 - [MESSAGE][PASSED] - Keys '1q2w3e4r!@#' sent to object: 'Object Repository/micro staging/Page_Olay Holiday Program/input_Username_mat-input-1'

2021-12-17 15:26:57 - [TEST_STEP][PASSED] - click(findTestObject("Object Repository/micro staging/Page_Olay Holiday Program/button_Submit")): Object: 'Object Repository/micro staging/Page_Olay Holiday Program/button_Submit' is clicked on

2021-12-17 15:26:58 - [MESSAGE][PASSED] - Object: 'Object Repository/micro staging/Page_Olay Holiday Program/button_Submit' is clicked on

2021-12-17 15:26:58 - [MESSAGE][PASSED] - Call Test Case 'Test Cases/microsite staging/Open browser/Tc2-Login' successfully

2021-12-17 15:26:58 - [TEST_STEP][PASSED] - click(findTestObject("Object Repository/micro staging/Page_Olay Holiday Program/button_SUBMIT (10)")): Object: 'Object Repository/micro staging/Page_Olay Holiday Program/button_SUBMIT (10)' is clicked on

2021-12-17 15:26:58 - [MESSAGE][PASSED] - Object: 'Object Repository/micro staging/Page_Olay Holiday Program/button_SUBMIT (10)' is clicked on

2021-12-17 15:26:58 - [TEST_STEP][PASSED] - verifyTextPresent("Email is required", true): Text 'Email is required' is present on page  using regular expression

2021-12-17 15:26:59 - [MESSAGE][PASSED] - Text 'Email is required' is present on page  using regular expression

2021-12-17 15:26:59 - [TEST_STEP][PASSED] - verifyTextPresent("Password is required", true): Text 'Password is required' is present on page  using regular expression

2021-12-17 15:26:59 - [MESSAGE][PASSED] - Text 'Password is required' is present on page  using regular expression]]></system-out>
         <system-err><![CDATA[]]></system-err>
      </testcase>
      <testcase name="Test Cases/microsite staging/Login/Tc-3" time="17.341" classname="Test Cases/microsite staging/Login/Tc-3" status="PASSED">
         <system-out><![CDATA[2021-12-17 15:26:59 - [TEST_CASE][PASSED] - Test Cases/microsite staging/Login/Tc-3: Test Cases/microsite staging/Login/Tc-3

2021-12-17 15:26:59 - [TEST_STEP][PASSED] - callTestCase(findTestCase("microsite staging/Open browser/Tc2-Login"), [:], STOP_ON_FAILURE): Call Test Case 'Test Cases/microsite staging/Open browser/Tc2-Login' successfully

2021-12-17 15:26:59 - [TEST_CASE][PASSED] - Test Cases/microsite staging/Open browser/Tc2-Login: Test Cases/microsite staging/Open browser/Tc2-Login

2021-12-17 15:26:59 - [TEST_STEP][PASSED] - callTestCase(findTestCase("microsite staging/Open browser/Tc-1"), [:], STOP_ON_FAILURE): Call Test Case 'Test Cases/microsite staging/Open browser/Tc-1' successfully

2021-12-17 15:26:59 - [TEST_CASE][PASSED] - Test Cases/microsite staging/Open browser/Tc-1: Test Cases/microsite staging/Open browser/Tc-1

2021-12-17 15:26:59 - [TEST_STEP][PASSED] - openBrowser(""): Browser is opened with url: ''

2021-12-17 15:26:59 - [MESSAGE][WARNING] - A browser is already opened. Closing browser and opening a new one

2021-12-17 15:26:59 - [MESSAGE][INFO] - Starting 'Chrome' driver

2021-12-17 15:26:59 - [MESSAGE][INFO] - Action delay is set to 0 milliseconds

2021-12-17 15:27:00 - [MESSAGE][PASSED] - Browser is opened with url: ''

2021-12-17 15:27:00 - [TEST_STEP][PASSED] - navigateToUrl(urlstaging): Navigate to 'https://holidayolay.3tlstaging.com/login' successfully

2021-12-17 15:27:13 - [MESSAGE][PASSED] - Navigate to 'https://holidayolay.3tlstaging.com/login' successfully

2021-12-17 15:27:13 - [TEST_STEP][PASSED] - CurrentUrL = getUrl(): Current window's url is: 'https://holidayolay.3tlstaging.com/login'

2021-12-17 15:27:13 - [MESSAGE][PASSED] - Current window's url is: 'https://holidayolay.3tlstaging.com/login'

2021-12-17 15:27:13 - [TEST_STEP][PASSED] - verifyMatch(CurrentUrL, urlstaging, true): Actual text 'https://holidayolay.3tlstaging.com/login' and expected text 'https://holidayolay.3tlstaging.com/login' are matched  using regular expression

2021-12-17 15:27:13 - [MESSAGE][PASSED] - Actual text 'https://holidayolay.3tlstaging.com/login' and expected text 'https://holidayolay.3tlstaging.com/login' are matched  using regular expression

2021-12-17 15:27:13 - [TEST_STEP][PASSED] - maximizeWindow(): Current window maximized

2021-12-17 15:27:13 - [MESSAGE][PASSED] - Current window maximized

2021-12-17 15:27:13 - [MESSAGE][PASSED] - Call Test Case 'Test Cases/microsite staging/Open browser/Tc-1' successfully

2021-12-17 15:27:13 - [TEST_STEP][PASSED] - verifyElementText(findTestObject("Object Repository/assert/Page_Olay Holiday Program/div_Username"), "Username"): Actual text and expected text of test object 'Object Repository/assert/Page_Olay Holiday Program/div_Username' are matched.

2021-12-17 15:27:13 - [MESSAGE][PASSED] - Actual text and expected text of test object 'Object Repository/assert/Page_Olay Holiday Program/div_Username' are matched.

2021-12-17 15:27:13 - [TEST_STEP][PASSED] - verifyElementText(findTestObject("Object Repository/assert/Page_Olay Holiday Program/div_Password"), "Password"): Actual text and expected text of test object 'Object Repository/assert/Page_Olay Holiday Program/div_Password' are matched.

2021-12-17 15:27:13 - [MESSAGE][PASSED] - Actual text and expected text of test object 'Object Repository/assert/Page_Olay Holiday Program/div_Password' are matched.

2021-12-17 15:27:13 - [TEST_STEP][PASSED] - sendKeys(findTestObject("Object Repository/micro staging/Page_Olay Holiday Program/input_Please Enter you Credentials_mat-input-0"), LoginUsername): Keys 'pg_olayholiday' sent to object: 'Object Repository/micro staging/Page_Olay Holiday Program/input_Please Enter you Credentials_mat-input-0'

2021-12-17 15:27:14 - [MESSAGE][PASSED] - Keys 'pg_olayholiday' sent to object: 'Object Repository/micro staging/Page_Olay Holiday Program/input_Please Enter you Credentials_mat-input-0'

2021-12-17 15:27:14 - [TEST_STEP][NOT_RUN] - click(findTestObject("Object Repository/micro staging/Page_Olay Holiday Program/div_Password")): NOT_RUN: click(findTestObject("Object Repository/micro staging/Page_Olay Holiday Program/div_Password"))

2021-12-17 15:27:14 - [MESSAGE][NOT_RUN] - NOT_RUN: click(findTestObject("Object Repository/micro staging/Page_Olay Holiday Program/div_Password"))

2021-12-17 15:27:14 - [TEST_STEP][PASSED] - sendKeys(findTestObject("Object Repository/micro staging/Page_Olay Holiday Program/input_Username_mat-input-1"), Loginpswd): Keys '1q2w3e4r!@#' sent to object: 'Object Repository/micro staging/Page_Olay Holiday Program/input_Username_mat-input-1'

2021-12-17 15:27:14 - [MESSAGE][PASSED] - Keys '1q2w3e4r!@#' sent to object: 'Object Repository/micro staging/Page_Olay Holiday Program/input_Username_mat-input-1'

2021-12-17 15:27:14 - [TEST_STEP][PASSED] - click(findTestObject("Object Repository/micro staging/Page_Olay Holiday Program/button_Submit")): Object: 'Object Repository/micro staging/Page_Olay Holiday Program/button_Submit' is clicked on

2021-12-17 15:27:14 - [MESSAGE][PASSED] - Object: 'Object Repository/micro staging/Page_Olay Holiday Program/button_Submit' is clicked on

2021-12-17 15:27:14 - [MESSAGE][PASSED] - Call Test Case 'Test Cases/microsite staging/Open browser/Tc2-Login' successfully

2021-12-17 15:27:14 - [TEST_STEP][PASSED] - setText(findTestObject("Object Repository/micro staging/Page_Olay Holiday Program/input_WELCOME_mat-input-2"), "asdfghjgfdsdj2334@hjfdksdjfdks)(*()"): Text 'asdfghjgfdsdj2334@hjfdksdjfdks)(*()' is set on object 'Object Repository/micro staging/Page_Olay Holiday Program/input_WELCOME_mat-input-2'

2021-12-17 15:27:15 - [MESSAGE][PASSED] - Text 'asdfghjgfdsdj2334@hjfdksdjfdks)(*()' is set on object 'Object Repository/micro staging/Page_Olay Holiday Program/input_WELCOME_mat-input-2'

2021-12-17 15:27:15 - [TEST_STEP][PASSED] - setEncryptedText(findTestObject("Object Repository/micro staging/Page_Olay Holiday Program/input_Please enter a valid email address_ma_e31672"), "kwgy5fRXfBGnwwxnyAqiaw=="): Text ****** has been set on object 'Object Repository/micro staging/Page_Olay Holiday Program/input_Please enter a valid email address_ma_e31672'

2021-12-17 15:27:16 - [MESSAGE][PASSED] - Text ****** has been set on object 'Object Repository/micro staging/Page_Olay Holiday Program/input_Please enter a valid email address_ma_e31672'

2021-12-17 15:27:16 - [TEST_STEP][PASSED] - click(findTestObject("Object Repository/micro staging/Page_Olay Holiday Program/button_SUBMIT (11)")): Object: 'Object Repository/micro staging/Page_Olay Holiday Program/button_SUBMIT (11)' is clicked on

2021-12-17 15:27:16 - [MESSAGE][PASSED] - Object: 'Object Repository/micro staging/Page_Olay Holiday Program/button_SUBMIT (11)' is clicked on

2021-12-17 15:27:16 - [TEST_STEP][PASSED] - verifyTextPresent("Please enter a valid email address", true): Text 'Please enter a valid email address' is present on page  using regular expression

2021-12-17 15:27:16 - [MESSAGE][PASSED] - Text 'Please enter a valid email address' is present on page  using regular expression]]></system-out>
         <system-err><![CDATA[]]></system-err>
      </testcase>
      <testcase name="Test Cases/microsite staging/Login/Tc-4" time="45.919" classname="Test Cases/microsite staging/Login/Tc-4" status="PASSED">
         <system-out><![CDATA[2021-12-17 15:27:16 - [TEST_CASE][PASSED] - Test Cases/microsite staging/Login/Tc-4: Test Cases/microsite staging/Login/Tc-4

2021-12-17 15:27:17 - [TEST_STEP][PASSED] - callTestCase(findTestCase("microsite staging/Open browser/Tc2-Login"), [:], STOP_ON_FAILURE): Call Test Case 'Test Cases/microsite staging/Open browser/Tc2-Login' successfully

2021-12-17 15:27:17 - [TEST_CASE][PASSED] - Test Cases/microsite staging/Open browser/Tc2-Login: Test Cases/microsite staging/Open browser/Tc2-Login

2021-12-17 15:27:17 - [TEST_STEP][PASSED] - callTestCase(findTestCase("microsite staging/Open browser/Tc-1"), [:], STOP_ON_FAILURE): Call Test Case 'Test Cases/microsite staging/Open browser/Tc-1' successfully

2021-12-17 15:27:17 - [TEST_CASE][PASSED] - Test Cases/microsite staging/Open browser/Tc-1: Test Cases/microsite staging/Open browser/Tc-1

2021-12-17 15:27:17 - [TEST_STEP][PASSED] - openBrowser(""): Browser is opened with url: ''

2021-12-17 15:27:17 - [MESSAGE][WARNING] - A browser is already opened. Closing browser and opening a new one

2021-12-17 15:27:17 - [MESSAGE][INFO] - Starting 'Chrome' driver

2021-12-17 15:27:17 - [MESSAGE][INFO] - Action delay is set to 0 milliseconds

2021-12-17 15:27:17 - [MESSAGE][PASSED] - Browser is opened with url: ''

2021-12-17 15:27:17 - [TEST_STEP][PASSED] - navigateToUrl(urlstaging): Navigate to 'https://holidayolay.3tlstaging.com/login' successfully

2021-12-17 15:27:27 - [MESSAGE][PASSED] - Navigate to 'https://holidayolay.3tlstaging.com/login' successfully

2021-12-17 15:27:27 - [TEST_STEP][PASSED] - CurrentUrL = getUrl(): Current window's url is: 'https://holidayolay.3tlstaging.com/login'

2021-12-17 15:27:27 - [MESSAGE][PASSED] - Current window's url is: 'https://holidayolay.3tlstaging.com/login'

2021-12-17 15:27:27 - [TEST_STEP][PASSED] - verifyMatch(CurrentUrL, urlstaging, true): Actual text 'https://holidayolay.3tlstaging.com/login' and expected text 'https://holidayolay.3tlstaging.com/login' are matched  using regular expression

2021-12-17 15:27:27 - [MESSAGE][PASSED] - Actual text 'https://holidayolay.3tlstaging.com/login' and expected text 'https://holidayolay.3tlstaging.com/login' are matched  using regular expression

2021-12-17 15:27:27 - [TEST_STEP][PASSED] - maximizeWindow(): Current window maximized

2021-12-17 15:27:27 - [MESSAGE][PASSED] - Current window maximized

2021-12-17 15:27:27 - [MESSAGE][PASSED] - Call Test Case 'Test Cases/microsite staging/Open browser/Tc-1' successfully

2021-12-17 15:27:27 - [TEST_STEP][PASSED] - verifyElementText(findTestObject("Object Repository/assert/Page_Olay Holiday Program/div_Username"), "Username"): Actual text and expected text of test object 'Object Repository/assert/Page_Olay Holiday Program/div_Username' are matched.

2021-12-17 15:27:27 - [MESSAGE][PASSED] - Actual text and expected text of test object 'Object Repository/assert/Page_Olay Holiday Program/div_Username' are matched.

2021-12-17 15:27:27 - [TEST_STEP][PASSED] - verifyElementText(findTestObject("Object Repository/assert/Page_Olay Holiday Program/div_Password"), "Password"): Actual text and expected text of test object 'Object Repository/assert/Page_Olay Holiday Program/div_Password' are matched.

2021-12-17 15:27:27 - [MESSAGE][PASSED] - Actual text and expected text of test object 'Object Repository/assert/Page_Olay Holiday Program/div_Password' are matched.

2021-12-17 15:27:27 - [TEST_STEP][PASSED] - sendKeys(findTestObject("Object Repository/micro staging/Page_Olay Holiday Program/input_Please Enter you Credentials_mat-input-0"), LoginUsername): Keys 'pg_olayholiday' sent to object: 'Object Repository/micro staging/Page_Olay Holiday Program/input_Please Enter you Credentials_mat-input-0'

2021-12-17 15:27:28 - [MESSAGE][PASSED] - Keys 'pg_olayholiday' sent to object: 'Object Repository/micro staging/Page_Olay Holiday Program/input_Please Enter you Credentials_mat-input-0'

2021-12-17 15:27:28 - [TEST_STEP][NOT_RUN] - click(findTestObject("Object Repository/micro staging/Page_Olay Holiday Program/div_Password")): NOT_RUN: click(findTestObject("Object Repository/micro staging/Page_Olay Holiday Program/div_Password"))

2021-12-17 15:27:28 - [MESSAGE][NOT_RUN] - NOT_RUN: click(findTestObject("Object Repository/micro staging/Page_Olay Holiday Program/div_Password"))

2021-12-17 15:27:28 - [TEST_STEP][PASSED] - sendKeys(findTestObject("Object Repository/micro staging/Page_Olay Holiday Program/input_Username_mat-input-1"), Loginpswd): Keys '1q2w3e4r!@#' sent to object: 'Object Repository/micro staging/Page_Olay Holiday Program/input_Username_mat-input-1'

2021-12-17 15:27:28 - [MESSAGE][PASSED] - Keys '1q2w3e4r!@#' sent to object: 'Object Repository/micro staging/Page_Olay Holiday Program/input_Username_mat-input-1'

2021-12-17 15:27:28 - [TEST_STEP][PASSED] - click(findTestObject("Object Repository/micro staging/Page_Olay Holiday Program/button_Submit")): Object: 'Object Repository/micro staging/Page_Olay Holiday Program/button_Submit' is clicked on

2021-12-17 15:27:28 - [MESSAGE][PASSED] - Object: 'Object Repository/micro staging/Page_Olay Holiday Program/button_Submit' is clicked on

2021-12-17 15:27:28 - [MESSAGE][PASSED] - Call Test Case 'Test Cases/microsite staging/Open browser/Tc2-Login' successfully

2021-12-17 15:27:28 - [TEST_STEP][PASSED] - click(findTestObject("Object Repository/micro staging/Page_Olay Holiday Program/div_Email")): Object: 'Object Repository/micro staging/Page_Olay Holiday Program/div_Email' is clicked on

2021-12-17 15:27:59 - [MESSAGE][INFO] - Unable to find the element located by 'By.xpath: (.//*[normalize-space(text()) and normalize-space(.)='*'])[2]/following::div[15]'. Please recheck the objects properties to make sure the desired element is located. 

2021-12-17 15:27:59 - [MESSAGE][WARNING] - [SELF-HEALING] Failed to find element with id 'Object Repository/micro staging/Page_Olay Holiday Program/div_Email'. Try using Self-healing.

2021-12-17 15:28:00 - [MESSAGE][WARNING] - [SELF-HEALING] The current locator of test object 'Object Repository/micro staging/Page_Olay Holiday Program/div_Email' was broken. Propose an alternative one: '(.//*[normalize-space(text()) and normalize-space(.)='WELCOME'])[1]/following::div[12]'.

2021-12-17 15:28:00 - [MESSAGE][PASSED] - Object: 'Object Repository/micro staging/Page_Olay Holiday Program/div_Email' is clicked on

2021-12-17 15:28:00 - [TEST_STEP][PASSED] - setText(findTestObject("Object Repository/micro staging/Page_Olay Holiday Program/input_WELCOME_mat-input-2"), "akki2323@yopmail.com"): Text 'akki2323@yopmail.com' is set on object 'Object Repository/micro staging/Page_Olay Holiday Program/input_WELCOME_mat-input-2'

2021-12-17 15:28:00 - [MESSAGE][PASSED] - Text 'akki2323@yopmail.com' is set on object 'Object Repository/micro staging/Page_Olay Holiday Program/input_WELCOME_mat-input-2'

2021-12-17 15:28:00 - [TEST_STEP][PASSED] - setEncryptedText(findTestObject("Object Repository/micro staging/Page_Olay Holiday Program/input__mat-input-3"), "cvW8qx4B2o3F4VwP/kNsqA=="): Text ****** has been set on object 'Object Repository/micro staging/Page_Olay Holiday Program/input__mat-input-3'

2021-12-17 15:28:01 - [MESSAGE][PASSED] - Text ****** has been set on object 'Object Repository/micro staging/Page_Olay Holiday Program/input__mat-input-3'

2021-12-17 15:28:01 - [TEST_STEP][PASSED] - click(findTestObject("Object Repository/micro staging/Page_Olay Holiday Program/button_SUBMIT (12)")): Object: 'Object Repository/micro staging/Page_Olay Holiday Program/button_SUBMIT (12)' is clicked on

2021-12-17 15:28:01 - [MESSAGE][PASSED] - Object: 'Object Repository/micro staging/Page_Olay Holiday Program/button_SUBMIT (12)' is clicked on

2021-12-17 15:28:01 - [TEST_STEP][PASSED] - verifyElementText(findTestObject("Object Repository/micro staging/Page_Olay Holiday Program/div_Invalid Credentials"), "Invalid Credentials"): Actual text and expected text of test object 'Object Repository/micro staging/Page_Olay Holiday Program/div_Invalid Credentials' are matched.

2021-12-17 15:28:02 - [MESSAGE][PASSED] - Actual text and expected text of test object 'Object Repository/micro staging/Page_Olay Holiday Program/div_Invalid Credentials' are matched.]]></system-out>
         <system-err><![CDATA[]]></system-err>
      </testcase>
      <testcase name="Test Cases/microsite staging/Registration/Tc-1" time="92.441" classname="Test Cases/microsite staging/Registration/Tc-1" status="PASSED">
         <system-out><![CDATA[2021-12-17 15:28:02 - [TEST_CASE][PASSED] - Test Cases/microsite staging/Registration/Tc-1: Test Cases/microsite staging/Registration/Tc-1

2021-12-17 15:28:02 - [TEST_STEP][PASSED] - callTestCase(findTestCase("microsite staging/Open browser/Tc2-Login"), [:], STOP_ON_FAILURE): Call Test Case 'Test Cases/microsite staging/Open browser/Tc2-Login' successfully

2021-12-17 15:28:03 - [TEST_CASE][PASSED] - Test Cases/microsite staging/Open browser/Tc2-Login: Test Cases/microsite staging/Open browser/Tc2-Login

2021-12-17 15:28:03 - [TEST_STEP][PASSED] - callTestCase(findTestCase("microsite staging/Open browser/Tc-1"), [:], STOP_ON_FAILURE): Call Test Case 'Test Cases/microsite staging/Open browser/Tc-1' successfully

2021-12-17 15:28:03 - [TEST_CASE][PASSED] - Test Cases/microsite staging/Open browser/Tc-1: Test Cases/microsite staging/Open browser/Tc-1

2021-12-17 15:28:03 - [TEST_STEP][PASSED] - openBrowser(""): Browser is opened with url: ''

2021-12-17 15:28:03 - [MESSAGE][WARNING] - A browser is already opened. Closing browser and opening a new one

2021-12-17 15:28:03 - [MESSAGE][INFO] - Starting 'Chrome' driver

2021-12-17 15:28:03 - [MESSAGE][INFO] - Action delay is set to 0 milliseconds

2021-12-17 15:28:03 - [MESSAGE][PASSED] - Browser is opened with url: ''

2021-12-17 15:28:03 - [TEST_STEP][PASSED] - navigateToUrl(urlstaging): Navigate to 'https://holidayolay.3tlstaging.com/login' successfully

2021-12-17 15:28:10 - [MESSAGE][PASSED] - Navigate to 'https://holidayolay.3tlstaging.com/login' successfully

2021-12-17 15:28:10 - [TEST_STEP][PASSED] - CurrentUrL = getUrl(): Current window's url is: 'https://holidayolay.3tlstaging.com/login'

2021-12-17 15:28:10 - [MESSAGE][PASSED] - Current window's url is: 'https://holidayolay.3tlstaging.com/login'

2021-12-17 15:28:10 - [TEST_STEP][PASSED] - verifyMatch(CurrentUrL, urlstaging, true): Actual text 'https://holidayolay.3tlstaging.com/login' and expected text 'https://holidayolay.3tlstaging.com/login' are matched  using regular expression

2021-12-17 15:28:10 - [MESSAGE][PASSED] - Actual text 'https://holidayolay.3tlstaging.com/login' and expected text 'https://holidayolay.3tlstaging.com/login' are matched  using regular expression

2021-12-17 15:28:10 - [TEST_STEP][PASSED] - maximizeWindow(): Current window maximized

2021-12-17 15:28:10 - [MESSAGE][PASSED] - Current window maximized

2021-12-17 15:28:10 - [MESSAGE][PASSED] - Call Test Case 'Test Cases/microsite staging/Open browser/Tc-1' successfully

2021-12-17 15:28:10 - [TEST_STEP][PASSED] - verifyElementText(findTestObject("Object Repository/assert/Page_Olay Holiday Program/div_Username"), "Username"): Actual text and expected text of test object 'Object Repository/assert/Page_Olay Holiday Program/div_Username' are matched.

2021-12-17 15:28:10 - [MESSAGE][PASSED] - Actual text and expected text of test object 'Object Repository/assert/Page_Olay Holiday Program/div_Username' are matched.

2021-12-17 15:28:10 - [TEST_STEP][PASSED] - verifyElementText(findTestObject("Object Repository/assert/Page_Olay Holiday Program/div_Password"), "Password"): Actual text and expected text of test object 'Object Repository/assert/Page_Olay Holiday Program/div_Password' are matched.

2021-12-17 15:28:10 - [MESSAGE][PASSED] - Actual text and expected text of test object 'Object Repository/assert/Page_Olay Holiday Program/div_Password' are matched.

2021-12-17 15:28:10 - [TEST_STEP][PASSED] - sendKeys(findTestObject("Object Repository/micro staging/Page_Olay Holiday Program/input_Please Enter you Credentials_mat-input-0"), LoginUsername): Keys 'pg_olayholiday' sent to object: 'Object Repository/micro staging/Page_Olay Holiday Program/input_Please Enter you Credentials_mat-input-0'

2021-12-17 15:28:11 - [MESSAGE][PASSED] - Keys 'pg_olayholiday' sent to object: 'Object Repository/micro staging/Page_Olay Holiday Program/input_Please Enter you Credentials_mat-input-0'

2021-12-17 15:28:11 - [TEST_STEP][NOT_RUN] - click(findTestObject("Object Repository/micro staging/Page_Olay Holiday Program/div_Password")): NOT_RUN: click(findTestObject("Object Repository/micro staging/Page_Olay Holiday Program/div_Password"))

2021-12-17 15:28:11 - [MESSAGE][NOT_RUN] - NOT_RUN: click(findTestObject("Object Repository/micro staging/Page_Olay Holiday Program/div_Password"))

2021-12-17 15:28:11 - [TEST_STEP][PASSED] - sendKeys(findTestObject("Object Repository/micro staging/Page_Olay Holiday Program/input_Username_mat-input-1"), Loginpswd): Keys '1q2w3e4r!@#' sent to object: 'Object Repository/micro staging/Page_Olay Holiday Program/input_Username_mat-input-1'

2021-12-17 15:28:11 - [MESSAGE][PASSED] - Keys '1q2w3e4r!@#' sent to object: 'Object Repository/micro staging/Page_Olay Holiday Program/input_Username_mat-input-1'

2021-12-17 15:28:11 - [TEST_STEP][PASSED] - click(findTestObject("Object Repository/micro staging/Page_Olay Holiday Program/button_Submit")): Object: 'Object Repository/micro staging/Page_Olay Holiday Program/button_Submit' is clicked on

2021-12-17 15:28:11 - [MESSAGE][PASSED] - Object: 'Object Repository/micro staging/Page_Olay Holiday Program/button_Submit' is clicked on

2021-12-17 15:28:11 - [MESSAGE][PASSED] - Call Test Case 'Test Cases/microsite staging/Open browser/Tc2-Login' successfully

2021-12-17 15:28:11 - [TEST_STEP][PASSED] - click(findTestObject("Object Repository/micro staging/Page_Olay Holiday Program/a_Not registered yet Click here to start yo_c35e26")): Object: 'Object Repository/micro staging/Page_Olay Holiday Program/a_Not registered yet Click here to start yo_c35e26' is clicked on

2021-12-17 15:28:12 - [MESSAGE][PASSED] - Object: 'Object Repository/micro staging/Page_Olay Holiday Program/a_Not registered yet Click here to start yo_c35e26' is clicked on

2021-12-17 15:28:12 - [TEST_STEP][PASSED] - sendKeys(findTestObject("Object Repository/micro staging/Page_Olay Holiday Program/input_REGISTER_mat-input-4"), "Testing"): Keys 'Testing' sent to object: 'Object Repository/micro staging/Page_Olay Holiday Program/input_REGISTER_mat-input-4'

2021-12-17 15:28:13 - [MESSAGE][PASSED] - Keys 'Testing' sent to object: 'Object Repository/micro staging/Page_Olay Holiday Program/input_REGISTER_mat-input-4'

2021-12-17 15:28:13 - [TEST_STEP][PASSED] - sendKeys(findTestObject("Object Repository/micro staging/Page_Olay Holiday Program/input__mat-input-5"), "Testing"): Keys 'Testing' sent to object: 'Object Repository/micro staging/Page_Olay Holiday Program/input__mat-input-5'

2021-12-17 15:28:14 - [MESSAGE][PASSED] - Keys 'Testing' sent to object: 'Object Repository/micro staging/Page_Olay Holiday Program/input__mat-input-5'

2021-12-17 15:28:14 - [TEST_STEP][PASSED] - sendKeys(findTestObject("Object Repository/micro staging/Page_Olay Holiday Program/input__mat-input-6"), "testing3145@yopmail.com"): Keys 'testing3145@yopmail.com' sent to object: 'Object Repository/micro staging/Page_Olay Holiday Program/input__mat-input-6'

2021-12-17 15:28:14 - [MESSAGE][PASSED] - Keys 'testing3145@yopmail.com' sent to object: 'Object Repository/micro staging/Page_Olay Holiday Program/input__mat-input-6'

2021-12-17 15:28:14 - [TEST_STEP][PASSED] - sendKeys(findTestObject("Object Repository/micro staging/Page_Olay Holiday Program/input__mat-input-7"), "testing3145@yopmail.com"): Keys 'testing3145@yopmail.com' sent to object: 'Object Repository/micro staging/Page_Olay Holiday Program/input__mat-input-7'

2021-12-17 15:28:14 - [MESSAGE][PASSED] - Keys 'testing3145@yopmail.com' sent to object: 'Object Repository/micro staging/Page_Olay Holiday Program/input__mat-input-7'

2021-12-17 15:28:14 - [TEST_STEP][PASSED] - click(findTestObject("Object Repository/micro staging/Page_Olay Holiday Program/div_Password")): Object: 'Object Repository/micro staging/Page_Olay Holiday Program/div_Password' is clicked on

2021-12-17 15:28:45 - [MESSAGE][INFO] - Unable to find the element located by 'By.xpath: //mat-dialog-container[@id='mat-dialog-0']/app-site-access/div/form/mat-form-field[2]/div/div/div[3]'. Please recheck the objects properties to make sure the desired element is located. 

2021-12-17 15:28:45 - [MESSAGE][WARNING] - [SELF-HEALING] Failed to find element with id 'Object Repository/micro staging/Page_Olay Holiday Program/div_Password'. Try using Self-healing.

2021-12-17 15:28:46 - [MESSAGE][WARNING] - [SELF-HEALING] The current locator of test object 'Object Repository/micro staging/Page_Olay Holiday Program/div_Password' was broken. Propose an alternative one: '(.//*[normalize-space(text()) and normalize-space(.)='*'])[1]/following::div[14]'.

2021-12-17 15:28:46 - [MESSAGE][PASSED] - Object: 'Object Repository/micro staging/Page_Olay Holiday Program/div_Password' is clicked on

2021-12-17 15:28:46 - [TEST_STEP][PASSED] - sendKeys(findTestObject("Object Repository/micro staging/Page_Olay Holiday Program/input__mat-input-8"), "Test@123"): Keys 'Test@123' sent to object: 'Object Repository/micro staging/Page_Olay Holiday Program/input__mat-input-8'

2021-12-17 15:28:46 - [MESSAGE][PASSED] - Keys 'Test@123' sent to object: 'Object Repository/micro staging/Page_Olay Holiday Program/input__mat-input-8'

2021-12-17 15:28:46 - [TEST_STEP][PASSED] - sendKeys(findTestObject("Object Repository/micro staging/Page_Olay Holiday Program/input__mat-input-9"), "Test@123"): Keys 'Test@123' sent to object: 'Object Repository/micro staging/Page_Olay Holiday Program/input__mat-input-9'

2021-12-17 15:28:46 - [MESSAGE][PASSED] - Keys 'Test@123' sent to object: 'Object Repository/micro staging/Page_Olay Holiday Program/input__mat-input-9'

2021-12-17 15:28:46 - [TEST_STEP][PASSED] - click(findTestObject("Object Repository/micro staging/Page_Olay Holiday Program/div_help Address")): Object: 'Object Repository/micro staging/Page_Olay Holiday Program/div_help Address' is clicked on

2021-12-17 15:28:47 - [MESSAGE][PASSED] - Object: 'Object Repository/micro staging/Page_Olay Holiday Program/div_help Address' is clicked on

2021-12-17 15:28:47 - [TEST_STEP][PASSED] - sendKeys(findTestObject("Object Repository/micro staging/Page_Olay Holiday Program/input__address"), "9800 Fredericksburg Rd, San Antonio, TX 78288, USA"): Keys '9800 Fredericksburg Rd, San Antonio, TX 78288, USA' sent to object: 'Object Repository/micro staging/Page_Olay Holiday Program/input__address'

2021-12-17 15:28:47 - [MESSAGE][PASSED] - Keys '9800 Fredericksburg Rd, San Antonio, TX 78288, USA' sent to object: 'Object Repository/micro staging/Page_Olay Holiday Program/input__address'

2021-12-17 15:28:47 - [TEST_STEP][PASSED] - sendKeys(findTestObject("Object Repository/micro staging/Page_Olay Holiday Program/input__address"), Keys.chord(DOWN)): Keys 'DOWN + ' sent to object: 'Object Repository/micro staging/Page_Olay Holiday Program/input__address'

2021-12-17 15:28:49 - [MESSAGE][PASSED] - Keys 'DOWN + ' sent to object: 'Object Repository/micro staging/Page_Olay Holiday Program/input__address'

2021-12-17 15:28:49 - [TEST_STEP][PASSED] - sendKeys(findTestObject("Object Repository/micro staging/Page_Olay Holiday Program/input__address"), Keys.chord(ENTER)): Keys 'ENTER + ' sent to object: 'Object Repository/micro staging/Page_Olay Holiday Program/input__address'

2021-12-17 15:28:49 - [MESSAGE][PASSED] - Keys 'ENTER + ' sent to object: 'Object Repository/micro staging/Page_Olay Holiday Program/input__address'

2021-12-17 15:28:49 - [TEST_STEP][PASSED] - click(findTestObject("Object Repository/micro staging/Page_Olay Holiday Program/span__mat-checkbox-inner-container")): Object: 'Object Repository/micro staging/Page_Olay Holiday Program/span__mat-checkbox-inner-container' is clicked on

2021-12-17 15:28:49 - [MESSAGE][PASSED] - Object: 'Object Repository/micro staging/Page_Olay Holiday Program/span__mat-checkbox-inner-container' is clicked on

2021-12-17 15:28:49 - [TEST_STEP][PASSED] - delay(45): Delayed 45 second(s)

2021-12-17 15:29:34 - [MESSAGE][PASSED] - Delayed 45 second(s)

2021-12-17 15:29:34 - [TEST_STEP][PASSED] - click(findTestObject("Object Repository/micro staging/Page_Olay Holiday Program/button_SUBMIT (9)")): Object: 'Object Repository/micro staging/Page_Olay Holiday Program/button_SUBMIT (9)' is clicked on

2021-12-17 15:29:35 - [MESSAGE][PASSED] - Object: 'Object Repository/micro staging/Page_Olay Holiday Program/button_SUBMIT (9)' is clicked on]]></system-out>
         <system-err><![CDATA[]]></system-err>
      </testcase>
      <testcase name="Test Cases/microsite staging/Registration/tc-2" time="93.913" classname="Test Cases/microsite staging/Registration/tc-2" status="PASSED">
         <system-out><![CDATA[2021-12-17 15:29:35 - [TEST_CASE][PASSED] - Test Cases/microsite staging/Registration/tc-2: Test Cases/microsite staging/Registration/tc-2

2021-12-17 15:29:35 - [TEST_STEP][PASSED] - callTestCase(findTestCase("microsite staging/Open browser/Tc2-Login"), [:], STOP_ON_FAILURE): Call Test Case 'Test Cases/microsite staging/Open browser/Tc2-Login' successfully

2021-12-17 15:29:35 - [TEST_CASE][PASSED] - Test Cases/microsite staging/Open browser/Tc2-Login: Test Cases/microsite staging/Open browser/Tc2-Login

2021-12-17 15:29:35 - [TEST_STEP][PASSED] - callTestCase(findTestCase("microsite staging/Open browser/Tc-1"), [:], STOP_ON_FAILURE): Call Test Case 'Test Cases/microsite staging/Open browser/Tc-1' successfully

2021-12-17 15:29:35 - [TEST_CASE][PASSED] - Test Cases/microsite staging/Open browser/Tc-1: Test Cases/microsite staging/Open browser/Tc-1

2021-12-17 15:29:35 - [TEST_STEP][PASSED] - openBrowser(""): Browser is opened with url: ''

2021-12-17 15:29:35 - [MESSAGE][WARNING] - A browser is already opened. Closing browser and opening a new one

2021-12-17 15:29:35 - [MESSAGE][INFO] - Starting 'Chrome' driver

2021-12-17 15:29:35 - [MESSAGE][INFO] - Action delay is set to 0 milliseconds

2021-12-17 15:29:36 - [MESSAGE][PASSED] - Browser is opened with url: ''

2021-12-17 15:29:36 - [TEST_STEP][PASSED] - navigateToUrl(urlstaging): Navigate to 'https://holidayolay.3tlstaging.com/login' successfully

2021-12-17 15:29:43 - [MESSAGE][PASSED] - Navigate to 'https://holidayolay.3tlstaging.com/login' successfully

2021-12-17 15:29:43 - [TEST_STEP][PASSED] - CurrentUrL = getUrl(): Current window's url is: 'https://holidayolay.3tlstaging.com/login'

2021-12-17 15:29:43 - [MESSAGE][PASSED] - Current window's url is: 'https://holidayolay.3tlstaging.com/login'

2021-12-17 15:29:43 - [TEST_STEP][PASSED] - verifyMatch(CurrentUrL, urlstaging, true): Actual text 'https://holidayolay.3tlstaging.com/login' and expected text 'https://holidayolay.3tlstaging.com/login' are matched  using regular expression

2021-12-17 15:29:43 - [MESSAGE][PASSED] - Actual text 'https://holidayolay.3tlstaging.com/login' and expected text 'https://holidayolay.3tlstaging.com/login' are matched  using regular expression

2021-12-17 15:29:43 - [TEST_STEP][PASSED] - maximizeWindow(): Current window maximized

2021-12-17 15:29:44 - [MESSAGE][PASSED] - Current window maximized

2021-12-17 15:29:44 - [MESSAGE][PASSED] - Call Test Case 'Test Cases/microsite staging/Open browser/Tc-1' successfully

2021-12-17 15:29:44 - [TEST_STEP][PASSED] - verifyElementText(findTestObject("Object Repository/assert/Page_Olay Holiday Program/div_Username"), "Username"): Actual text and expected text of test object 'Object Repository/assert/Page_Olay Holiday Program/div_Username' are matched.

2021-12-17 15:29:44 - [MESSAGE][PASSED] - Actual text and expected text of test object 'Object Repository/assert/Page_Olay Holiday Program/div_Username' are matched.

2021-12-17 15:29:44 - [TEST_STEP][PASSED] - verifyElementText(findTestObject("Object Repository/assert/Page_Olay Holiday Program/div_Password"), "Password"): Actual text and expected text of test object 'Object Repository/assert/Page_Olay Holiday Program/div_Password' are matched.

2021-12-17 15:29:44 - [MESSAGE][PASSED] - Actual text and expected text of test object 'Object Repository/assert/Page_Olay Holiday Program/div_Password' are matched.

2021-12-17 15:29:44 - [TEST_STEP][PASSED] - sendKeys(findTestObject("Object Repository/micro staging/Page_Olay Holiday Program/input_Please Enter you Credentials_mat-input-0"), LoginUsername): Keys 'pg_olayholiday' sent to object: 'Object Repository/micro staging/Page_Olay Holiday Program/input_Please Enter you Credentials_mat-input-0'

2021-12-17 15:29:45 - [MESSAGE][PASSED] - Keys 'pg_olayholiday' sent to object: 'Object Repository/micro staging/Page_Olay Holiday Program/input_Please Enter you Credentials_mat-input-0'

2021-12-17 15:29:45 - [TEST_STEP][NOT_RUN] - click(findTestObject("Object Repository/micro staging/Page_Olay Holiday Program/div_Password")): NOT_RUN: click(findTestObject("Object Repository/micro staging/Page_Olay Holiday Program/div_Password"))

2021-12-17 15:29:45 - [MESSAGE][NOT_RUN] - NOT_RUN: click(findTestObject("Object Repository/micro staging/Page_Olay Holiday Program/div_Password"))

2021-12-17 15:29:45 - [TEST_STEP][PASSED] - sendKeys(findTestObject("Object Repository/micro staging/Page_Olay Holiday Program/input_Username_mat-input-1"), Loginpswd): Keys '1q2w3e4r!@#' sent to object: 'Object Repository/micro staging/Page_Olay Holiday Program/input_Username_mat-input-1'

2021-12-17 15:29:45 - [MESSAGE][PASSED] - Keys '1q2w3e4r!@#' sent to object: 'Object Repository/micro staging/Page_Olay Holiday Program/input_Username_mat-input-1'

2021-12-17 15:29:45 - [TEST_STEP][PASSED] - click(findTestObject("Object Repository/micro staging/Page_Olay Holiday Program/button_Submit")): Object: 'Object Repository/micro staging/Page_Olay Holiday Program/button_Submit' is clicked on

2021-12-17 15:29:45 - [MESSAGE][PASSED] - Object: 'Object Repository/micro staging/Page_Olay Holiday Program/button_Submit' is clicked on

2021-12-17 15:29:45 - [MESSAGE][PASSED] - Call Test Case 'Test Cases/microsite staging/Open browser/Tc2-Login' successfully

2021-12-17 15:29:45 - [TEST_STEP][PASSED] - click(findTestObject("Object Repository/micro staging/Page_Olay Holiday Program/a_Not registered yet Click here to start yo_c35e26")): Object: 'Object Repository/micro staging/Page_Olay Holiday Program/a_Not registered yet Click here to start yo_c35e26' is clicked on

2021-12-17 15:29:46 - [MESSAGE][PASSED] - Object: 'Object Repository/micro staging/Page_Olay Holiday Program/a_Not registered yet Click here to start yo_c35e26' is clicked on

2021-12-17 15:29:46 - [TEST_STEP][PASSED] - sendKeys(findTestObject("Object Repository/micro staging/Page_Olay Holiday Program/input_REGISTER_mat-input-4"), "Testing"): Keys 'Testing' sent to object: 'Object Repository/micro staging/Page_Olay Holiday Program/input_REGISTER_mat-input-4'

2021-12-17 15:29:47 - [MESSAGE][PASSED] - Keys 'Testing' sent to object: 'Object Repository/micro staging/Page_Olay Holiday Program/input_REGISTER_mat-input-4'

2021-12-17 15:29:47 - [TEST_STEP][PASSED] - sendKeys(findTestObject("Object Repository/micro staging/Page_Olay Holiday Program/input__mat-input-5"), "Testing"): Keys 'Testing' sent to object: 'Object Repository/micro staging/Page_Olay Holiday Program/input__mat-input-5'

2021-12-17 15:29:48 - [MESSAGE][PASSED] - Keys 'Testing' sent to object: 'Object Repository/micro staging/Page_Olay Holiday Program/input__mat-input-5'

2021-12-17 15:29:48 - [TEST_STEP][PASSED] - sendKeys(findTestObject("Object Repository/micro staging/Page_Olay Holiday Program/input__mat-input-6"), "testing345@yopmail.com"): Keys 'testing345@yopmail.com' sent to object: 'Object Repository/micro staging/Page_Olay Holiday Program/input__mat-input-6'

2021-12-17 15:29:48 - [MESSAGE][PASSED] - Keys 'testing345@yopmail.com' sent to object: 'Object Repository/micro staging/Page_Olay Holiday Program/input__mat-input-6'

2021-12-17 15:29:48 - [TEST_STEP][PASSED] - sendKeys(findTestObject("Object Repository/micro staging/Page_Olay Holiday Program/input__mat-input-7"), "testing345@yopmail.com"): Keys 'testing345@yopmail.com' sent to object: 'Object Repository/micro staging/Page_Olay Holiday Program/input__mat-input-7'

2021-12-17 15:29:49 - [MESSAGE][PASSED] - Keys 'testing345@yopmail.com' sent to object: 'Object Repository/micro staging/Page_Olay Holiday Program/input__mat-input-7'

2021-12-17 15:29:49 - [TEST_STEP][PASSED] - click(findTestObject("Object Repository/micro staging/Page_Olay Holiday Program/div_Password")): Object: 'Object Repository/micro staging/Page_Olay Holiday Program/div_Password' is clicked on

2021-12-17 15:30:20 - [MESSAGE][INFO] - Unable to find the element located by 'By.xpath: //mat-dialog-container[@id='mat-dialog-0']/app-site-access/div/form/mat-form-field[2]/div/div/div[3]'. Please recheck the objects properties to make sure the desired element is located. 

2021-12-17 15:30:20 - [MESSAGE][WARNING] - [SELF-HEALING] Failed to find element with id 'Object Repository/micro staging/Page_Olay Holiday Program/div_Password'. Try using Self-healing.

2021-12-17 15:30:20 - [MESSAGE][WARNING] - [SELF-HEALING] The current locator of test object 'Object Repository/micro staging/Page_Olay Holiday Program/div_Password' was broken. Propose an alternative one: '(.//*[normalize-space(text()) and normalize-space(.)='*'])[1]/following::div[14]'.

2021-12-17 15:30:20 - [MESSAGE][PASSED] - Object: 'Object Repository/micro staging/Page_Olay Holiday Program/div_Password' is clicked on

2021-12-17 15:30:20 - [TEST_STEP][PASSED] - sendKeys(findTestObject("Object Repository/micro staging/Page_Olay Holiday Program/input__mat-input-8"), "Test@123"): Keys 'Test@123' sent to object: 'Object Repository/micro staging/Page_Olay Holiday Program/input__mat-input-8'

2021-12-17 15:30:20 - [MESSAGE][PASSED] - Keys 'Test@123' sent to object: 'Object Repository/micro staging/Page_Olay Holiday Program/input__mat-input-8'

2021-12-17 15:30:20 - [TEST_STEP][PASSED] - sendKeys(findTestObject("Object Repository/micro staging/Page_Olay Holiday Program/input__mat-input-9"), "Test@123"): Keys 'Test@123' sent to object: 'Object Repository/micro staging/Page_Olay Holiday Program/input__mat-input-9'

2021-12-17 15:30:21 - [MESSAGE][PASSED] - Keys 'Test@123' sent to object: 'Object Repository/micro staging/Page_Olay Holiday Program/input__mat-input-9'

2021-12-17 15:30:21 - [TEST_STEP][PASSED] - click(findTestObject("Object Repository/micro staging/Page_Olay Holiday Program/div_help Address")): Object: 'Object Repository/micro staging/Page_Olay Holiday Program/div_help Address' is clicked on

2021-12-17 15:30:21 - [MESSAGE][PASSED] - Object: 'Object Repository/micro staging/Page_Olay Holiday Program/div_help Address' is clicked on

2021-12-17 15:30:21 - [TEST_STEP][PASSED] - sendKeys(findTestObject("Object Repository/micro staging/Page_Olay Holiday Program/input__address"), "9800 Fredericksburg Rd, San Antonio, TX 78288, USA"): Keys '9800 Fredericksburg Rd, San Antonio, TX 78288, USA' sent to object: 'Object Repository/micro staging/Page_Olay Holiday Program/input__address'

2021-12-17 15:30:22 - [MESSAGE][PASSED] - Keys '9800 Fredericksburg Rd, San Antonio, TX 78288, USA' sent to object: 'Object Repository/micro staging/Page_Olay Holiday Program/input__address'

2021-12-17 15:30:22 - [TEST_STEP][PASSED] - sendKeys(findTestObject("Object Repository/micro staging/Page_Olay Holiday Program/input__address"), Keys.chord(DOWN)): Keys 'DOWN + ' sent to object: 'Object Repository/micro staging/Page_Olay Holiday Program/input__address'

2021-12-17 15:30:22 - [MESSAGE][PASSED] - Keys 'DOWN + ' sent to object: 'Object Repository/micro staging/Page_Olay Holiday Program/input__address'

2021-12-17 15:30:22 - [TEST_STEP][PASSED] - sendKeys(findTestObject("Object Repository/micro staging/Page_Olay Holiday Program/input__address"), Keys.chord(ENTER)): Keys 'ENTER + ' sent to object: 'Object Repository/micro staging/Page_Olay Holiday Program/input__address'

2021-12-17 15:30:23 - [MESSAGE][PASSED] - Keys 'ENTER + ' sent to object: 'Object Repository/micro staging/Page_Olay Holiday Program/input__address'

2021-12-17 15:30:23 - [TEST_STEP][PASSED] - click(findTestObject("Object Repository/micro staging/Page_Olay Holiday Program/span__mat-checkbox-inner-container")): Object: 'Object Repository/micro staging/Page_Olay Holiday Program/span__mat-checkbox-inner-container' is clicked on

2021-12-17 15:30:23 - [MESSAGE][PASSED] - Object: 'Object Repository/micro staging/Page_Olay Holiday Program/span__mat-checkbox-inner-container' is clicked on

2021-12-17 15:30:23 - [TEST_STEP][PASSED] - delay(45): Delayed 45 second(s)

2021-12-17 15:31:08 - [MESSAGE][PASSED] - Delayed 45 second(s)

2021-12-17 15:31:08 - [TEST_STEP][PASSED] - click(findTestObject("Object Repository/micro staging/Page_Olay Holiday Program/button_SUBMIT (9)")): Object: 'Object Repository/micro staging/Page_Olay Holiday Program/button_SUBMIT (9)' is clicked on

2021-12-17 15:31:09 - [MESSAGE][PASSED] - Object: 'Object Repository/micro staging/Page_Olay Holiday Program/button_SUBMIT (9)' is clicked on]]></system-out>
         <system-err><![CDATA[]]></system-err>
      </testcase>
      <testcase name="Test Cases/microsite staging/Registration/Tc-3" time="14.908" classname="Test Cases/microsite staging/Registration/Tc-3" status="PASSED">
         <system-out><![CDATA[2021-12-17 15:31:09 - [TEST_CASE][PASSED] - Test Cases/microsite staging/Registration/Tc-3: Test Cases/microsite staging/Registration/Tc-3

2021-12-17 15:31:09 - [TEST_STEP][PASSED] - callTestCase(findTestCase("microsite staging/Open browser/Tc2-Login"), [:], STOP_ON_FAILURE): Call Test Case 'Test Cases/microsite staging/Open browser/Tc2-Login' successfully

2021-12-17 15:31:09 - [TEST_CASE][PASSED] - Test Cases/microsite staging/Open browser/Tc2-Login: Test Cases/microsite staging/Open browser/Tc2-Login

2021-12-17 15:31:09 - [TEST_STEP][PASSED] - callTestCase(findTestCase("microsite staging/Open browser/Tc-1"), [:], STOP_ON_FAILURE): Call Test Case 'Test Cases/microsite staging/Open browser/Tc-1' successfully

2021-12-17 15:31:09 - [TEST_CASE][PASSED] - Test Cases/microsite staging/Open browser/Tc-1: Test Cases/microsite staging/Open browser/Tc-1

2021-12-17 15:31:09 - [TEST_STEP][PASSED] - openBrowser(""): Browser is opened with url: ''

2021-12-17 15:31:09 - [MESSAGE][WARNING] - A browser is already opened. Closing browser and opening a new one

2021-12-17 15:31:09 - [MESSAGE][INFO] - Starting 'Chrome' driver

2021-12-17 15:31:09 - [MESSAGE][INFO] - Action delay is set to 0 milliseconds

2021-12-17 15:31:10 - [MESSAGE][PASSED] - Browser is opened with url: ''

2021-12-17 15:31:10 - [TEST_STEP][PASSED] - navigateToUrl(urlstaging): Navigate to 'https://holidayolay.3tlstaging.com/login' successfully

2021-12-17 15:31:17 - [MESSAGE][PASSED] - Navigate to 'https://holidayolay.3tlstaging.com/login' successfully

2021-12-17 15:31:17 - [TEST_STEP][PASSED] - CurrentUrL = getUrl(): Current window's url is: 'https://holidayolay.3tlstaging.com/login'

2021-12-17 15:31:17 - [MESSAGE][PASSED] - Current window's url is: 'https://holidayolay.3tlstaging.com/login'

2021-12-17 15:31:17 - [TEST_STEP][PASSED] - verifyMatch(CurrentUrL, urlstaging, true): Actual text 'https://holidayolay.3tlstaging.com/login' and expected text 'https://holidayolay.3tlstaging.com/login' are matched  using regular expression

2021-12-17 15:31:17 - [MESSAGE][PASSED] - Actual text 'https://holidayolay.3tlstaging.com/login' and expected text 'https://holidayolay.3tlstaging.com/login' are matched  using regular expression

2021-12-17 15:31:17 - [TEST_STEP][PASSED] - maximizeWindow(): Current window maximized

2021-12-17 15:31:17 - [MESSAGE][PASSED] - Current window maximized

2021-12-17 15:31:17 - [MESSAGE][PASSED] - Call Test Case 'Test Cases/microsite staging/Open browser/Tc-1' successfully

2021-12-17 15:31:17 - [TEST_STEP][PASSED] - verifyElementText(findTestObject("Object Repository/assert/Page_Olay Holiday Program/div_Username"), "Username"): Actual text and expected text of test object 'Object Repository/assert/Page_Olay Holiday Program/div_Username' are matched.

2021-12-17 15:31:17 - [MESSAGE][PASSED] - Actual text and expected text of test object 'Object Repository/assert/Page_Olay Holiday Program/div_Username' are matched.

2021-12-17 15:31:17 - [TEST_STEP][PASSED] - verifyElementText(findTestObject("Object Repository/assert/Page_Olay Holiday Program/div_Password"), "Password"): Actual text and expected text of test object 'Object Repository/assert/Page_Olay Holiday Program/div_Password' are matched.

2021-12-17 15:31:17 - [MESSAGE][PASSED] - Actual text and expected text of test object 'Object Repository/assert/Page_Olay Holiday Program/div_Password' are matched.

2021-12-17 15:31:17 - [TEST_STEP][PASSED] - sendKeys(findTestObject("Object Repository/micro staging/Page_Olay Holiday Program/input_Please Enter you Credentials_mat-input-0"), LoginUsername): Keys 'pg_olayholiday' sent to object: 'Object Repository/micro staging/Page_Olay Holiday Program/input_Please Enter you Credentials_mat-input-0'

2021-12-17 15:31:18 - [MESSAGE][PASSED] - Keys 'pg_olayholiday' sent to object: 'Object Repository/micro staging/Page_Olay Holiday Program/input_Please Enter you Credentials_mat-input-0'

2021-12-17 15:31:18 - [TEST_STEP][NOT_RUN] - click(findTestObject("Object Repository/micro staging/Page_Olay Holiday Program/div_Password")): NOT_RUN: click(findTestObject("Object Repository/micro staging/Page_Olay Holiday Program/div_Password"))

2021-12-17 15:31:18 - [MESSAGE][NOT_RUN] - NOT_RUN: click(findTestObject("Object Repository/micro staging/Page_Olay Holiday Program/div_Password"))

2021-12-17 15:31:18 - [TEST_STEP][PASSED] - sendKeys(findTestObject("Object Repository/micro staging/Page_Olay Holiday Program/input_Username_mat-input-1"), Loginpswd): Keys '1q2w3e4r!@#' sent to object: 'Object Repository/micro staging/Page_Olay Holiday Program/input_Username_mat-input-1'

2021-12-17 15:31:18 - [MESSAGE][PASSED] - Keys '1q2w3e4r!@#' sent to object: 'Object Repository/micro staging/Page_Olay Holiday Program/input_Username_mat-input-1'

2021-12-17 15:31:18 - [TEST_STEP][PASSED] - click(findTestObject("Object Repository/micro staging/Page_Olay Holiday Program/button_Submit")): Object: 'Object Repository/micro staging/Page_Olay Holiday Program/button_Submit' is clicked on

2021-12-17 15:31:19 - [MESSAGE][PASSED] - Object: 'Object Repository/micro staging/Page_Olay Holiday Program/button_Submit' is clicked on

2021-12-17 15:31:19 - [MESSAGE][PASSED] - Call Test Case 'Test Cases/microsite staging/Open browser/Tc2-Login' successfully

2021-12-17 15:31:19 - [TEST_STEP][PASSED] - click(findTestObject("Object Repository/micro staging/Page_Olay Holiday Program/a_Not registered yet Click here to start yo_c35e26")): Object: 'Object Repository/micro staging/Page_Olay Holiday Program/a_Not registered yet Click here to start yo_c35e26' is clicked on

2021-12-17 15:31:19 - [MESSAGE][PASSED] - Object: 'Object Repository/micro staging/Page_Olay Holiday Program/a_Not registered yet Click here to start yo_c35e26' is clicked on

2021-12-17 15:31:19 - [TEST_STEP][PASSED] - click(findTestObject("Object Repository/micro staging/Page_Olay Holiday Program/button_SUBMIT (14)")): Object: 'Object Repository/micro staging/Page_Olay Holiday Program/button_SUBMIT (14)' is clicked on

2021-12-17 15:31:20 - [MESSAGE][PASSED] - Object: 'Object Repository/micro staging/Page_Olay Holiday Program/button_SUBMIT (14)' is clicked on

2021-12-17 15:31:20 - [TEST_STEP][NOT_RUN] - click(findTestObject("Object Repository/micro staging/Page_Olay Holiday Program/div_Please enter your first name")): NOT_RUN: click(findTestObject("Object Repository/micro staging/Page_Olay Holiday Program/div_Please enter your first name"))

2021-12-17 15:31:20 - [MESSAGE][NOT_RUN] - NOT_RUN: click(findTestObject("Object Repository/micro staging/Page_Olay Holiday Program/div_Please enter your first name"))

2021-12-17 15:31:20 - [TEST_STEP][PASSED] - verifyElementText(findTestObject("Object Repository/micro staging/Page_Olay Holiday Program/div_Please enter your first name"), "Please enter your first name"): Actual text and expected text of test object 'Object Repository/micro staging/Page_Olay Holiday Program/div_Please enter your first name' are matched.

2021-12-17 15:31:21 - [MESSAGE][PASSED] - Actual text and expected text of test object 'Object Repository/micro staging/Page_Olay Holiday Program/div_Please enter your first name' are matched.

2021-12-17 15:31:21 - [TEST_STEP][NOT_RUN] - click(findTestObject("Object Repository/micro staging/Page_Olay Holiday Program/mat-error_Please enter your last name")): NOT_RUN: click(findTestObject("Object Repository/micro staging/Page_Olay Holiday Program/mat-error_Please enter your last name"))

2021-12-17 15:31:21 - [MESSAGE][NOT_RUN] - NOT_RUN: click(findTestObject("Object Repository/micro staging/Page_Olay Holiday Program/mat-error_Please enter your last name"))

2021-12-17 15:31:21 - [TEST_STEP][PASSED] - verifyElementText(findTestObject("Object Repository/micro staging/Page_Olay Holiday Program/mat-error_Please enter your last name"), "Please enter your last name"): Actual text and expected text of test object 'Object Repository/micro staging/Page_Olay Holiday Program/mat-error_Please enter your last name' are matched.

2021-12-17 15:31:21 - [MESSAGE][PASSED] - Actual text and expected text of test object 'Object Repository/micro staging/Page_Olay Holiday Program/mat-error_Please enter your last name' are matched.

2021-12-17 15:31:21 - [TEST_STEP][NOT_RUN] - click(findTestObject("Object Repository/micro staging/Page_Olay Holiday Program/div_Please enter your email")): NOT_RUN: click(findTestObject("Object Repository/micro staging/Page_Olay Holiday Program/div_Please enter your email"))

2021-12-17 15:31:21 - [MESSAGE][NOT_RUN] - NOT_RUN: click(findTestObject("Object Repository/micro staging/Page_Olay Holiday Program/div_Please enter your email"))

2021-12-17 15:31:21 - [TEST_STEP][PASSED] - verifyElementText(findTestObject("Object Repository/micro staging/Page_Olay Holiday Program/div_Please enter your email"), "Please enter your email"): Actual text and expected text of test object 'Object Repository/micro staging/Page_Olay Holiday Program/div_Please enter your email' are matched.

2021-12-17 15:31:21 - [MESSAGE][PASSED] - Actual text and expected text of test object 'Object Repository/micro staging/Page_Olay Holiday Program/div_Please enter your email' are matched.

2021-12-17 15:31:21 - [TEST_STEP][NOT_RUN] - click(findTestObject("Object Repository/micro staging/Page_Olay Holiday Program/mat-error_Please confirm the email")): NOT_RUN: click(findTestObject("Object Repository/micro staging/Page_Olay Holiday Program/mat-error_Please confirm the email"))

2021-12-17 15:31:21 - [MESSAGE][NOT_RUN] - NOT_RUN: click(findTestObject("Object Repository/micro staging/Page_Olay Holiday Program/mat-error_Please confirm the email"))

2021-12-17 15:31:21 - [TEST_STEP][PASSED] - verifyElementText(findTestObject("Object Repository/micro staging/Page_Olay Holiday Program/mat-error_Please confirm the email"), "Please confirm the email"): Actual text and expected text of test object 'Object Repository/micro staging/Page_Olay Holiday Program/mat-error_Please confirm the email' are matched.

2021-12-17 15:31:22 - [MESSAGE][PASSED] - Actual text and expected text of test object 'Object Repository/micro staging/Page_Olay Holiday Program/mat-error_Please confirm the email' are matched.

2021-12-17 15:31:22 - [TEST_STEP][NOT_RUN] - click(findTestObject("Object Repository/micro staging/Page_Olay Holiday Program/mat-error_Password is required")): NOT_RUN: click(findTestObject("Object Repository/micro staging/Page_Olay Holiday Program/mat-error_Password is required"))

2021-12-17 15:31:22 - [MESSAGE][NOT_RUN] - NOT_RUN: click(findTestObject("Object Repository/micro staging/Page_Olay Holiday Program/mat-error_Password is required"))

2021-12-17 15:31:22 - [TEST_STEP][PASSED] - verifyElementText(findTestObject("Object Repository/micro staging/Page_Olay Holiday Program/mat-error_Password is required"), "Password is required"): Actual text and expected text of test object 'Object Repository/micro staging/Page_Olay Holiday Program/mat-error_Password is required' are matched.

2021-12-17 15:31:22 - [MESSAGE][PASSED] - Actual text and expected text of test object 'Object Repository/micro staging/Page_Olay Holiday Program/mat-error_Password is required' are matched.

2021-12-17 15:31:22 - [TEST_STEP][NOT_RUN] - click(findTestObject("Object Repository/micro staging/Page_Olay Holiday Program/div_Confirm password is required")): NOT_RUN: click(findTestObject("Object Repository/micro staging/Page_Olay Holiday Program/div_Confirm password is required"))

2021-12-17 15:31:22 - [MESSAGE][NOT_RUN] - NOT_RUN: click(findTestObject("Object Repository/micro staging/Page_Olay Holiday Program/div_Confirm password is required"))

2021-12-17 15:31:22 - [TEST_STEP][PASSED] - verifyElementText(findTestObject("Object Repository/micro staging/Page_Olay Holiday Program/div_Confirm password is required"), "Confirm password is required"): Actual text and expected text of test object 'Object Repository/micro staging/Page_Olay Holiday Program/div_Confirm password is required' are matched.

2021-12-17 15:31:22 - [MESSAGE][PASSED] - Actual text and expected text of test object 'Object Repository/micro staging/Page_Olay Holiday Program/div_Confirm password is required' are matched.

2021-12-17 15:31:22 - [TEST_STEP][NOT_RUN] - click(findTestObject("Object Repository/micro staging/Page_Olay Holiday Program/mat-error_Please enter your address")): NOT_RUN: click(findTestObject("Object Repository/micro staging/Page_Olay Holiday Program/mat-error_Please enter your address"))

2021-12-17 15:31:22 - [MESSAGE][NOT_RUN] - NOT_RUN: click(findTestObject("Object Repository/micro staging/Page_Olay Holiday Program/mat-error_Please enter your address"))

2021-12-17 15:31:22 - [TEST_STEP][PASSED] - verifyElementText(findTestObject("Object Repository/micro staging/Page_Olay Holiday Program/mat-error_Please enter your address"), "Please enter your address"): Actual text and expected text of test object 'Object Repository/micro staging/Page_Olay Holiday Program/mat-error_Please enter your address' are matched.

2021-12-17 15:31:22 - [MESSAGE][PASSED] - Actual text and expected text of test object 'Object Repository/micro staging/Page_Olay Holiday Program/mat-error_Please enter your address' are matched.

2021-12-17 15:31:22 - [TEST_STEP][NOT_RUN] - click(findTestObject("Object Repository/micro staging/Page_Olay Holiday Program/mat-error_Please enter valid city")): NOT_RUN: click(findTestObject("Object Repository/micro staging/Page_Olay Holiday Program/mat-error_Please enter valid city"))

2021-12-17 15:31:22 - [MESSAGE][NOT_RUN] - NOT_RUN: click(findTestObject("Object Repository/micro staging/Page_Olay Holiday Program/mat-error_Please enter valid city"))

2021-12-17 15:31:22 - [TEST_STEP][PASSED] - verifyElementText(findTestObject("Object Repository/micro staging/Page_Olay Holiday Program/mat-error_Please enter valid city"), "Please enter valid city"): Actual text and expected text of test object 'Object Repository/micro staging/Page_Olay Holiday Program/mat-error_Please enter valid city' are matched.

2021-12-17 15:31:23 - [MESSAGE][PASSED] - Actual text and expected text of test object 'Object Repository/micro staging/Page_Olay Holiday Program/mat-error_Please enter valid city' are matched.

2021-12-17 15:31:23 - [TEST_STEP][NOT_RUN] - click(findTestObject("Object Repository/micro staging/Page_Olay Holiday Program/mat-error_Please enter valid state")): NOT_RUN: click(findTestObject("Object Repository/micro staging/Page_Olay Holiday Program/mat-error_Please enter valid state"))

2021-12-17 15:31:23 - [MESSAGE][NOT_RUN] - NOT_RUN: click(findTestObject("Object Repository/micro staging/Page_Olay Holiday Program/mat-error_Please enter valid state"))

2021-12-17 15:31:23 - [TEST_STEP][PASSED] - verifyElementText(findTestObject("Object Repository/micro staging/Page_Olay Holiday Program/mat-error_Please enter valid state"), "Please enter valid state"): Actual text and expected text of test object 'Object Repository/micro staging/Page_Olay Holiday Program/mat-error_Please enter valid state' are matched.

2021-12-17 15:31:23 - [MESSAGE][PASSED] - Actual text and expected text of test object 'Object Repository/micro staging/Page_Olay Holiday Program/mat-error_Please enter valid state' are matched.

2021-12-17 15:31:23 - [TEST_STEP][NOT_RUN] - click(findTestObject("Object Repository/micro staging/Page_Olay Holiday Program/mat-error_Please enter valid Zip Code")): NOT_RUN: click(findTestObject("Object Repository/micro staging/Page_Olay Holiday Program/mat-error_Please enter valid Zip Code"))

2021-12-17 15:31:23 - [MESSAGE][NOT_RUN] - NOT_RUN: click(findTestObject("Object Repository/micro staging/Page_Olay Holiday Program/mat-error_Please enter valid Zip Code"))

2021-12-17 15:31:23 - [TEST_STEP][PASSED] - verifyElementText(findTestObject("Object Repository/micro staging/Page_Olay Holiday Program/mat-error_Please enter valid Zip Code"), "Please enter valid Zip Code"): Actual text and expected text of test object 'Object Repository/micro staging/Page_Olay Holiday Program/mat-error_Please enter valid Zip Code' are matched.

2021-12-17 15:31:23 - [MESSAGE][PASSED] - Actual text and expected text of test object 'Object Repository/micro staging/Page_Olay Holiday Program/mat-error_Please enter valid Zip Code' are matched.

2021-12-17 15:31:23 - [TEST_STEP][NOT_RUN] - click(findTestObject("Object Repository/micro staging/Page_Olay Holiday Program/p_Please agree with the above")): NOT_RUN: click(findTestObject("Object Repository/micro staging/Page_Olay Holiday Program/p_Please agree with the above"))

2021-12-17 15:31:23 - [MESSAGE][NOT_RUN] - NOT_RUN: click(findTestObject("Object Repository/micro staging/Page_Olay Holiday Program/p_Please agree with the above"))

2021-12-17 15:31:23 - [TEST_STEP][PASSED] - verifyElementText(findTestObject("Object Repository/micro staging/Page_Olay Holiday Program/p_Please agree with the above"), "Please agree with the above"): Actual text and expected text of test object 'Object Repository/micro staging/Page_Olay Holiday Program/p_Please agree with the above' are matched.

2021-12-17 15:31:24 - [MESSAGE][PASSED] - Actual text and expected text of test object 'Object Repository/micro staging/Page_Olay Holiday Program/p_Please agree with the above' are matched.

2021-12-17 15:31:24 - [TEST_STEP][NOT_RUN] - click(findTestObject("Object Repository/micro staging/Page_Olay Holiday Program/div_First Name Please enter your first name_af0647")): NOT_RUN: click(findTestObject("Object Repository/micro staging/Page_Olay Holiday Program/div_First Name Please enter your first name_af0647"))

2021-12-17 15:31:24 - [MESSAGE][NOT_RUN] - NOT_RUN: click(findTestObject("Object Repository/micro staging/Page_Olay Holiday Program/div_First Name Please enter your first name_af0647"))]]></system-out>
         <system-err><![CDATA[]]></system-err>
      </testcase>
      <system-out><![CDATA[2021-12-17 15:26:30 - [TEST_SUITE][PASSED] - Microsite olay: Test Cases/microsite staging/Registration/Tc-3]]></system-out>
      <system-err><![CDATA[]]></system-err>
   </testsuite>
</testsuites>
