<?xml version="1.0" encoding="UTF-8"?>
<testsuites name="Olay" time="115.595" tests="5" failures="1" errors="1">
   <testsuite name="Olay" tests="5" failures="1" errors="1" time="115.595" skipped="0" timestamp="2021-12-14 15:50:48" hostname="knoldus - knoldus-Latitude-3520" id="Test Suites/Microsite/Olay">
      <properties>
         <property name="deviceName" value=""/>
         <property name="devicePlatform" value=""/>
         <property name="logFolder" value="/home/knoldus/Katalon Studio/Learn1/Reports/20211214_155039/Microsite/Olay/20211214_155039"/>
         <property name="logFiles" value="/home/knoldus/Katalon Studio/Learn1/Reports/20211214_155039/Microsite/Olay/20211214_155039/execution0.log"/>
         <property name="attachments" value=""/>
         <property name="hostName" value="knoldus - knoldus-Latitude-3520"/>
         <property name="os" value="Linux 64bit"/>
         <property name="katalonVersion" value="8.2.0.208"/>
         <property name="browser" value="Chrome 95.0.4638.69"/>
         <property name="hostAddress" value="127.0.1.1"/>
         <property name="sessionId" value="29bf9ff338f68d0d949a61c717826dae"/>
         <property name="seleniumVersion" value="3.141.59"/>
         <property name="proxyInformation" value="ProxyInformation { proxyOption=NO_PROXY, proxyServerType=HTTP, username=, password=********, proxyServerAddress=, proxyServerPort=0, executionList=&quot;&quot;, isApplyToDesiredCapabilities=true }"/>
         <property name="platform" value="Linux"/>
      </properties>
      <testcase name="Test Cases/microsites/Tc1-Login" time="13.651" classname="Test Cases/microsites/Tc1-Login" status="PASSED">
         <system-out><![CDATA[2021-12-14 15:50:49 - [TEST_CASE][PASSED] - Test Cases/microsites/Tc1-Login: Test Cases/microsites/Tc1-Login

2021-12-14 15:50:49 - [TEST_STEP][PASSED] - openBrowser(""): Browser is opened with url: ''

2021-12-14 15:50:49 - [MESSAGE][INFO] - Starting 'Chrome' driver

2021-12-14 15:50:49 - [MESSAGE][INFO] - Action delay is set to 0 milliseconds

2021-12-14 15:50:50 - [MESSAGE][PASSED] - Browser is opened with url: ''

2021-12-14 15:50:50 - [TEST_STEP][PASSED] - navigateToUrl(Url): Navigate to 'https://olaygift.com/login' successfully

2021-12-14 15:51:01 - [MESSAGE][PASSED] - Navigate to 'https://olaygift.com/login' successfully

2021-12-14 15:51:01 - [TEST_STEP][PASSED] - maximizeWindow(): Current window maximized

2021-12-14 15:51:01 - [MESSAGE][PASSED] - Current window maximized

2021-12-14 15:51:01 - [TEST_STEP][PASSED] - setText(findTestObject("Object Repository/Microsite Prod/Page_Olay Holiday Program/input_WELCOME_mat-input-0"), Username): Text 'Testing123@yopmail.com' is set on object 'Object Repository/Microsite Prod/Page_Olay Holiday Program/input_WELCOME_mat-input-0'

2021-12-14 15:51:01 - [MESSAGE][PASSED] - Text 'Testing123@yopmail.com' is set on object 'Object Repository/Microsite Prod/Page_Olay Holiday Program/input_WELCOME_mat-input-0'

2021-12-14 15:51:01 - [TEST_STEP][PASSED] - setText(findTestObject("Object Repository/Microsite Prod/Page_Olay Holiday Program/input__mat-input-1"), Password): Text 'Test@123' is set on object 'Object Repository/Microsite Prod/Page_Olay Holiday Program/input__mat-input-1'

2021-12-14 15:51:02 - [MESSAGE][PASSED] - Text 'Test@123' is set on object 'Object Repository/Microsite Prod/Page_Olay Holiday Program/input__mat-input-1'

2021-12-14 15:51:02 - [TEST_STEP][PASSED] - click(findTestObject("Object Repository/Microsite Prod/Page_Olay Holiday Program/button_SUBMIT")): Object: 'Object Repository/Microsite Prod/Page_Olay Holiday Program/button_SUBMIT' is clicked on

2021-12-14 15:51:02 - [MESSAGE][PASSED] - Object: 'Object Repository/Microsite Prod/Page_Olay Holiday Program/button_SUBMIT' is clicked on

2021-12-14 15:51:02 - [TEST_STEP][PASSED] - closeBrowser(): Browser is closed

2021-12-14 15:51:02 - [MESSAGE][PASSED] - Browser is closed]]></system-out>
         <system-err><![CDATA[]]></system-err>
      </testcase>
      <testcase name="Test Cases/microsites/Tc2-Reset password" time="13.025" classname="Test Cases/microsites/Tc2-Reset password" status="PASSED">
         <system-out><![CDATA[2021-12-14 15:51:02 - [TEST_CASE][PASSED] - Test Cases/microsites/Tc2-Reset password: Test Cases/microsites/Tc2-Reset password

2021-12-14 15:51:02 - [TEST_STEP][PASSED] - openBrowser(""): Browser is opened with url: ''

2021-12-14 15:51:02 - [MESSAGE][INFO] - Starting 'Chrome' driver

2021-12-14 15:51:02 - [MESSAGE][INFO] - Action delay is set to 0 milliseconds

2021-12-14 15:51:03 - [MESSAGE][PASSED] - Browser is opened with url: ''

2021-12-14 15:51:03 - [TEST_STEP][PASSED] - navigateToUrl(Url): Navigate to 'https://olaygift.com/login' successfully

2021-12-14 15:51:13 - [MESSAGE][PASSED] - Navigate to 'https://olaygift.com/login' successfully

2021-12-14 15:51:13 - [TEST_STEP][PASSED] - click(findTestObject("Object Repository/Microsite Prod/Page_Olay Holiday Program/a_Already registered but forgot your passwo_7296b8")): Object: 'Object Repository/Microsite Prod/Page_Olay Holiday Program/a_Already registered but forgot your passwo_7296b8' is clicked on

2021-12-14 15:51:14 - [MESSAGE][PASSED] - Object: 'Object Repository/Microsite Prod/Page_Olay Holiday Program/a_Already registered but forgot your passwo_7296b8' is clicked on

2021-12-14 15:51:14 - [TEST_STEP][PASSED] - setText(findTestObject("Object Repository/Microsite Prod/Page_Olay Holiday Program/input_Forgot Password_mat-input-2"), Username): Text 'Testing123@yopmail.com' is set on object 'Object Repository/Microsite Prod/Page_Olay Holiday Program/input_Forgot Password_mat-input-2'

2021-12-14 15:51:15 - [MESSAGE][PASSED] - Text 'Testing123@yopmail.com' is set on object 'Object Repository/Microsite Prod/Page_Olay Holiday Program/input_Forgot Password_mat-input-2'

2021-12-14 15:51:15 - [TEST_STEP][PASSED] - click(findTestObject("Object Repository/Microsite Prod/Page_Olay Holiday Program/button_SUBMIT")): Object: 'Object Repository/Microsite Prod/Page_Olay Holiday Program/button_SUBMIT' is clicked on

2021-12-14 15:51:15 - [MESSAGE][PASSED] - Object: 'Object Repository/Microsite Prod/Page_Olay Holiday Program/button_SUBMIT' is clicked on

2021-12-14 15:51:15 - [TEST_STEP][PASSED] - closeBrowser(): Browser is closed

2021-12-14 15:51:15 - [MESSAGE][PASSED] - Browser is closed]]></system-out>
         <system-err><![CDATA[]]></system-err>
      </testcase>
      <testcase name="Test Cases/microsites/Tc4- upload receipt" time="14.481" classname="Test Cases/microsites/Tc4- upload receipt" status="PASSED">
         <system-out><![CDATA[2021-12-14 15:51:15 - [TEST_CASE][PASSED] - Test Cases/microsites/Tc4- upload receipt: Test Cases/microsites/Tc4- upload receipt

2021-12-14 15:51:15 - [TEST_STEP][PASSED] - openBrowser(""): Browser is opened with url: ''

2021-12-14 15:51:15 - [MESSAGE][INFO] - Starting 'Chrome' driver

2021-12-14 15:51:15 - [MESSAGE][INFO] - Action delay is set to 0 milliseconds

2021-12-14 15:51:16 - [MESSAGE][PASSED] - Browser is opened with url: ''

2021-12-14 15:51:16 - [TEST_STEP][PASSED] - navigateToUrl(Url): Navigate to 'https://olaygift.com/login' successfully

2021-12-14 15:51:26 - [MESSAGE][PASSED] - Navigate to 'https://olaygift.com/login' successfully

2021-12-14 15:51:26 - [TEST_STEP][PASSED] - click(findTestObject("Object Repository/Microsite Prod/Page_Olay Holiday Program/div_Email")): Object: 'Object Repository/Microsite Prod/Page_Olay Holiday Program/div_Email' is clicked on

2021-12-14 15:51:26 - [MESSAGE][PASSED] - Object: 'Object Repository/Microsite Prod/Page_Olay Holiday Program/div_Email' is clicked on

2021-12-14 15:51:26 - [TEST_STEP][PASSED] - setText(findTestObject("Object Repository/Microsite Prod/Page_Olay Holiday Program/input_WELCOME_mat-input-0"), Username): Text 'Testing123@yopmail.com' is set on object 'Object Repository/Microsite Prod/Page_Olay Holiday Program/input_WELCOME_mat-input-0'

2021-12-14 15:51:27 - [MESSAGE][PASSED] - Text 'Testing123@yopmail.com' is set on object 'Object Repository/Microsite Prod/Page_Olay Holiday Program/input_WELCOME_mat-input-0'

2021-12-14 15:51:27 - [TEST_STEP][PASSED] - setText(findTestObject("Object Repository/Microsite Prod/Page_Olay Holiday Program/input__mat-input-1"), Password): Text 'Test@123' is set on object 'Object Repository/Microsite Prod/Page_Olay Holiday Program/input__mat-input-1'

2021-12-14 15:51:27 - [MESSAGE][PASSED] - Text 'Test@123' is set on object 'Object Repository/Microsite Prod/Page_Olay Holiday Program/input__mat-input-1'

2021-12-14 15:51:27 - [TEST_STEP][PASSED] - click(findTestObject("Object Repository/Microsite Prod/Page_Olay Holiday Program/button_SUBMIT")): Object: 'Object Repository/Microsite Prod/Page_Olay Holiday Program/button_SUBMIT' is clicked on

2021-12-14 15:51:28 - [MESSAGE][PASSED] - Object: 'Object Repository/Microsite Prod/Page_Olay Holiday Program/button_SUBMIT' is clicked on

2021-12-14 15:51:28 - [TEST_STEP][PASSED] - click(findTestObject("Object Repository/Microsite Prod/Page_Olay Holiday Program/ngx-dropzone-label_Click here to upload rec_7b6b3a")): Object: 'Object Repository/Microsite Prod/Page_Olay Holiday Program/ngx-dropzone-label_Click here to upload rec_7b6b3a' is clicked on

2021-12-14 15:51:29 - [MESSAGE][PASSED] - Object: 'Object Repository/Microsite Prod/Page_Olay Holiday Program/ngx-dropzone-label_Click here to upload rec_7b6b3a' is clicked on

2021-12-14 15:51:29 - [TEST_STEP][PASSED] - click(findTestObject("Object Repository/Microsite Prod/Page_Olay Holiday Program/span_SUBMIT")): Object: 'Object Repository/Microsite Prod/Page_Olay Holiday Program/span_SUBMIT' is clicked on

2021-12-14 15:51:30 - [MESSAGE][PASSED] - Object: 'Object Repository/Microsite Prod/Page_Olay Holiday Program/span_SUBMIT' is clicked on

2021-12-14 15:51:30 - [TEST_STEP][PASSED] - closeBrowser(): Browser is closed

2021-12-14 15:51:30 - [MESSAGE][PASSED] - Browser is closed]]></system-out>
         <system-err><![CDATA[]]></system-err>
      </testcase>
      <testcase name="Test Cases/microsites/Tc5-FAQ" time="18.299" classname="Test Cases/microsites/Tc5-FAQ" status="ERROR">
         <error type="ERROR" message="Test Cases/microsites/Tc5-FAQ FAILED.
Reason:
groovy.lang.MissingMethodException: No signature of method: static com.kms.katalon.core.testobject.ObjectRepository.findTestObject() is applicable for argument types: (java.lang.String, java.lang.Integer) values: [Object Repository/Microsite Prod/Page_Olay Holiday Program/mat-panel-title_How long do I have to submi_b881c2, ...]
Possible solutions: findTestObject(java.lang.String), findTestObject(java.lang.String, java.util.Map), findRequestObject(java.lang.String, java.io.File)
	at Tc5-FAQ.run(Tc5-FAQ:37)
	at com.kms.katalon.core.main.ScriptEngine.run(ScriptEngine.java:194)
	at com.kms.katalon.core.main.ScriptEngine.runScriptAsRawText(ScriptEngine.java:119)
	at com.kms.katalon.core.main.TestCaseExecutor.runScript(TestCaseExecutor.java:442)
	at com.kms.katalon.core.main.TestCaseExecutor.doExecute(TestCaseExecutor.java:433)
	at com.kms.katalon.core.main.TestCaseExecutor.processExecutionPhase(TestCaseExecutor.java:412)
	at com.kms.katalon.core.main.TestCaseExecutor.accessMainPhase(TestCaseExecutor.java:404)
	at com.kms.katalon.core.main.TestCaseExecutor.execute(TestCaseExecutor.java:281)
	at com.kms.katalon.core.main.TestCaseExecutor.execute(TestCaseExecutor.java:363)
	at com.kms.katalon.core.main.TestCaseExecutor.execute(TestCaseExecutor.java:363)
	at com.kms.katalon.core.main.TestCaseExecutor.execute(TestCaseExecutor.java:363)
	at com.kms.katalon.core.main.TestSuiteExecutor.accessTestCaseMainPhase(TestSuiteExecutor.java:202)
	at com.kms.katalon.core.main.TestSuiteExecutor.accessTestSuiteMainPhase(TestSuiteExecutor.java:164)
	at com.kms.katalon.core.main.TestSuiteExecutor.execute(TestSuiteExecutor.java:105)
	at com.kms.katalon.core.main.TestCaseMain.startTestSuite(TestCaseMain.java:181)
	at com.kms.katalon.core.main.TestCaseMain$startTestSuite$0.call(Unknown Source)
	at TempTestSuite1639477239493.run(TempTestSuite1639477239493.groovy:36)
"/>
         <system-out><![CDATA[2021-12-14 15:52:17 - [TEST_CASE][ERROR] - Test Cases/microsites/Tc5-FAQ: Test Cases/microsites/Tc5-FAQ FAILED.
Reason:
groovy.lang.MissingMethodException: No signature of method: static com.kms.katalon.core.testobject.ObjectRepository.findTestObject() is applicable for argument types: (java.lang.String, java.lang.Integer) values: [Object Repository/Microsite Prod/Page_Olay Holiday Program/mat-panel-title_How long do I have to submi_b881c2, ...]
Possible solutions: findTestObject(java.lang.String), findTestObject(java.lang.String, java.util.Map), findRequestObject(java.lang.String, java.io.File)
	at Tc5-FAQ.run(Tc5-FAQ:37)
	at com.kms.katalon.core.main.ScriptEngine.run(ScriptEngine.java:194)
	at com.kms.katalon.core.main.ScriptEngine.runScriptAsRawText(ScriptEngine.java:119)
	at com.kms.katalon.core.main.TestCaseExecutor.runScript(TestCaseExecutor.java:442)
	at com.kms.katalon.core.main.TestCaseExecutor.doExecute(TestCaseExecutor.java:433)
	at com.kms.katalon.core.main.TestCaseExecutor.processExecutionPhase(TestCaseExecutor.java:412)
	at com.kms.katalon.core.main.TestCaseExecutor.accessMainPhase(TestCaseExecutor.java:404)
	at com.kms.katalon.core.main.TestCaseExecutor.execute(TestCaseExecutor.java:281)
	at com.kms.katalon.core.main.TestCaseExecutor.execute(TestCaseExecutor.java:363)
	at com.kms.katalon.core.main.TestCaseExecutor.execute(TestCaseExecutor.java:363)
	at com.kms.katalon.core.main.TestCaseExecutor.execute(TestCaseExecutor.java:363)
	at com.kms.katalon.core.main.TestSuiteExecutor.accessTestCaseMainPhase(TestSuiteExecutor.java:202)
	at com.kms.katalon.core.main.TestSuiteExecutor.accessTestSuiteMainPhase(TestSuiteExecutor.java:164)
	at com.kms.katalon.core.main.TestSuiteExecutor.execute(TestSuiteExecutor.java:105)
	at com.kms.katalon.core.main.TestCaseMain.startTestSuite(TestCaseMain.java:181)
	at com.kms.katalon.core.main.TestCaseMain$startTestSuite$0.call(Unknown Source)
	at TempTestSuite1639477239493.run(TempTestSuite1639477239493.groovy:36)


2021-12-14 15:52:17 - [TEST_STEP][PASSED] - openBrowser(""): Browser is opened with url: ''

2021-12-14 15:52:17 - [MESSAGE][WARNING] - A browser is already opened. Closing browser and opening a new one

2021-12-14 15:52:17 - [MESSAGE][INFO] - Starting 'Chrome' driver

2021-12-14 15:52:17 - [MESSAGE][INFO] - Action delay is set to 0 milliseconds

2021-12-14 15:52:17 - [MESSAGE][PASSED] - Browser is opened with url: ''

2021-12-14 15:52:17 - [TEST_STEP][PASSED] - navigateToUrl(Url): Navigate to 'https://olaygift.com/login' successfully

2021-12-14 15:52:27 - [MESSAGE][PASSED] - Navigate to 'https://olaygift.com/login' successfully

2021-12-14 15:52:27 - [TEST_STEP][PASSED] - setText(findTestObject("Object Repository/Microsite Prod/Page_Olay Holiday Program/input_WELCOME_mat-input-0"), Username): Text 'Testing123@yopmail.com' is set on object 'Object Repository/Microsite Prod/Page_Olay Holiday Program/input_WELCOME_mat-input-0'

2021-12-14 15:52:31 - [MESSAGE][PASSED] - Text 'Testing123@yopmail.com' is set on object 'Object Repository/Microsite Prod/Page_Olay Holiday Program/input_WELCOME_mat-input-0'

2021-12-14 15:52:31 - [TEST_STEP][PASSED] - setText(findTestObject("Object Repository/Microsite Prod/Page_Olay Holiday Program/input__mat-input-1"), Password): Text 'Test@123' is set on object 'Object Repository/Microsite Prod/Page_Olay Holiday Program/input__mat-input-1'

2021-12-14 15:52:32 - [MESSAGE][PASSED] - Text 'Test@123' is set on object 'Object Repository/Microsite Prod/Page_Olay Holiday Program/input__mat-input-1'

2021-12-14 15:52:32 - [TEST_STEP][PASSED] - click(findTestObject("Object Repository/Microsite Prod/Page_Olay Holiday Program/button_SUBMIT")): Object: 'Object Repository/Microsite Prod/Page_Olay Holiday Program/button_SUBMIT' is clicked on

2021-12-14 15:52:32 - [MESSAGE][PASSED] - Object: 'Object Repository/Microsite Prod/Page_Olay Holiday Program/button_SUBMIT' is clicked on

2021-12-14 15:52:32 - [TEST_STEP][PASSED] - click(findTestObject("Object Repository/Microsite Prod/Page_Olay Holiday Program/span_SUPPORT_hamburger-box")): Object: 'Object Repository/Microsite Prod/Page_Olay Holiday Program/span_SUPPORT_hamburger-box' is clicked on

2021-12-14 15:52:34 - [MESSAGE][PASSED] - Object: 'Object Repository/Microsite Prod/Page_Olay Holiday Program/span_SUPPORT_hamburger-box' is clicked on

2021-12-14 15:52:34 - [TEST_STEP][PASSED] - click(findTestObject("Object Repository/Microsite Prod/Page_Olay Holiday Program/button_Faq")): Object: 'Object Repository/Microsite Prod/Page_Olay Holiday Program/button_Faq' is clicked on

2021-12-14 15:52:34 - [MESSAGE][PASSED] - Object: 'Object Repository/Microsite Prod/Page_Olay Holiday Program/button_Faq' is clicked on

2021-12-14 15:52:34 - [TEST_STEP][PASSED] - click(findTestObject("Object Repository/Microsite Prod/Page_Olay Holiday Program/mat-panel-title_How long do I have to submi_b881c2")): Object: 'Object Repository/Microsite Prod/Page_Olay Holiday Program/mat-panel-title_How long do I have to submi_b881c2' is clicked on

2021-12-14 15:52:35 - [MESSAGE][PASSED] - Object: 'Object Repository/Microsite Prod/Page_Olay Holiday Program/mat-panel-title_How long do I have to submi_b881c2' is clicked on

2021-12-14 15:52:35 - [TEST_STEP][ERROR] - click(findTestObject("Object Repository/Microsite Prod/Page_Olay Holiday Program/mat-panel-title_How long do I have to submi_b881c2", 20)): Test Cases/microsites/Tc5-FAQ FAILED.
Reason:
groovy.lang.MissingMethodException: No signature of method: static com.kms.katalon.core.testobject.ObjectRepository.findTestObject() is applicable for argument types: (java.lang.String, java.lang.Integer) values: [Object Repository/Microsite Prod/Page_Olay Holiday Program/mat-panel-title_How long do I have to submi_b881c2, ...]
Possible solutions: findTestObject(java.lang.String), findTestObject(java.lang.String, java.util.Map), findRequestObject(java.lang.String, java.io.File)
	at Tc5-FAQ.run(Tc5-FAQ:37)
	at com.kms.katalon.core.main.ScriptEngine.run(ScriptEngine.java:194)
	at com.kms.katalon.core.main.ScriptEngine.runScriptAsRawText(ScriptEngine.java:119)
	at com.kms.katalon.core.main.TestCaseExecutor.runScript(TestCaseExecutor.java:442)
	at com.kms.katalon.core.main.TestCaseExecutor.doExecute(TestCaseExecutor.java:433)
	at com.kms.katalon.core.main.TestCaseExecutor.processExecutionPhase(TestCaseExecutor.java:412)
	at com.kms.katalon.core.main.TestCaseExecutor.accessMainPhase(TestCaseExecutor.java:404)
	at com.kms.katalon.core.main.TestCaseExecutor.execute(TestCaseExecutor.java:281)
	at com.kms.katalon.core.main.TestCaseExecutor.execute(TestCaseExecutor.java:363)
	at com.kms.katalon.core.main.TestCaseExecutor.execute(TestCaseExecutor.java:363)
	at com.kms.katalon.core.main.TestCaseExecutor.execute(TestCaseExecutor.java:363)
	at com.kms.katalon.core.main.TestSuiteExecutor.accessTestCaseMainPhase(TestSuiteExecutor.java:202)
	at com.kms.katalon.core.main.TestSuiteExecutor.accessTestSuiteMainPhase(TestSuiteExecutor.java:164)
	at com.kms.katalon.core.main.TestSuiteExecutor.execute(TestSuiteExecutor.java:105)
	at com.kms.katalon.core.main.TestCaseMain.startTestSuite(TestCaseMain.java:181)
	at com.kms.katalon.core.main.TestCaseMain$startTestSuite$0.call(Unknown Source)
	at TempTestSuite1639477239493.run(TempTestSuite1639477239493.groovy:36)


2021-12-14 15:52:35 - [MESSAGE][ERROR] - Test Cases/microsites/Tc5-FAQ FAILED.
Reason:
groovy.lang.MissingMethodException: No signature of method: static com.kms.katalon.core.testobject.ObjectRepository.findTestObject() is applicable for argument types: (java.lang.String, java.lang.Integer) values: [Object Repository/Microsite Prod/Page_Olay Holiday Program/mat-panel-title_How long do I have to submi_b881c2, ...]
Possible solutions: findTestObject(java.lang.String), findTestObject(java.lang.String, java.util.Map), findRequestObject(java.lang.String, java.io.File)
	at Tc5-FAQ.run(Tc5-FAQ:37)
	at com.kms.katalon.core.main.ScriptEngine.run(ScriptEngine.java:194)
	at com.kms.katalon.core.main.ScriptEngine.runScriptAsRawText(ScriptEngine.java:119)
	at com.kms.katalon.core.main.TestCaseExecutor.runScript(TestCaseExecutor.java:442)
	at com.kms.katalon.core.main.TestCaseExecutor.doExecute(TestCaseExecutor.java:433)
	at com.kms.katalon.core.main.TestCaseExecutor.processExecutionPhase(TestCaseExecutor.java:412)
	at com.kms.katalon.core.main.TestCaseExecutor.accessMainPhase(TestCaseExecutor.java:404)
	at com.kms.katalon.core.main.TestCaseExecutor.execute(TestCaseExecutor.java:281)
	at com.kms.katalon.core.main.TestCaseExecutor.execute(TestCaseExecutor.java:363)
	at com.kms.katalon.core.main.TestCaseExecutor.execute(TestCaseExecutor.java:363)
	at com.kms.katalon.core.main.TestCaseExecutor.execute(TestCaseExecutor.java:363)
	at com.kms.katalon.core.main.TestSuiteExecutor.accessTestCaseMainPhase(TestSuiteExecutor.java:202)
	at com.kms.katalon.core.main.TestSuiteExecutor.accessTestSuiteMainPhase(TestSuiteExecutor.java:164)
	at com.kms.katalon.core.main.TestSuiteExecutor.execute(TestSuiteExecutor.java:105)
	at com.kms.katalon.core.main.TestCaseMain.startTestSuite(TestCaseMain.java:181)
	at com.kms.katalon.core.main.TestCaseMain$startTestSuite$0.call(Unknown Source)
	at TempTestSuite1639477239493.run(TempTestSuite1639477239493.groovy:36)]]></system-out>
         <system-err><![CDATA[2021-12-14 15:52:17 - [TEST_CASE][ERROR] - Test Cases/microsites/Tc5-FAQ: Test Cases/microsites/Tc5-FAQ FAILED.
Reason:
groovy.lang.MissingMethodException: No signature of method: static com.kms.katalon.core.testobject.ObjectRepository.findTestObject() is applicable for argument types: (java.lang.String, java.lang.Integer) values: [Object Repository/Microsite Prod/Page_Olay Holiday Program/mat-panel-title_How long do I have to submi_b881c2, ...]
Possible solutions: findTestObject(java.lang.String), findTestObject(java.lang.String, java.util.Map), findRequestObject(java.lang.String, java.io.File)
	at Tc5-FAQ.run(Tc5-FAQ:37)
	at com.kms.katalon.core.main.ScriptEngine.run(ScriptEngine.java:194)
	at com.kms.katalon.core.main.ScriptEngine.runScriptAsRawText(ScriptEngine.java:119)
	at com.kms.katalon.core.main.TestCaseExecutor.runScript(TestCaseExecutor.java:442)
	at com.kms.katalon.core.main.TestCaseExecutor.doExecute(TestCaseExecutor.java:433)
	at com.kms.katalon.core.main.TestCaseExecutor.processExecutionPhase(TestCaseExecutor.java:412)
	at com.kms.katalon.core.main.TestCaseExecutor.accessMainPhase(TestCaseExecutor.java:404)
	at com.kms.katalon.core.main.TestCaseExecutor.execute(TestCaseExecutor.java:281)
	at com.kms.katalon.core.main.TestCaseExecutor.execute(TestCaseExecutor.java:363)
	at com.kms.katalon.core.main.TestCaseExecutor.execute(TestCaseExecutor.java:363)
	at com.kms.katalon.core.main.TestCaseExecutor.execute(TestCaseExecutor.java:363)
	at com.kms.katalon.core.main.TestSuiteExecutor.accessTestCaseMainPhase(TestSuiteExecutor.java:202)
	at com.kms.katalon.core.main.TestSuiteExecutor.accessTestSuiteMainPhase(TestSuiteExecutor.java:164)
	at com.kms.katalon.core.main.TestSuiteExecutor.execute(TestSuiteExecutor.java:105)
	at com.kms.katalon.core.main.TestCaseMain.startTestSuite(TestCaseMain.java:181)
	at com.kms.katalon.core.main.TestCaseMain$startTestSuite$0.call(Unknown Source)
	at TempTestSuite1639477239493.run(TempTestSuite1639477239493.groovy:36)]]></system-err>
      </testcase>
      <testcase name="Test Cases/microsites/Tc6-Support" time="1.222" classname="Test Cases/microsites/Tc6-Support" status="FAILED">
         <failure type="FAILED" message="Test Cases/microsites/Tc6-Support FAILED.
Reason:
com.kms.katalon.core.exception.StepFailedException: Unable to navigate to 'https://olaygift.com/login'
	at com.kms.katalon.core.webui.keyword.internal.WebUIKeywordMain.stepFailed(WebUIKeywordMain.groovy:64)
	at com.kms.katalon.core.webui.keyword.internal.WebUIKeywordMain.runKeyword(WebUIKeywordMain.groovy:26)
	at com.kms.katalon.core.webui.keyword.builtin.NavigateToUrlKeyword.navigateToUrl(NavigateToUrlKeyword.groovy:83)
	at com.kms.katalon.core.webui.keyword.builtin.NavigateToUrlKeyword.execute(NavigateToUrlKeyword.groovy:67)
	at com.kms.katalon.core.keyword.internal.KeywordExecutor.executeKeywordForPlatform(KeywordExecutor.groovy:74)
	at com.kms.katalon.core.webui.keyword.WebUiBuiltInKeywords.navigateToUrl(WebUiBuiltInKeywords.groovy:187)
	at com.kms.katalon.core.webui.keyword.WebUiBuiltInKeywords$navigateToUrl$0.call(Unknown Source)
	at Tc6-Support.run(Tc6-Support:22)
	at com.kms.katalon.core.main.ScriptEngine.run(ScriptEngine.java:194)
	at com.kms.katalon.core.main.ScriptEngine.runScriptAsRawText(ScriptEngine.java:119)
	at com.kms.katalon.core.main.TestCaseExecutor.runScript(TestCaseExecutor.java:442)
	at com.kms.katalon.core.main.TestCaseExecutor.doExecute(TestCaseExecutor.java:433)
	at com.kms.katalon.core.main.TestCaseExecutor.processExecutionPhase(TestCaseExecutor.java:412)
	at com.kms.katalon.core.main.TestCaseExecutor.accessMainPhase(TestCaseExecutor.java:404)
	at com.kms.katalon.core.main.TestCaseExecutor.execute(TestCaseExecutor.java:281)
	at com.kms.katalon.core.main.TestCaseExecutor.execute(TestCaseExecutor.java:363)
	at com.kms.katalon.core.main.TestCaseExecutor.execute(TestCaseExecutor.java:363)
	at com.kms.katalon.core.main.TestCaseExecutor.execute(TestCaseExecutor.java:363)
	at com.kms.katalon.core.main.TestSuiteExecutor.accessTestCaseMainPhase(TestSuiteExecutor.java:202)
	at com.kms.katalon.core.main.TestSuiteExecutor.accessTestSuiteMainPhase(TestSuiteExecutor.java:164)
	at com.kms.katalon.core.main.TestSuiteExecutor.execute(TestSuiteExecutor.java:105)
	at com.kms.katalon.core.main.TestCaseMain.startTestSuite(TestCaseMain.java:181)
	at com.kms.katalon.core.main.TestCaseMain$startTestSuite$0.call(Unknown Source)
	at TempTestSuite1639477239493.run(TempTestSuite1639477239493.groovy:36)
Caused by: org.openqa.selenium.WebDriverException: unknown error: cannot determine loading status
from disconnected: received Inspector.detached event
  (Session info: chrome=95.0.4638.69)
Build info: version: '3.141.59', revision: 'e82be7d358', time: '2018-11-14T08:25:53'
System info: host: 'knoldus-Latitude-3520', ip: '127.0.1.1', os.name: 'Linux', os.arch: 'amd64', os.version: '5.11.0-41-generic', java.version: '1.8.0_292'
Driver info: com.kms.katalon.selenium.driver.CChromeDriver
Capabilities {acceptInsecureCerts: false, browserName: chrome, browserVersion: 95.0.4638.69, chrome: {chromedriverVersion: 95.0.4638.17 (a9d0719444d4b..., userDataDir: /tmp/.com.google.Chrome.rLoeV7}, goog:chromeOptions: {debuggerAddress: localhost:46309}, javascriptEnabled: true, networkConnectionEnabled: false, pageLoadStrategy: normal, platform: LINUX, platformName: LINUX, proxy: Proxy(), setWindowRect: true, strictFileInteractability: false, timeouts: {implicit: 0, pageLoad: 300000, script: 30000}, unhandledPromptBehavior: dismiss and notify, webauthn:extension:credBlob: true, webauthn:extension:largeBlob: true, webauthn:virtualAuthenticators: true}
Session ID: 29bf9ff338f68d0d949a61c717826dae
	at org.openqa.selenium.remote.http.W3CHttpResponseCodec.createException(W3CHttpResponseCodec.java:187)
	at org.openqa.selenium.remote.http.W3CHttpResponseCodec.decode(W3CHttpResponseCodec.java:122)
	at org.openqa.selenium.remote.http.W3CHttpResponseCodec.decode(W3CHttpResponseCodec.java:49)
	at org.openqa.selenium.remote.HttpCommandExecutor.execute(HttpCommandExecutor.java:158)
	at org.openqa.selenium.remote.service.DriverCommandExecutor.execute(DriverCommandExecutor.java:83)
	at org.openqa.selenium.remote.RemoteWebDriver.execute(RemoteWebDriver.java:552)
	at com.kms.katalon.selenium.driver.CChromeDriver.execute(CChromeDriver.java:19)
	at org.openqa.selenium.remote.RemoteWebDriver.get(RemoteWebDriver.java:277)
	at org.openqa.selenium.remote.RemoteWebDriver$RemoteNavigation.to(RemoteWebDriver.java:857)
	at org.openqa.selenium.support.events.EventFiringWebDriver$EventFiringNavigation.to(EventFiringWebDriver.java:569)
	at com.kms.katalon.core.webui.keyword.builtin.NavigateToUrlKeyword$_navigateToUrl_closure1.doCall(NavigateToUrlKeyword.groovy:81)
	at com.kms.katalon.core.webui.keyword.builtin.NavigateToUrlKeyword$_navigateToUrl_closure1.call(NavigateToUrlKeyword.groovy)
	at com.kms.katalon.core.webui.keyword.internal.WebUIKeywordMain.runKeyword(WebUIKeywordMain.groovy:20)
	... 22 more
"/>
         <system-out><![CDATA[2021-12-14 15:52:43 - [TEST_CASE][FAILED] - Test Cases/microsites/Tc6-Support: Test Cases/microsites/Tc6-Support FAILED.
Reason:
com.kms.katalon.core.exception.StepFailedException: Unable to navigate to 'https://olaygift.com/login'
	at com.kms.katalon.core.webui.keyword.internal.WebUIKeywordMain.stepFailed(WebUIKeywordMain.groovy:64)
	at com.kms.katalon.core.webui.keyword.internal.WebUIKeywordMain.runKeyword(WebUIKeywordMain.groovy:26)
	at com.kms.katalon.core.webui.keyword.builtin.NavigateToUrlKeyword.navigateToUrl(NavigateToUrlKeyword.groovy:83)
	at com.kms.katalon.core.webui.keyword.builtin.NavigateToUrlKeyword.execute(NavigateToUrlKeyword.groovy:67)
	at com.kms.katalon.core.keyword.internal.KeywordExecutor.executeKeywordForPlatform(KeywordExecutor.groovy:74)
	at com.kms.katalon.core.webui.keyword.WebUiBuiltInKeywords.navigateToUrl(WebUiBuiltInKeywords.groovy:187)
	at com.kms.katalon.core.webui.keyword.WebUiBuiltInKeywords$navigateToUrl$0.call(Unknown Source)
	at Tc6-Support.run(Tc6-Support:22)
	at com.kms.katalon.core.main.ScriptEngine.run(ScriptEngine.java:194)
	at com.kms.katalon.core.main.ScriptEngine.runScriptAsRawText(ScriptEngine.java:119)
	at com.kms.katalon.core.main.TestCaseExecutor.runScript(TestCaseExecutor.java:442)
	at com.kms.katalon.core.main.TestCaseExecutor.doExecute(TestCaseExecutor.java:433)
	at com.kms.katalon.core.main.TestCaseExecutor.processExecutionPhase(TestCaseExecutor.java:412)
	at com.kms.katalon.core.main.TestCaseExecutor.accessMainPhase(TestCaseExecutor.java:404)
	at com.kms.katalon.core.main.TestCaseExecutor.execute(TestCaseExecutor.java:281)
	at com.kms.katalon.core.main.TestCaseExecutor.execute(TestCaseExecutor.java:363)
	at com.kms.katalon.core.main.TestCaseExecutor.execute(TestCaseExecutor.java:363)
	at com.kms.katalon.core.main.TestCaseExecutor.execute(TestCaseExecutor.java:363)
	at com.kms.katalon.core.main.TestSuiteExecutor.accessTestCaseMainPhase(TestSuiteExecutor.java:202)
	at com.kms.katalon.core.main.TestSuiteExecutor.accessTestSuiteMainPhase(TestSuiteExecutor.java:164)
	at com.kms.katalon.core.main.TestSuiteExecutor.execute(TestSuiteExecutor.java:105)
	at com.kms.katalon.core.main.TestCaseMain.startTestSuite(TestCaseMain.java:181)
	at com.kms.katalon.core.main.TestCaseMain$startTestSuite$0.call(Unknown Source)
	at TempTestSuite1639477239493.run(TempTestSuite1639477239493.groovy:36)
Caused by: org.openqa.selenium.WebDriverException: unknown error: cannot determine loading status
from disconnected: received Inspector.detached event
  (Session info: chrome=95.0.4638.69)
Build info: version: '3.141.59', revision: 'e82be7d358', time: '2018-11-14T08:25:53'
System info: host: 'knoldus-Latitude-3520', ip: '127.0.1.1', os.name: 'Linux', os.arch: 'amd64', os.version: '5.11.0-41-generic', java.version: '1.8.0_292'
Driver info: com.kms.katalon.selenium.driver.CChromeDriver
Capabilities {acceptInsecureCerts: false, browserName: chrome, browserVersion: 95.0.4638.69, chrome: {chromedriverVersion: 95.0.4638.17 (a9d0719444d4b..., userDataDir: /tmp/.com.google.Chrome.rLoeV7}, goog:chromeOptions: {debuggerAddress: localhost:46309}, javascriptEnabled: true, networkConnectionEnabled: false, pageLoadStrategy: normal, platform: LINUX, platformName: LINUX, proxy: Proxy(), setWindowRect: true, strictFileInteractability: false, timeouts: {implicit: 0, pageLoad: 300000, script: 30000}, unhandledPromptBehavior: dismiss and notify, webauthn:extension:credBlob: true, webauthn:extension:largeBlob: true, webauthn:virtualAuthenticators: true}
Session ID: 29bf9ff338f68d0d949a61c717826dae
	at org.openqa.selenium.remote.http.W3CHttpResponseCodec.createException(W3CHttpResponseCodec.java:187)
	at org.openqa.selenium.remote.http.W3CHttpResponseCodec.decode(W3CHttpResponseCodec.java:122)
	at org.openqa.selenium.remote.http.W3CHttpResponseCodec.decode(W3CHttpResponseCodec.java:49)
	at org.openqa.selenium.remote.HttpCommandExecutor.execute(HttpCommandExecutor.java:158)
	at org.openqa.selenium.remote.service.DriverCommandExecutor.execute(DriverCommandExecutor.java:83)
	at org.openqa.selenium.remote.RemoteWebDriver.execute(RemoteWebDriver.java:552)
	at com.kms.katalon.selenium.driver.CChromeDriver.execute(CChromeDriver.java:19)
	at org.openqa.selenium.remote.RemoteWebDriver.get(RemoteWebDriver.java:277)
	at org.openqa.selenium.remote.RemoteWebDriver$RemoteNavigation.to(RemoteWebDriver.java:857)
	at org.openqa.selenium.support.events.EventFiringWebDriver$EventFiringNavigation.to(EventFiringWebDriver.java:569)
	at com.kms.katalon.core.webui.keyword.builtin.NavigateToUrlKeyword$_navigateToUrl_closure1.doCall(NavigateToUrlKeyword.groovy:81)
	at com.kms.katalon.core.webui.keyword.builtin.NavigateToUrlKeyword$_navigateToUrl_closure1.call(NavigateToUrlKeyword.groovy)
	at com.kms.katalon.core.webui.keyword.internal.WebUIKeywordMain.runKeyword(WebUIKeywordMain.groovy:20)
	... 22 more


2021-12-14 15:52:43 - [TEST_STEP][PASSED] - openBrowser(""): Browser is opened with url: ''

2021-12-14 15:52:43 - [MESSAGE][WARNING] - A browser is already opened. Closing browser and opening a new one

2021-12-14 15:52:43 - [MESSAGE][INFO] - Starting 'Chrome' driver

2021-12-14 15:52:43 - [MESSAGE][INFO] - Action delay is set to 0 milliseconds

2021-12-14 15:52:43 - [MESSAGE][PASSED] - Browser is opened with url: ''

2021-12-14 15:52:43 - [TEST_STEP][FAILED] - navigateToUrl(Url): Unable to navigate to 'https://olaygift.com/login' (Root cause: com.kms.katalon.core.exception.StepFailedException: Unable to navigate to 'https://olaygift.com/login'
	at com.kms.katalon.core.webui.keyword.internal.WebUIKeywordMain.stepFailed(WebUIKeywordMain.groovy:64)
	at com.kms.katalon.core.webui.keyword.internal.WebUIKeywordMain.runKeyword(WebUIKeywordMain.groovy:26)
	at com.kms.katalon.core.webui.keyword.builtin.NavigateToUrlKeyword.navigateToUrl(NavigateToUrlKeyword.groovy:83)
	at com.kms.katalon.core.webui.keyword.builtin.NavigateToUrlKeyword.execute(NavigateToUrlKeyword.groovy:67)
	at com.kms.katalon.core.keyword.internal.KeywordExecutor.executeKeywordForPlatform(KeywordExecutor.groovy:74)
	at com.kms.katalon.core.webui.keyword.WebUiBuiltInKeywords.navigateToUrl(WebUiBuiltInKeywords.groovy:187)
	at com.kms.katalon.core.webui.keyword.WebUiBuiltInKeywords$navigateToUrl$0.call(Unknown Source)
	at Tc6-Support.run(Tc6-Support:22)
	at com.kms.katalon.core.main.ScriptEngine.run(ScriptEngine.java:194)
	at com.kms.katalon.core.main.ScriptEngine.runScriptAsRawText(ScriptEngine.java:119)
	at com.kms.katalon.core.main.TestCaseExecutor.runScript(TestCaseExecutor.java:442)
	at com.kms.katalon.core.main.TestCaseExecutor.doExecute(TestCaseExecutor.java:433)
	at com.kms.katalon.core.main.TestCaseExecutor.processExecutionPhase(TestCaseExecutor.java:412)
	at com.kms.katalon.core.main.TestCaseExecutor.accessMainPhase(TestCaseExecutor.java:404)
	at com.kms.katalon.core.main.TestCaseExecutor.execute(TestCaseExecutor.java:281)
	at com.kms.katalon.core.main.TestCaseExecutor.execute(TestCaseExecutor.java:363)
	at com.kms.katalon.core.main.TestCaseExecutor.execute(TestCaseExecutor.java:363)
	at com.kms.katalon.core.main.TestCaseExecutor.execute(TestCaseExecutor.java:363)
	at com.kms.katalon.core.main.TestSuiteExecutor.accessTestCaseMainPhase(TestSuiteExecutor.java:202)
	at com.kms.katalon.core.main.TestSuiteExecutor.accessTestSuiteMainPhase(TestSuiteExecutor.java:164)
	at com.kms.katalon.core.main.TestSuiteExecutor.execute(TestSuiteExecutor.java:105)
	at com.kms.katalon.core.main.TestCaseMain.startTestSuite(TestCaseMain.java:181)
	at com.kms.katalon.core.main.TestCaseMain$startTestSuite$0.call(Unknown Source)
	at TempTestSuite1639477239493.run(TempTestSuite1639477239493.groovy:36)
Caused by: org.openqa.selenium.WebDriverException: unknown error: cannot determine loading status
from disconnected: received Inspector.detached event
  (Session info: chrome=95.0.4638.69)
Build info: version: '3.141.59', revision: 'e82be7d358', time: '2018-11-14T08:25:53'
System info: host: 'knoldus-Latitude-3520', ip: '127.0.1.1', os.name: 'Linux', os.arch: 'amd64', os.version: '5.11.0-41-generic', java.version: '1.8.0_292'
Driver info: com.kms.katalon.selenium.driver.CChromeDriver
Capabilities {acceptInsecureCerts: false, browserName: chrome, browserVersion: 95.0.4638.69, chrome: {chromedriverVersion: 95.0.4638.17 (a9d0719444d4b..., userDataDir: /tmp/.com.google.Chrome.rLoeV7}, goog:chromeOptions: {debuggerAddress: localhost:46309}, javascriptEnabled: true, networkConnectionEnabled: false, pageLoadStrategy: normal, platform: LINUX, platformName: LINUX, proxy: Proxy(), setWindowRect: true, strictFileInteractability: false, timeouts: {implicit: 0, pageLoad: 300000, script: 30000}, unhandledPromptBehavior: dismiss and notify, webauthn:extension:credBlob: true, webauthn:extension:largeBlob: true, webauthn:virtualAuthenticators: true}
Session ID: 29bf9ff338f68d0d949a61c717826dae
	at org.openqa.selenium.remote.http.W3CHttpResponseCodec.createException(W3CHttpResponseCodec.java:187)
	at org.openqa.selenium.remote.http.W3CHttpResponseCodec.decode(W3CHttpResponseCodec.java:122)
	at org.openqa.selenium.remote.http.W3CHttpResponseCodec.decode(W3CHttpResponseCodec.java:49)
	at org.openqa.selenium.remote.HttpCommandExecutor.execute(HttpCommandExecutor.java:158)
	at org.openqa.selenium.remote.service.DriverCommandExecutor.execute(DriverCommandExecutor.java:83)
	at org.openqa.selenium.remote.RemoteWebDriver.execute(RemoteWebDriver.java:552)
	at com.kms.katalon.selenium.driver.CChromeDriver.execute(CChromeDriver.java:19)
	at org.openqa.selenium.remote.RemoteWebDriver.get(RemoteWebDriver.java:277)
	at org.openqa.selenium.remote.RemoteWebDriver$RemoteNavigation.to(RemoteWebDriver.java:857)
	at org.openqa.selenium.support.events.EventFiringWebDriver$EventFiringNavigation.to(EventFiringWebDriver.java:569)
	at com.kms.katalon.core.webui.keyword.builtin.NavigateToUrlKeyword$_navigateToUrl_closure1.doCall(NavigateToUrlKeyword.groovy:81)
	at com.kms.katalon.core.webui.keyword.builtin.NavigateToUrlKeyword$_navigateToUrl_closure1.call(NavigateToUrlKeyword.groovy)
	at com.kms.katalon.core.webui.keyword.internal.WebUIKeywordMain.runKeyword(WebUIKeywordMain.groovy:20)
	at com.kms.katalon.core.webui.keyword.builtin.NavigateToUrlKeyword.navigateToUrl(NavigateToUrlKeyword.groovy:83)
	at com.kms.katalon.core.webui.keyword.builtin.NavigateToUrlKeyword.execute(NavigateToUrlKeyword.groovy:67)
	at com.kms.katalon.core.keyword.internal.KeywordExecutor.executeKeywordForPlatform(KeywordExecutor.groovy:74)
	at com.kms.katalon.core.webui.keyword.WebUiBuiltInKeywords.navigateToUrl(WebUiBuiltInKeywords.groovy:187)
	at com.kms.katalon.core.webui.keyword.WebUiBuiltInKeywords$navigateToUrl$0.call(Unknown Source)
	at Script1639476917279.run(Script1639476917279.groovy:22)
	... 16 more
)

2021-12-14 15:52:44 - [MESSAGE][WARNING] - Cannot take screenshot

2021-12-14 15:52:44 - [MESSAGE][FAILED] - Unable to navigate to 'https://olaygift.com/login' (Root cause: com.kms.katalon.core.exception.StepFailedException: Unable to navigate to 'https://olaygift.com/login'
	at com.kms.katalon.core.webui.keyword.internal.WebUIKeywordMain.stepFailed(WebUIKeywordMain.groovy:64)
	at com.kms.katalon.core.webui.keyword.internal.WebUIKeywordMain.runKeyword(WebUIKeywordMain.groovy:26)
	at com.kms.katalon.core.webui.keyword.builtin.NavigateToUrlKeyword.navigateToUrl(NavigateToUrlKeyword.groovy:83)
	at com.kms.katalon.core.webui.keyword.builtin.NavigateToUrlKeyword.execute(NavigateToUrlKeyword.groovy:67)
	at com.kms.katalon.core.keyword.internal.KeywordExecutor.executeKeywordForPlatform(KeywordExecutor.groovy:74)
	at com.kms.katalon.core.webui.keyword.WebUiBuiltInKeywords.navigateToUrl(WebUiBuiltInKeywords.groovy:187)
	at com.kms.katalon.core.webui.keyword.WebUiBuiltInKeywords$navigateToUrl$0.call(Unknown Source)
	at Tc6-Support.run(Tc6-Support:22)
	at com.kms.katalon.core.main.ScriptEngine.run(ScriptEngine.java:194)
	at com.kms.katalon.core.main.ScriptEngine.runScriptAsRawText(ScriptEngine.java:119)
	at com.kms.katalon.core.main.TestCaseExecutor.runScript(TestCaseExecutor.java:442)
	at com.kms.katalon.core.main.TestCaseExecutor.doExecute(TestCaseExecutor.java:433)
	at com.kms.katalon.core.main.TestCaseExecutor.processExecutionPhase(TestCaseExecutor.java:412)
	at com.kms.katalon.core.main.TestCaseExecutor.accessMainPhase(TestCaseExecutor.java:404)
	at com.kms.katalon.core.main.TestCaseExecutor.execute(TestCaseExecutor.java:281)
	at com.kms.katalon.core.main.TestCaseExecutor.execute(TestCaseExecutor.java:363)
	at com.kms.katalon.core.main.TestCaseExecutor.execute(TestCaseExecutor.java:363)
	at com.kms.katalon.core.main.TestCaseExecutor.execute(TestCaseExecutor.java:363)
	at com.kms.katalon.core.main.TestSuiteExecutor.accessTestCaseMainPhase(TestSuiteExecutor.java:202)
	at com.kms.katalon.core.main.TestSuiteExecutor.accessTestSuiteMainPhase(TestSuiteExecutor.java:164)
	at com.kms.katalon.core.main.TestSuiteExecutor.execute(TestSuiteExecutor.java:105)
	at com.kms.katalon.core.main.TestCaseMain.startTestSuite(TestCaseMain.java:181)
	at com.kms.katalon.core.main.TestCaseMain$startTestSuite$0.call(Unknown Source)
	at TempTestSuite1639477239493.run(TempTestSuite1639477239493.groovy:36)
Caused by: org.openqa.selenium.WebDriverException: unknown error: cannot determine loading status
from disconnected: received Inspector.detached event
  (Session info: chrome=95.0.4638.69)
Build info: version: '3.141.59', revision: 'e82be7d358', time: '2018-11-14T08:25:53'
System info: host: 'knoldus-Latitude-3520', ip: '127.0.1.1', os.name: 'Linux', os.arch: 'amd64', os.version: '5.11.0-41-generic', java.version: '1.8.0_292'
Driver info: com.kms.katalon.selenium.driver.CChromeDriver
Capabilities {acceptInsecureCerts: false, browserName: chrome, browserVersion: 95.0.4638.69, chrome: {chromedriverVersion: 95.0.4638.17 (a9d0719444d4b..., userDataDir: /tmp/.com.google.Chrome.rLoeV7}, goog:chromeOptions: {debuggerAddress: localhost:46309}, javascriptEnabled: true, networkConnectionEnabled: false, pageLoadStrategy: normal, platform: LINUX, platformName: LINUX, proxy: Proxy(), setWindowRect: true, strictFileInteractability: false, timeouts: {implicit: 0, pageLoad: 300000, script: 30000}, unhandledPromptBehavior: dismiss and notify, webauthn:extension:credBlob: true, webauthn:extension:largeBlob: true, webauthn:virtualAuthenticators: true}
Session ID: 29bf9ff338f68d0d949a61c717826dae
	at org.openqa.selenium.remote.http.W3CHttpResponseCodec.createException(W3CHttpResponseCodec.java:187)
	at org.openqa.selenium.remote.http.W3CHttpResponseCodec.decode(W3CHttpResponseCodec.java:122)
	at org.openqa.selenium.remote.http.W3CHttpResponseCodec.decode(W3CHttpResponseCodec.java:49)
	at org.openqa.selenium.remote.HttpCommandExecutor.execute(HttpCommandExecutor.java:158)
	at org.openqa.selenium.remote.service.DriverCommandExecutor.execute(DriverCommandExecutor.java:83)
	at org.openqa.selenium.remote.RemoteWebDriver.execute(RemoteWebDriver.java:552)
	at com.kms.katalon.selenium.driver.CChromeDriver.execute(CChromeDriver.java:19)
	at org.openqa.selenium.remote.RemoteWebDriver.get(RemoteWebDriver.java:277)
	at org.openqa.selenium.remote.RemoteWebDriver$RemoteNavigation.to(RemoteWebDriver.java:857)
	at org.openqa.selenium.support.events.EventFiringWebDriver$EventFiringNavigation.to(EventFiringWebDriver.java:569)
	at com.kms.katalon.core.webui.keyword.builtin.NavigateToUrlKeyword$_navigateToUrl_closure1.doCall(NavigateToUrlKeyword.groovy:81)
	at com.kms.katalon.core.webui.keyword.builtin.NavigateToUrlKeyword$_navigateToUrl_closure1.call(NavigateToUrlKeyword.groovy)
	at com.kms.katalon.core.webui.keyword.internal.WebUIKeywordMain.runKeyword(WebUIKeywordMain.groovy:20)
	at com.kms.katalon.core.webui.keyword.builtin.NavigateToUrlKeyword.navigateToUrl(NavigateToUrlKeyword.groovy:83)
	at com.kms.katalon.core.webui.keyword.builtin.NavigateToUrlKeyword.execute(NavigateToUrlKeyword.groovy:67)
	at com.kms.katalon.core.keyword.internal.KeywordExecutor.executeKeywordForPlatform(KeywordExecutor.groovy:74)
	at com.kms.katalon.core.webui.keyword.WebUiBuiltInKeywords.navigateToUrl(WebUiBuiltInKeywords.groovy:187)
	at com.kms.katalon.core.webui.keyword.WebUiBuiltInKeywords$navigateToUrl$0.call(Unknown Source)
	at Script1639476917279.run(Script1639476917279.groovy:22)
	... 16 more
)]]></system-out>
         <system-err><![CDATA[2021-12-14 15:52:43 - [TEST_CASE][FAILED] - Test Cases/microsites/Tc6-Support: Test Cases/microsites/Tc6-Support FAILED.
Reason:
com.kms.katalon.core.exception.StepFailedException: Unable to navigate to 'https://olaygift.com/login'
	at com.kms.katalon.core.webui.keyword.internal.WebUIKeywordMain.stepFailed(WebUIKeywordMain.groovy:64)
	at com.kms.katalon.core.webui.keyword.internal.WebUIKeywordMain.runKeyword(WebUIKeywordMain.groovy:26)
	at com.kms.katalon.core.webui.keyword.builtin.NavigateToUrlKeyword.navigateToUrl(NavigateToUrlKeyword.groovy:83)
	at com.kms.katalon.core.webui.keyword.builtin.NavigateToUrlKeyword.execute(NavigateToUrlKeyword.groovy:67)
	at com.kms.katalon.core.keyword.internal.KeywordExecutor.executeKeywordForPlatform(KeywordExecutor.groovy:74)
	at com.kms.katalon.core.webui.keyword.WebUiBuiltInKeywords.navigateToUrl(WebUiBuiltInKeywords.groovy:187)
	at com.kms.katalon.core.webui.keyword.WebUiBuiltInKeywords$navigateToUrl$0.call(Unknown Source)
	at Tc6-Support.run(Tc6-Support:22)
	at com.kms.katalon.core.main.ScriptEngine.run(ScriptEngine.java:194)
	at com.kms.katalon.core.main.ScriptEngine.runScriptAsRawText(ScriptEngine.java:119)
	at com.kms.katalon.core.main.TestCaseExecutor.runScript(TestCaseExecutor.java:442)
	at com.kms.katalon.core.main.TestCaseExecutor.doExecute(TestCaseExecutor.java:433)
	at com.kms.katalon.core.main.TestCaseExecutor.processExecutionPhase(TestCaseExecutor.java:412)
	at com.kms.katalon.core.main.TestCaseExecutor.accessMainPhase(TestCaseExecutor.java:404)
	at com.kms.katalon.core.main.TestCaseExecutor.execute(TestCaseExecutor.java:281)
	at com.kms.katalon.core.main.TestCaseExecutor.execute(TestCaseExecutor.java:363)
	at com.kms.katalon.core.main.TestCaseExecutor.execute(TestCaseExecutor.java:363)
	at com.kms.katalon.core.main.TestCaseExecutor.execute(TestCaseExecutor.java:363)
	at com.kms.katalon.core.main.TestSuiteExecutor.accessTestCaseMainPhase(TestSuiteExecutor.java:202)
	at com.kms.katalon.core.main.TestSuiteExecutor.accessTestSuiteMainPhase(TestSuiteExecutor.java:164)
	at com.kms.katalon.core.main.TestSuiteExecutor.execute(TestSuiteExecutor.java:105)
	at com.kms.katalon.core.main.TestCaseMain.startTestSuite(TestCaseMain.java:181)
	at com.kms.katalon.core.main.TestCaseMain$startTestSuite$0.call(Unknown Source)
	at TempTestSuite1639477239493.run(TempTestSuite1639477239493.groovy:36)
Caused by: org.openqa.selenium.WebDriverException: unknown error: cannot determine loading status
from disconnected: received Inspector.detached event
  (Session info: chrome=95.0.4638.69)
Build info: version: '3.141.59', revision: 'e82be7d358', time: '2018-11-14T08:25:53'
System info: host: 'knoldus-Latitude-3520', ip: '127.0.1.1', os.name: 'Linux', os.arch: 'amd64', os.version: '5.11.0-41-generic', java.version: '1.8.0_292'
Driver info: com.kms.katalon.selenium.driver.CChromeDriver
Capabilities {acceptInsecureCerts: false, browserName: chrome, browserVersion: 95.0.4638.69, chrome: {chromedriverVersion: 95.0.4638.17 (a9d0719444d4b..., userDataDir: /tmp/.com.google.Chrome.rLoeV7}, goog:chromeOptions: {debuggerAddress: localhost:46309}, javascriptEnabled: true, networkConnectionEnabled: false, pageLoadStrategy: normal, platform: LINUX, platformName: LINUX, proxy: Proxy(), setWindowRect: true, strictFileInteractability: false, timeouts: {implicit: 0, pageLoad: 300000, script: 30000}, unhandledPromptBehavior: dismiss and notify, webauthn:extension:credBlob: true, webauthn:extension:largeBlob: true, webauthn:virtualAuthenticators: true}
Session ID: 29bf9ff338f68d0d949a61c717826dae
	at org.openqa.selenium.remote.http.W3CHttpResponseCodec.createException(W3CHttpResponseCodec.java:187)
	at org.openqa.selenium.remote.http.W3CHttpResponseCodec.decode(W3CHttpResponseCodec.java:122)
	at org.openqa.selenium.remote.http.W3CHttpResponseCodec.decode(W3CHttpResponseCodec.java:49)
	at org.openqa.selenium.remote.HttpCommandExecutor.execute(HttpCommandExecutor.java:158)
	at org.openqa.selenium.remote.service.DriverCommandExecutor.execute(DriverCommandExecutor.java:83)
	at org.openqa.selenium.remote.RemoteWebDriver.execute(RemoteWebDriver.java:552)
	at com.kms.katalon.selenium.driver.CChromeDriver.execute(CChromeDriver.java:19)
	at org.openqa.selenium.remote.RemoteWebDriver.get(RemoteWebDriver.java:277)
	at org.openqa.selenium.remote.RemoteWebDriver$RemoteNavigation.to(RemoteWebDriver.java:857)
	at org.openqa.selenium.support.events.EventFiringWebDriver$EventFiringNavigation.to(EventFiringWebDriver.java:569)
	at com.kms.katalon.core.webui.keyword.builtin.NavigateToUrlKeyword$_navigateToUrl_closure1.doCall(NavigateToUrlKeyword.groovy:81)
	at com.kms.katalon.core.webui.keyword.builtin.NavigateToUrlKeyword$_navigateToUrl_closure1.call(NavigateToUrlKeyword.groovy)
	at com.kms.katalon.core.webui.keyword.internal.WebUIKeywordMain.runKeyword(WebUIKeywordMain.groovy:20)
	... 22 more]]></system-err>
      </testcase>
      <system-out><![CDATA[2021-12-14 15:50:48 - [TEST_SUITE][ERROR] - Olay: Test Cases/microsites/Tc5-FAQ FAILED.
Reason:
groovy.lang.MissingMethodException: No signature of method: static com.kms.katalon.core.testobject.ObjectRepository.findTestObject() is applicable for argument types: (java.lang.String, java.lang.Integer) values: [Object Repository/Microsite Prod/Page_Olay Holiday Program/mat-panel-title_How long do I have to submi_b881c2, ...]
Possible solutions: findTestObject(java.lang.String), findTestObject(java.lang.String, java.util.Map), findRequestObject(java.lang.String, java.io.File)
	at Tc5-FAQ.run(Tc5-FAQ:37)
	at com.kms.katalon.core.main.ScriptEngine.run(ScriptEngine.java:194)
	at com.kms.katalon.core.main.ScriptEngine.runScriptAsRawText(ScriptEngine.java:119)
	at com.kms.katalon.core.main.TestCaseExecutor.runScript(TestCaseExecutor.java:442)
	at com.kms.katalon.core.main.TestCaseExecutor.doExecute(TestCaseExecutor.java:433)
	at com.kms.katalon.core.main.TestCaseExecutor.processExecutionPhase(TestCaseExecutor.java:412)
	at com.kms.katalon.core.main.TestCaseExecutor.accessMainPhase(TestCaseExecutor.java:404)
	at com.kms.katalon.core.main.TestCaseExecutor.execute(TestCaseExecutor.java:281)
	at com.kms.katalon.core.main.TestSuiteExecutor.accessTestCaseMainPhase(TestSuiteExecutor.java:202)
	at com.kms.katalon.core.main.TestSuiteExecutor.accessTestSuiteMainPhase(TestSuiteExecutor.java:164)
	at com.kms.katalon.core.main.TestSuiteExecutor.execute(TestSuiteExecutor.java:105)
	at com.kms.katalon.core.main.TestCaseMain.startTestSuite(TestCaseMain.java:181)
	at com.kms.katalon.core.main.TestCaseMain$startTestSuite$0.call(Unknown Source)
	at TempTestSuite1639477239493.run(TempTestSuite1639477239493.groovy:36)]]></system-out>
      <system-err><![CDATA[2021-12-14 15:50:48 - [TEST_SUITE][ERROR] - Olay: Test Cases/microsites/Tc5-FAQ FAILED.
Reason:
groovy.lang.MissingMethodException: No signature of method: static com.kms.katalon.core.testobject.ObjectRepository.findTestObject() is applicable for argument types: (java.lang.String, java.lang.Integer) values: [Object Repository/Microsite Prod/Page_Olay Holiday Program/mat-panel-title_How long do I have to submi_b881c2, ...]
Possible solutions: findTestObject(java.lang.String), findTestObject(java.lang.String, java.util.Map), findRequestObject(java.lang.String, java.io.File)
	at Tc5-FAQ.run(Tc5-FAQ:37)
	at com.kms.katalon.core.main.ScriptEngine.run(ScriptEngine.java:194)
	at com.kms.katalon.core.main.ScriptEngine.runScriptAsRawText(ScriptEngine.java:119)
	at com.kms.katalon.core.main.TestCaseExecutor.runScript(TestCaseExecutor.java:442)
	at com.kms.katalon.core.main.TestCaseExecutor.doExecute(TestCaseExecutor.java:433)
	at com.kms.katalon.core.main.TestCaseExecutor.processExecutionPhase(TestCaseExecutor.java:412)
	at com.kms.katalon.core.main.TestCaseExecutor.accessMainPhase(TestCaseExecutor.java:404)
	at com.kms.katalon.core.main.TestCaseExecutor.execute(TestCaseExecutor.java:281)
	at com.kms.katalon.core.main.TestSuiteExecutor.accessTestCaseMainPhase(TestSuiteExecutor.java:202)
	at com.kms.katalon.core.main.TestSuiteExecutor.accessTestSuiteMainPhase(TestSuiteExecutor.java:164)
	at com.kms.katalon.core.main.TestSuiteExecutor.execute(TestSuiteExecutor.java:105)
	at com.kms.katalon.core.main.TestCaseMain.startTestSuite(TestCaseMain.java:181)
	at com.kms.katalon.core.main.TestCaseMain$startTestSuite$0.call(Unknown Source)
	at TempTestSuite1639477239493.run(TempTestSuite1639477239493.groovy:36)]]></system-err>
   </testsuite>
</testsuites>
