<?xml version="1.0" encoding="UTF-8"?>
<testsuites name="Microsite olay" time="626.626" tests="13" failures="2" errors="0">
   <testsuite name="Microsite olay" tests="13" failures="2" errors="0" time="626.626" skipped="0" timestamp="2021-12-20 10:57:26" hostname="knoldus - knoldus-Latitude-3520" id="Test Suites/Microsite olay Staging/Microsite olay">
      <properties>
         <property name="deviceName" value=""/>
         <property name="devicePlatform" value=""/>
         <property name="logFolder" value="/home/knoldus/Katalon Studio/Learn1/Reports/20211220_105717/Microsite olay Staging/Microsite olay/20211220_105717"/>
         <property name="logFiles" value="/home/knoldus/Katalon Studio/Learn1/Reports/20211220_105717/Microsite olay Staging/Microsite olay/20211220_105717/execution0.log"/>
         <property name="attachments" value="/home/knoldus/Katalon Studio/Learn1/Reports/20211220_105717/Microsite olay Staging/Microsite olay/20211220_105717/1639978064405.png, /home/knoldus/Katalon Studio/Learn1/Reports/20211220_105717/Microsite olay Staging/Microsite olay/20211220_105717/1639978109318.png, /home/knoldus/Katalon Studio/Learn1/Reports/20211220_105717/Microsite olay Staging/Microsite olay/20211220_105717/1639978123474.png, /home/knoldus/Katalon Studio/Learn1/Reports/20211220_105717/Microsite olay Staging/Microsite olay/20211220_105717/1639978143010.png, /home/knoldus/Katalon Studio/Learn1/Reports/20211220_105717/Microsite olay Staging/Microsite olay/20211220_105717/1639978188927.png, /home/knoldus/Katalon Studio/Learn1/Reports/20211220_105717/Microsite olay Staging/Microsite olay/20211220_105717/1639978286647.png, /home/knoldus/Katalon Studio/Learn1/Reports/20211220_105717/Microsite olay Staging/Microsite olay/20211220_105717/1639978383296.png, /home/knoldus/Katalon Studio/Learn1/Reports/20211220_105717/Microsite olay Staging/Microsite olay/20211220_105717/1639978432598.png, /home/knoldus/Katalon Studio/Learn1/Reports/20211220_105717/Microsite olay Staging/Microsite olay/20211220_105717/1639978432674.png, /home/knoldus/Katalon Studio/Learn1/Reports/20211220_105717/Microsite olay Staging/Microsite olay/20211220_105717/1639978476142.png, /home/knoldus/Katalon Studio/Learn1/Reports/20211220_105717/Microsite olay Staging/Microsite olay/20211220_105717/1639978476200.png, /home/knoldus/Katalon Studio/Learn1/Reports/20211220_105717/Microsite olay Staging/Microsite olay/20211220_105717/1639978558360.png, /home/knoldus/Katalon Studio/Learn1/Reports/20211220_105717/Microsite olay Staging/Microsite olay/20211220_105717/1639978572038.png, /home/knoldus/Katalon Studio/Learn1/Reports/20211220_105717/Microsite olay Staging/Microsite olay/20211220_105717/1639978576614.png, /home/knoldus/Katalon Studio/Learn1/Reports/20211220_105717/Microsite olay Staging/Microsite olay/20211220_105717/1639978589431.png, /home/knoldus/Katalon Studio/Learn1/Reports/20211220_105717/Microsite olay Staging/Microsite olay/20211220_105717/1639978593021.png, /home/knoldus/Katalon Studio/Learn1/Reports/20211220_105717/Microsite olay Staging/Microsite olay/20211220_105717/1639978606328.png, /home/knoldus/Katalon Studio/Learn1/Reports/20211220_105717/Microsite olay Staging/Microsite olay/20211220_105717/1639978619986.png, /home/knoldus/Katalon Studio/Learn1/Reports/20211220_105717/Microsite olay Staging/Microsite olay/20211220_105717/1639978620063.png, /home/knoldus/Katalon Studio/Learn1/Reports/20211220_105717/Microsite olay Staging/Microsite olay/20211220_105717/1639978634834.png, /home/knoldus/Katalon Studio/Learn1/Reports/20211220_105717/Microsite olay Staging/Microsite olay/20211220_105717/1639978672957.png, /home/knoldus/Katalon Studio/Learn1/Reports/20211220_105717/Microsite olay Staging/Microsite olay/20211220_105717/1639978673044.png"/>
         <property name="hostName" value="knoldus - knoldus-Latitude-3520"/>
         <property name="os" value="Linux 64bit"/>
         <property name="katalonVersion" value="8.2.0.208"/>
         <property name="browser" value="Chrome 95.0.4638.69"/>
         <property name="hostAddress" value="127.0.1.1"/>
         <property name="sessionId" value="595edea5ab6971cf9dd45e5b6bb5863a"/>
         <property name="seleniumVersion" value="3.141.59"/>
         <property name="proxyInformation" value="ProxyInformation { proxyOption=NO_PROXY, proxyServerType=HTTP, username=, password=********, proxyServerAddress=, proxyServerPort=0, executionList=&quot;&quot;, isApplyToDesiredCapabilities=true }"/>
         <property name="platform" value="Linux"/>
      </properties>
      <testcase name="Test Cases/microsite staging/Login/Tc-1(Login)" time="17.711" classname="Test Cases/microsite staging/Login/Tc-1(Login)" status="PASSED">
         <system-out><![CDATA[2021-12-20 10:57:26 - [TEST_CASE][PASSED] - Test Cases/microsite staging/Login/Tc-1(Login): Test Cases/microsite staging/Login/Tc-1(Login)

2021-12-20 10:57:26 - [TEST_STEP][PASSED] - callTestCase(findTestCase("microsite staging/Open browser/Tc2-Login"), [:], STOP_ON_FAILURE): Call Test Case 'Test Cases/microsite staging/Open browser/Tc2-Login' successfully

2021-12-20 10:57:27 - [TEST_CASE][PASSED] - Test Cases/microsite staging/Open browser/Tc2-Login: Test Cases/microsite staging/Open browser/Tc2-Login

2021-12-20 10:57:27 - [TEST_STEP][PASSED] - callTestCase(findTestCase("microsite staging/Open browser/Tc-1(Open Browser)"), [:], STOP_ON_FAILURE): Call Test Case 'Test Cases/microsite staging/Open browser/Tc-1(Open Browser)' successfully

2021-12-20 10:57:27 - [TEST_CASE][PASSED] - Test Cases/microsite staging/Open browser/Tc-1(Open Browser): Test Cases/microsite staging/Open browser/Tc-1(Open Browser)

2021-12-20 10:57:27 - [TEST_STEP][PASSED] - openBrowser(""): Browser is opened with url: ''

2021-12-20 10:57:27 - [MESSAGE][INFO] - Starting 'Chrome' driver

2021-12-20 10:57:27 - [MESSAGE][INFO] - Action delay is set to 0 milliseconds

2021-12-20 10:57:28 - [MESSAGE][PASSED] - Browser is opened with url: ''

2021-12-20 10:57:28 - [TEST_STEP][PASSED] - navigateToUrl(urlstaging): Navigate to 'https://holidayolay.3tlstaging.com/login' successfully

2021-12-20 10:57:40 - [MESSAGE][PASSED] - Navigate to 'https://holidayolay.3tlstaging.com/login' successfully

2021-12-20 10:57:40 - [TEST_STEP][PASSED] - CurrentUrL = getUrl(): Current window's url is: 'https://holidayolay.3tlstaging.com/login'

2021-12-20 10:57:40 - [MESSAGE][PASSED] - Current window's url is: 'https://holidayolay.3tlstaging.com/login'

2021-12-20 10:57:40 - [TEST_STEP][PASSED] - verifyMatch(CurrentUrL, urlstaging, true): Actual text 'https://holidayolay.3tlstaging.com/login' and expected text 'https://holidayolay.3tlstaging.com/login' are matched  using regular expression

2021-12-20 10:57:40 - [MESSAGE][PASSED] - Actual text 'https://holidayolay.3tlstaging.com/login' and expected text 'https://holidayolay.3tlstaging.com/login' are matched  using regular expression

2021-12-20 10:57:40 - [TEST_STEP][PASSED] - maximizeWindow(): Current window maximized

2021-12-20 10:57:40 - [MESSAGE][PASSED] - Current window maximized

2021-12-20 10:57:40 - [MESSAGE][PASSED] - Call Test Case 'Test Cases/microsite staging/Open browser/Tc-1(Open Browser)' successfully

2021-12-20 10:57:40 - [TEST_STEP][PASSED] - verifyElementText(findTestObject("Object Repository/assert/Page_Olay Holiday Program/div_Username"), "Username"): Actual text and expected text of test object 'Object Repository/assert/Page_Olay Holiday Program/div_Username' are matched.

2021-12-20 10:57:40 - [MESSAGE][PASSED] - Actual text and expected text of test object 'Object Repository/assert/Page_Olay Holiday Program/div_Username' are matched.

2021-12-20 10:57:40 - [TEST_STEP][PASSED] - verifyElementText(findTestObject("Object Repository/assert/Page_Olay Holiday Program/div_Password"), "Password"): Actual text and expected text of test object 'Object Repository/assert/Page_Olay Holiday Program/div_Password' are matched.

2021-12-20 10:57:40 - [MESSAGE][PASSED] - Actual text and expected text of test object 'Object Repository/assert/Page_Olay Holiday Program/div_Password' are matched.

2021-12-20 10:57:40 - [TEST_STEP][PASSED] - sendKeys(findTestObject("Object Repository/micro staging/Page_Olay Holiday Program/input_Please Enter you Credentials_mat-input-0"), LoginUsername): Keys 'pg_olayholiday' sent to object: 'Object Repository/micro staging/Page_Olay Holiday Program/input_Please Enter you Credentials_mat-input-0'

2021-12-20 10:57:41 - [MESSAGE][PASSED] - Keys 'pg_olayholiday' sent to object: 'Object Repository/micro staging/Page_Olay Holiday Program/input_Please Enter you Credentials_mat-input-0'

2021-12-20 10:57:41 - [TEST_STEP][NOT_RUN] - click(findTestObject("Object Repository/micro staging/Page_Olay Holiday Program/div_Password")): NOT_RUN: click(findTestObject("Object Repository/micro staging/Page_Olay Holiday Program/div_Password"))

2021-12-20 10:57:41 - [MESSAGE][NOT_RUN] - NOT_RUN: click(findTestObject("Object Repository/micro staging/Page_Olay Holiday Program/div_Password"))

2021-12-20 10:57:41 - [TEST_STEP][PASSED] - sendKeys(findTestObject("Object Repository/micro staging/Page_Olay Holiday Program/input_Username_mat-input-1"), Loginpswd): Keys '1q2w3e4r!@#' sent to object: 'Object Repository/micro staging/Page_Olay Holiday Program/input_Username_mat-input-1'

2021-12-20 10:57:41 - [MESSAGE][PASSED] - Keys '1q2w3e4r!@#' sent to object: 'Object Repository/micro staging/Page_Olay Holiday Program/input_Username_mat-input-1'

2021-12-20 10:57:41 - [TEST_STEP][PASSED] - click(findTestObject("Object Repository/micro staging/Page_Olay Holiday Program/button_Submit")): Object: 'Object Repository/micro staging/Page_Olay Holiday Program/button_Submit' is clicked on

2021-12-20 10:57:41 - [MESSAGE][PASSED] - Object: 'Object Repository/micro staging/Page_Olay Holiday Program/button_Submit' is clicked on

2021-12-20 10:57:41 - [MESSAGE][PASSED] - Call Test Case 'Test Cases/microsite staging/Open browser/Tc2-Login' successfully

2021-12-20 10:57:41 - [TEST_STEP][PASSED] - sendKeys(findTestObject("Object Repository/micro staging/Page_Olay Holiday Program/input_WELCOME_mat-input-2"), Emailid): Keys 'akki2323@yopmail.com' sent to object: 'Object Repository/micro staging/Page_Olay Holiday Program/input_WELCOME_mat-input-2'

2021-12-20 10:57:42 - [MESSAGE][PASSED] - Keys 'akki2323@yopmail.com' sent to object: 'Object Repository/micro staging/Page_Olay Holiday Program/input_WELCOME_mat-input-2'

2021-12-20 10:57:42 - [TEST_STEP][PASSED] - sendKeys(findTestObject("Object Repository/micro staging/Page_Olay Holiday Program/input__mat-input-3"), Pswd): Keys '3TL@testing' sent to object: 'Object Repository/micro staging/Page_Olay Holiday Program/input__mat-input-3'

2021-12-20 10:57:42 - [MESSAGE][PASSED] - Keys '3TL@testing' sent to object: 'Object Repository/micro staging/Page_Olay Holiday Program/input__mat-input-3'

2021-12-20 10:57:42 - [TEST_STEP][PASSED] - click(findTestObject("Object Repository/micro staging/Page_Olay Holiday Program/button_SUBMIT (7)")): Object: 'Object Repository/micro staging/Page_Olay Holiday Program/button_SUBMIT (7)' is clicked on

2021-12-20 10:57:43 - [MESSAGE][PASSED] - Object: 'Object Repository/micro staging/Page_Olay Holiday Program/button_SUBMIT (7)' is clicked on

2021-12-20 10:57:43 - [TEST_STEP][PASSED] - takeScreenshot(): Taking screenshot successfully

2021-12-20 10:57:44 - [MESSAGE][PASSED] - Taking screenshot successfully
[[ATTACHMENT|/home/knoldus/Katalon Studio/Learn1/Reports/20211220_105717/Microsite olay Staging/Microsite olay/20211220_105717/1639978064405.png]]]]></system-out>
         <system-err><![CDATA[]]></system-err>
      </testcase>
      <testcase name="Test Cases/microsite staging/Login/Tc-2(Login)" time="14.146" classname="Test Cases/microsite staging/Login/Tc-2(Login)" status="PASSED">
         <system-out><![CDATA[2021-12-20 10:58:29 - [TEST_CASE][PASSED] - Test Cases/microsite staging/Login/Tc-2(Login): Test Cases/microsite staging/Login/Tc-2(Login)

2021-12-20 10:58:29 - [TEST_STEP][PASSED] - callTestCase(findTestCase("microsite staging/Open browser/Tc2-Login"), [:], STOP_ON_FAILURE): Call Test Case 'Test Cases/microsite staging/Open browser/Tc2-Login' successfully

2021-12-20 10:58:29 - [TEST_CASE][PASSED] - Test Cases/microsite staging/Open browser/Tc2-Login: Test Cases/microsite staging/Open browser/Tc2-Login

2021-12-20 10:58:29 - [TEST_STEP][PASSED] - callTestCase(findTestCase("microsite staging/Open browser/Tc-1(Open Browser)"), [:], STOP_ON_FAILURE): Call Test Case 'Test Cases/microsite staging/Open browser/Tc-1(Open Browser)' successfully

2021-12-20 10:58:29 - [TEST_CASE][PASSED] - Test Cases/microsite staging/Open browser/Tc-1(Open Browser): Test Cases/microsite staging/Open browser/Tc-1(Open Browser)

2021-12-20 10:58:29 - [TEST_STEP][PASSED] - openBrowser(""): Browser is opened with url: ''

2021-12-20 10:58:29 - [MESSAGE][WARNING] - A browser is already opened. Closing browser and opening a new one

2021-12-20 10:58:29 - [MESSAGE][INFO] - Starting 'Chrome' driver

2021-12-20 10:58:29 - [MESSAGE][INFO] - Action delay is set to 0 milliseconds

2021-12-20 10:58:29 - [MESSAGE][PASSED] - Browser is opened with url: ''

2021-12-20 10:58:29 - [TEST_STEP][PASSED] - navigateToUrl(urlstaging): Navigate to 'https://holidayolay.3tlstaging.com/login' successfully

2021-12-20 10:58:40 - [MESSAGE][PASSED] - Navigate to 'https://holidayolay.3tlstaging.com/login' successfully

2021-12-20 10:58:40 - [TEST_STEP][PASSED] - CurrentUrL = getUrl(): Current window's url is: 'https://holidayolay.3tlstaging.com/login'

2021-12-20 10:58:40 - [MESSAGE][PASSED] - Current window's url is: 'https://holidayolay.3tlstaging.com/login'

2021-12-20 10:58:40 - [TEST_STEP][PASSED] - verifyMatch(CurrentUrL, urlstaging, true): Actual text 'https://holidayolay.3tlstaging.com/login' and expected text 'https://holidayolay.3tlstaging.com/login' are matched  using regular expression

2021-12-20 10:58:40 - [MESSAGE][PASSED] - Actual text 'https://holidayolay.3tlstaging.com/login' and expected text 'https://holidayolay.3tlstaging.com/login' are matched  using regular expression

2021-12-20 10:58:40 - [TEST_STEP][PASSED] - maximizeWindow(): Current window maximized

2021-12-20 10:58:40 - [MESSAGE][PASSED] - Current window maximized

2021-12-20 10:58:40 - [MESSAGE][PASSED] - Call Test Case 'Test Cases/microsite staging/Open browser/Tc-1(Open Browser)' successfully

2021-12-20 10:58:40 - [TEST_STEP][PASSED] - verifyElementText(findTestObject("Object Repository/assert/Page_Olay Holiday Program/div_Username"), "Username"): Actual text and expected text of test object 'Object Repository/assert/Page_Olay Holiday Program/div_Username' are matched.

2021-12-20 10:58:40 - [MESSAGE][PASSED] - Actual text and expected text of test object 'Object Repository/assert/Page_Olay Holiday Program/div_Username' are matched.

2021-12-20 10:58:40 - [TEST_STEP][PASSED] - verifyElementText(findTestObject("Object Repository/assert/Page_Olay Holiday Program/div_Password"), "Password"): Actual text and expected text of test object 'Object Repository/assert/Page_Olay Holiday Program/div_Password' are matched.

2021-12-20 10:58:41 - [MESSAGE][PASSED] - Actual text and expected text of test object 'Object Repository/assert/Page_Olay Holiday Program/div_Password' are matched.

2021-12-20 10:58:41 - [TEST_STEP][PASSED] - sendKeys(findTestObject("Object Repository/micro staging/Page_Olay Holiday Program/input_Please Enter you Credentials_mat-input-0"), LoginUsername): Keys 'pg_olayholiday' sent to object: 'Object Repository/micro staging/Page_Olay Holiday Program/input_Please Enter you Credentials_mat-input-0'

2021-12-20 10:58:41 - [MESSAGE][PASSED] - Keys 'pg_olayholiday' sent to object: 'Object Repository/micro staging/Page_Olay Holiday Program/input_Please Enter you Credentials_mat-input-0'

2021-12-20 10:58:41 - [TEST_STEP][NOT_RUN] - click(findTestObject("Object Repository/micro staging/Page_Olay Holiday Program/div_Password")): NOT_RUN: click(findTestObject("Object Repository/micro staging/Page_Olay Holiday Program/div_Password"))

2021-12-20 10:58:41 - [MESSAGE][NOT_RUN] - NOT_RUN: click(findTestObject("Object Repository/micro staging/Page_Olay Holiday Program/div_Password"))

2021-12-20 10:58:41 - [TEST_STEP][PASSED] - sendKeys(findTestObject("Object Repository/micro staging/Page_Olay Holiday Program/input_Username_mat-input-1"), Loginpswd): Keys '1q2w3e4r!@#' sent to object: 'Object Repository/micro staging/Page_Olay Holiday Program/input_Username_mat-input-1'

2021-12-20 10:58:41 - [MESSAGE][PASSED] - Keys '1q2w3e4r!@#' sent to object: 'Object Repository/micro staging/Page_Olay Holiday Program/input_Username_mat-input-1'

2021-12-20 10:58:41 - [TEST_STEP][PASSED] - click(findTestObject("Object Repository/micro staging/Page_Olay Holiday Program/button_Submit")): Object: 'Object Repository/micro staging/Page_Olay Holiday Program/button_Submit' is clicked on

2021-12-20 10:58:41 - [MESSAGE][PASSED] - Object: 'Object Repository/micro staging/Page_Olay Holiday Program/button_Submit' is clicked on

2021-12-20 10:58:41 - [MESSAGE][PASSED] - Call Test Case 'Test Cases/microsite staging/Open browser/Tc2-Login' successfully

2021-12-20 10:58:41 - [TEST_STEP][PASSED] - click(findTestObject("Object Repository/micro staging/Page_Olay Holiday Program/button_SUBMIT (10)")): Object: 'Object Repository/micro staging/Page_Olay Holiday Program/button_SUBMIT (10)' is clicked on

2021-12-20 10:58:42 - [MESSAGE][PASSED] - Object: 'Object Repository/micro staging/Page_Olay Holiday Program/button_SUBMIT (10)' is clicked on

2021-12-20 10:58:42 - [TEST_STEP][PASSED] - verifyTextPresent("Email is required", true): Text 'Email is required' is present on page  using regular expression

2021-12-20 10:58:43 - [MESSAGE][PASSED] - Text 'Email is required' is present on page  using regular expression

2021-12-20 10:58:43 - [TEST_STEP][PASSED] - verifyTextPresent("Password is required", true): Text 'Password is required' is present on page  using regular expression

2021-12-20 10:58:43 - [MESSAGE][PASSED] - Text 'Password is required' is present on page  using regular expression

2021-12-20 10:58:43 - [TEST_STEP][PASSED] - takeScreenshot(): Taking screenshot successfully

2021-12-20 10:58:43 - [MESSAGE][PASSED] - Taking screenshot successfully
[[ATTACHMENT|/home/knoldus/Katalon Studio/Learn1/Reports/20211220_105717/Microsite olay Staging/Microsite olay/20211220_105717/1639978123474.png]]]]></system-out>
         <system-err><![CDATA[]]></system-err>
      </testcase>
      <testcase name="Test Cases/microsite staging/Login/Tc-3(Login)" time="19.546" classname="Test Cases/microsite staging/Login/Tc-3(Login)" status="PASSED">
         <system-out><![CDATA[2021-12-20 10:58:43 - [TEST_CASE][PASSED] - Test Cases/microsite staging/Login/Tc-3(Login): Test Cases/microsite staging/Login/Tc-3(Login)

2021-12-20 10:58:43 - [TEST_STEP][PASSED] - callTestCase(findTestCase("microsite staging/Open browser/Tc2-Login"), [:], STOP_ON_FAILURE): Call Test Case 'Test Cases/microsite staging/Open browser/Tc2-Login' successfully

2021-12-20 10:58:43 - [TEST_CASE][PASSED] - Test Cases/microsite staging/Open browser/Tc2-Login: Test Cases/microsite staging/Open browser/Tc2-Login

2021-12-20 10:58:43 - [TEST_STEP][PASSED] - callTestCase(findTestCase("microsite staging/Open browser/Tc-1(Open Browser)"), [:], STOP_ON_FAILURE): Call Test Case 'Test Cases/microsite staging/Open browser/Tc-1(Open Browser)' successfully

2021-12-20 10:58:43 - [TEST_CASE][PASSED] - Test Cases/microsite staging/Open browser/Tc-1(Open Browser): Test Cases/microsite staging/Open browser/Tc-1(Open Browser)

2021-12-20 10:58:43 - [TEST_STEP][PASSED] - openBrowser(""): Browser is opened with url: ''

2021-12-20 10:58:43 - [MESSAGE][WARNING] - A browser is already opened. Closing browser and opening a new one

2021-12-20 10:58:43 - [MESSAGE][INFO] - Starting 'Chrome' driver

2021-12-20 10:58:43 - [MESSAGE][INFO] - Action delay is set to 0 milliseconds

2021-12-20 10:58:44 - [MESSAGE][PASSED] - Browser is opened with url: ''

2021-12-20 10:58:44 - [TEST_STEP][PASSED] - navigateToUrl(urlstaging): Navigate to 'https://holidayolay.3tlstaging.com/login' successfully

2021-12-20 10:58:59 - [MESSAGE][PASSED] - Navigate to 'https://holidayolay.3tlstaging.com/login' successfully

2021-12-20 10:58:59 - [TEST_STEP][PASSED] - CurrentUrL = getUrl(): Current window's url is: 'https://holidayolay.3tlstaging.com/login'

2021-12-20 10:58:59 - [MESSAGE][PASSED] - Current window's url is: 'https://holidayolay.3tlstaging.com/login'

2021-12-20 10:58:59 - [TEST_STEP][PASSED] - verifyMatch(CurrentUrL, urlstaging, true): Actual text 'https://holidayolay.3tlstaging.com/login' and expected text 'https://holidayolay.3tlstaging.com/login' are matched  using regular expression

2021-12-20 10:58:59 - [MESSAGE][PASSED] - Actual text 'https://holidayolay.3tlstaging.com/login' and expected text 'https://holidayolay.3tlstaging.com/login' are matched  using regular expression

2021-12-20 10:58:59 - [TEST_STEP][PASSED] - maximizeWindow(): Current window maximized

2021-12-20 10:58:59 - [MESSAGE][PASSED] - Current window maximized

2021-12-20 10:58:59 - [MESSAGE][PASSED] - Call Test Case 'Test Cases/microsite staging/Open browser/Tc-1(Open Browser)' successfully

2021-12-20 10:58:59 - [TEST_STEP][PASSED] - verifyElementText(findTestObject("Object Repository/assert/Page_Olay Holiday Program/div_Username"), "Username"): Actual text and expected text of test object 'Object Repository/assert/Page_Olay Holiday Program/div_Username' are matched.

2021-12-20 10:58:59 - [MESSAGE][PASSED] - Actual text and expected text of test object 'Object Repository/assert/Page_Olay Holiday Program/div_Username' are matched.

2021-12-20 10:58:59 - [TEST_STEP][PASSED] - verifyElementText(findTestObject("Object Repository/assert/Page_Olay Holiday Program/div_Password"), "Password"): Actual text and expected text of test object 'Object Repository/assert/Page_Olay Holiday Program/div_Password' are matched.

2021-12-20 10:59:00 - [MESSAGE][PASSED] - Actual text and expected text of test object 'Object Repository/assert/Page_Olay Holiday Program/div_Password' are matched.

2021-12-20 10:59:00 - [TEST_STEP][PASSED] - sendKeys(findTestObject("Object Repository/micro staging/Page_Olay Holiday Program/input_Please Enter you Credentials_mat-input-0"), LoginUsername): Keys 'pg_olayholiday' sent to object: 'Object Repository/micro staging/Page_Olay Holiday Program/input_Please Enter you Credentials_mat-input-0'

2021-12-20 10:59:00 - [MESSAGE][PASSED] - Keys 'pg_olayholiday' sent to object: 'Object Repository/micro staging/Page_Olay Holiday Program/input_Please Enter you Credentials_mat-input-0'

2021-12-20 10:59:00 - [TEST_STEP][NOT_RUN] - click(findTestObject("Object Repository/micro staging/Page_Olay Holiday Program/div_Password")): NOT_RUN: click(findTestObject("Object Repository/micro staging/Page_Olay Holiday Program/div_Password"))

2021-12-20 10:59:00 - [MESSAGE][NOT_RUN] - NOT_RUN: click(findTestObject("Object Repository/micro staging/Page_Olay Holiday Program/div_Password"))

2021-12-20 10:59:00 - [TEST_STEP][PASSED] - sendKeys(findTestObject("Object Repository/micro staging/Page_Olay Holiday Program/input_Username_mat-input-1"), Loginpswd): Keys '1q2w3e4r!@#' sent to object: 'Object Repository/micro staging/Page_Olay Holiday Program/input_Username_mat-input-1'

2021-12-20 10:59:00 - [MESSAGE][PASSED] - Keys '1q2w3e4r!@#' sent to object: 'Object Repository/micro staging/Page_Olay Holiday Program/input_Username_mat-input-1'

2021-12-20 10:59:00 - [TEST_STEP][PASSED] - click(findTestObject("Object Repository/micro staging/Page_Olay Holiday Program/button_Submit")): Object: 'Object Repository/micro staging/Page_Olay Holiday Program/button_Submit' is clicked on

2021-12-20 10:59:00 - [MESSAGE][PASSED] - Object: 'Object Repository/micro staging/Page_Olay Holiday Program/button_Submit' is clicked on

2021-12-20 10:59:00 - [MESSAGE][PASSED] - Call Test Case 'Test Cases/microsite staging/Open browser/Tc2-Login' successfully

2021-12-20 10:59:00 - [TEST_STEP][PASSED] - setText(findTestObject("Object Repository/micro staging/Page_Olay Holiday Program/input_WELCOME_mat-input-2"), "asdfghjgfdsdj2334@hjfdksdjfdks)(*()"): Text 'asdfghjgfdsdj2334@hjfdksdjfdks)(*()' is set on object 'Object Repository/micro staging/Page_Olay Holiday Program/input_WELCOME_mat-input-2'

2021-12-20 10:59:01 - [MESSAGE][PASSED] - Text 'asdfghjgfdsdj2334@hjfdksdjfdks)(*()' is set on object 'Object Repository/micro staging/Page_Olay Holiday Program/input_WELCOME_mat-input-2'

2021-12-20 10:59:01 - [TEST_STEP][PASSED] - setEncryptedText(findTestObject("Object Repository/micro staging/Page_Olay Holiday Program/input_Please enter a valid email address_ma_e31672"), "kwgy5fRXfBGnwwxnyAqiaw=="): Text ****** has been set on object 'Object Repository/micro staging/Page_Olay Holiday Program/input_Please enter a valid email address_ma_e31672'

2021-12-20 10:59:02 - [MESSAGE][PASSED] - Text ****** has been set on object 'Object Repository/micro staging/Page_Olay Holiday Program/input_Please enter a valid email address_ma_e31672'

2021-12-20 10:59:02 - [TEST_STEP][PASSED] - click(findTestObject("Object Repository/micro staging/Page_Olay Holiday Program/button_SUBMIT (11)")): Object: 'Object Repository/micro staging/Page_Olay Holiday Program/button_SUBMIT (11)' is clicked on

2021-12-20 10:59:02 - [MESSAGE][PASSED] - Object: 'Object Repository/micro staging/Page_Olay Holiday Program/button_SUBMIT (11)' is clicked on

2021-12-20 10:59:02 - [TEST_STEP][PASSED] - verifyTextPresent("Please enter a valid email address", true): Text 'Please enter a valid email address' is present on page  using regular expression

2021-12-20 10:59:02 - [MESSAGE][PASSED] - Text 'Please enter a valid email address' is present on page  using regular expression

2021-12-20 10:59:02 - [TEST_STEP][PASSED] - takeScreenshot(): Taking screenshot successfully

2021-12-20 10:59:03 - [MESSAGE][PASSED] - Taking screenshot successfully
[[ATTACHMENT|/home/knoldus/Katalon Studio/Learn1/Reports/20211220_105717/Microsite olay Staging/Microsite olay/20211220_105717/1639978143010.png]]]]></system-out>
         <system-err><![CDATA[]]></system-err>
      </testcase>
      <testcase name="Test Cases/microsite staging/Login/Tc-4(Login)" time="45.88" classname="Test Cases/microsite staging/Login/Tc-4(Login)" status="PASSED">
         <system-out><![CDATA[2021-12-20 10:59:03 - [TEST_CASE][PASSED] - Test Cases/microsite staging/Login/Tc-4(Login): Test Cases/microsite staging/Login/Tc-4(Login)

2021-12-20 10:59:03 - [TEST_STEP][PASSED] - callTestCase(findTestCase("microsite staging/Open browser/Tc2-Login"), [:], STOP_ON_FAILURE): Call Test Case 'Test Cases/microsite staging/Open browser/Tc2-Login' successfully

2021-12-20 10:59:03 - [TEST_CASE][PASSED] - Test Cases/microsite staging/Open browser/Tc2-Login: Test Cases/microsite staging/Open browser/Tc2-Login

2021-12-20 10:59:03 - [TEST_STEP][PASSED] - callTestCase(findTestCase("microsite staging/Open browser/Tc-1(Open Browser)"), [:], STOP_ON_FAILURE): Call Test Case 'Test Cases/microsite staging/Open browser/Tc-1(Open Browser)' successfully

2021-12-20 10:59:03 - [TEST_CASE][PASSED] - Test Cases/microsite staging/Open browser/Tc-1(Open Browser): Test Cases/microsite staging/Open browser/Tc-1(Open Browser)

2021-12-20 10:59:03 - [TEST_STEP][PASSED] - openBrowser(""): Browser is opened with url: ''

2021-12-20 10:59:03 - [MESSAGE][WARNING] - A browser is already opened. Closing browser and opening a new one

2021-12-20 10:59:03 - [MESSAGE][INFO] - Starting 'Chrome' driver

2021-12-20 10:59:03 - [MESSAGE][INFO] - Action delay is set to 0 milliseconds

2021-12-20 10:59:03 - [MESSAGE][PASSED] - Browser is opened with url: ''

2021-12-20 10:59:03 - [TEST_STEP][PASSED] - navigateToUrl(urlstaging): Navigate to 'https://holidayolay.3tlstaging.com/login' successfully

2021-12-20 10:59:13 - [MESSAGE][PASSED] - Navigate to 'https://holidayolay.3tlstaging.com/login' successfully

2021-12-20 10:59:13 - [TEST_STEP][PASSED] - CurrentUrL = getUrl(): Current window's url is: 'https://holidayolay.3tlstaging.com/login'

2021-12-20 10:59:14 - [MESSAGE][PASSED] - Current window's url is: 'https://holidayolay.3tlstaging.com/login'

2021-12-20 10:59:14 - [TEST_STEP][PASSED] - verifyMatch(CurrentUrL, urlstaging, true): Actual text 'https://holidayolay.3tlstaging.com/login' and expected text 'https://holidayolay.3tlstaging.com/login' are matched  using regular expression

2021-12-20 10:59:14 - [MESSAGE][PASSED] - Actual text 'https://holidayolay.3tlstaging.com/login' and expected text 'https://holidayolay.3tlstaging.com/login' are matched  using regular expression

2021-12-20 10:59:14 - [TEST_STEP][PASSED] - maximizeWindow(): Current window maximized

2021-12-20 10:59:14 - [MESSAGE][PASSED] - Current window maximized

2021-12-20 10:59:14 - [MESSAGE][PASSED] - Call Test Case 'Test Cases/microsite staging/Open browser/Tc-1(Open Browser)' successfully

2021-12-20 10:59:14 - [TEST_STEP][PASSED] - verifyElementText(findTestObject("Object Repository/assert/Page_Olay Holiday Program/div_Username"), "Username"): Actual text and expected text of test object 'Object Repository/assert/Page_Olay Holiday Program/div_Username' are matched.

2021-12-20 10:59:14 - [MESSAGE][PASSED] - Actual text and expected text of test object 'Object Repository/assert/Page_Olay Holiday Program/div_Username' are matched.

2021-12-20 10:59:14 - [TEST_STEP][PASSED] - verifyElementText(findTestObject("Object Repository/assert/Page_Olay Holiday Program/div_Password"), "Password"): Actual text and expected text of test object 'Object Repository/assert/Page_Olay Holiday Program/div_Password' are matched.

2021-12-20 10:59:14 - [MESSAGE][PASSED] - Actual text and expected text of test object 'Object Repository/assert/Page_Olay Holiday Program/div_Password' are matched.

2021-12-20 10:59:14 - [TEST_STEP][PASSED] - sendKeys(findTestObject("Object Repository/micro staging/Page_Olay Holiday Program/input_Please Enter you Credentials_mat-input-0"), LoginUsername): Keys 'pg_olayholiday' sent to object: 'Object Repository/micro staging/Page_Olay Holiday Program/input_Please Enter you Credentials_mat-input-0'

2021-12-20 10:59:14 - [MESSAGE][PASSED] - Keys 'pg_olayholiday' sent to object: 'Object Repository/micro staging/Page_Olay Holiday Program/input_Please Enter you Credentials_mat-input-0'

2021-12-20 10:59:14 - [TEST_STEP][NOT_RUN] - click(findTestObject("Object Repository/micro staging/Page_Olay Holiday Program/div_Password")): NOT_RUN: click(findTestObject("Object Repository/micro staging/Page_Olay Holiday Program/div_Password"))

2021-12-20 10:59:14 - [MESSAGE][NOT_RUN] - NOT_RUN: click(findTestObject("Object Repository/micro staging/Page_Olay Holiday Program/div_Password"))

2021-12-20 10:59:14 - [TEST_STEP][PASSED] - sendKeys(findTestObject("Object Repository/micro staging/Page_Olay Holiday Program/input_Username_mat-input-1"), Loginpswd): Keys '1q2w3e4r!@#' sent to object: 'Object Repository/micro staging/Page_Olay Holiday Program/input_Username_mat-input-1'

2021-12-20 10:59:15 - [MESSAGE][PASSED] - Keys '1q2w3e4r!@#' sent to object: 'Object Repository/micro staging/Page_Olay Holiday Program/input_Username_mat-input-1'

2021-12-20 10:59:15 - [TEST_STEP][PASSED] - click(findTestObject("Object Repository/micro staging/Page_Olay Holiday Program/button_Submit")): Object: 'Object Repository/micro staging/Page_Olay Holiday Program/button_Submit' is clicked on

2021-12-20 10:59:15 - [MESSAGE][PASSED] - Object: 'Object Repository/micro staging/Page_Olay Holiday Program/button_Submit' is clicked on

2021-12-20 10:59:15 - [MESSAGE][PASSED] - Call Test Case 'Test Cases/microsite staging/Open browser/Tc2-Login' successfully

2021-12-20 10:59:15 - [TEST_STEP][PASSED] - click(findTestObject("Object Repository/micro staging/Page_Olay Holiday Program/div_Email")): Object: 'Object Repository/micro staging/Page_Olay Holiday Program/div_Email' is clicked on

2021-12-20 10:59:46 - [MESSAGE][INFO] - Unable to find the element located by 'By.xpath: (.//*[normalize-space(text()) and normalize-space(.)='*'])[2]/following::div[15]'. Please recheck the objects properties to make sure the desired element is located. 

2021-12-20 10:59:46 - [MESSAGE][WARNING] - [SELF-HEALING] Failed to find element with id 'Object Repository/micro staging/Page_Olay Holiday Program/div_Email'. Try using Self-healing.

2021-12-20 10:59:46 - [MESSAGE][WARNING] - [SELF-HEALING] The current locator of test object 'Object Repository/micro staging/Page_Olay Holiday Program/div_Email' was broken. Propose an alternative one: '(.//*[normalize-space(text()) and normalize-space(.)='WELCOME'])[1]/following::div[12]'.

2021-12-20 10:59:46 - [MESSAGE][PASSED] - Object: 'Object Repository/micro staging/Page_Olay Holiday Program/div_Email' is clicked on

2021-12-20 10:59:46 - [TEST_STEP][PASSED] - setText(findTestObject("Object Repository/micro staging/Page_Olay Holiday Program/input_WELCOME_mat-input-2"), "akki2323@yopmail.com"): Text 'akki2323@yopmail.com' is set on object 'Object Repository/micro staging/Page_Olay Holiday Program/input_WELCOME_mat-input-2'

2021-12-20 10:59:47 - [MESSAGE][PASSED] - Text 'akki2323@yopmail.com' is set on object 'Object Repository/micro staging/Page_Olay Holiday Program/input_WELCOME_mat-input-2'

2021-12-20 10:59:47 - [TEST_STEP][PASSED] - setEncryptedText(findTestObject("Object Repository/micro staging/Page_Olay Holiday Program/input__mat-input-3"), "cvW8qx4B2o3F4VwP/kNsqA=="): Text ****** has been set on object 'Object Repository/micro staging/Page_Olay Holiday Program/input__mat-input-3'

2021-12-20 10:59:47 - [MESSAGE][PASSED] - Text ****** has been set on object 'Object Repository/micro staging/Page_Olay Holiday Program/input__mat-input-3'

2021-12-20 10:59:47 - [TEST_STEP][PASSED] - click(findTestObject("Object Repository/micro staging/Page_Olay Holiday Program/button_SUBMIT (12)")): Object: 'Object Repository/micro staging/Page_Olay Holiday Program/button_SUBMIT (12)' is clicked on

2021-12-20 10:59:47 - [MESSAGE][PASSED] - Object: 'Object Repository/micro staging/Page_Olay Holiday Program/button_SUBMIT (12)' is clicked on

2021-12-20 10:59:47 - [TEST_STEP][PASSED] - verifyElementText(findTestObject("Object Repository/micro staging/Page_Olay Holiday Program/div_Invalid Credentials"), "Invalid Credentials"): Actual text and expected text of test object 'Object Repository/micro staging/Page_Olay Holiday Program/div_Invalid Credentials' are matched.

2021-12-20 10:59:48 - [MESSAGE][PASSED] - Actual text and expected text of test object 'Object Repository/micro staging/Page_Olay Holiday Program/div_Invalid Credentials' are matched.

2021-12-20 10:59:48 - [TEST_STEP][PASSED] - takeScreenshot(): Taking screenshot successfully

2021-12-20 10:59:48 - [MESSAGE][PASSED] - Taking screenshot successfully
[[ATTACHMENT|/home/knoldus/Katalon Studio/Learn1/Reports/20211220_105717/Microsite olay Staging/Microsite olay/20211220_105717/1639978188927.png]]]]></system-out>
         <system-err><![CDATA[]]></system-err>
      </testcase>
      <testcase name="Test Cases/microsite staging/Registration/Tc-1(Registration)" time="97.762" classname="Test Cases/microsite staging/Registration/Tc-1(Registration)" status="PASSED">
         <system-out><![CDATA[2021-12-20 10:59:48 - [TEST_CASE][PASSED] - Test Cases/microsite staging/Registration/Tc-1(Registration): Test Cases/microsite staging/Registration/Tc-1(Registration)

2021-12-20 10:59:49 - [TEST_STEP][PASSED] - callTestCase(findTestCase("microsite staging/Open browser/Tc2-Login"), [:], STOP_ON_FAILURE): Call Test Case 'Test Cases/microsite staging/Open browser/Tc2-Login' successfully

2021-12-20 10:59:49 - [TEST_CASE][PASSED] - Test Cases/microsite staging/Open browser/Tc2-Login: Test Cases/microsite staging/Open browser/Tc2-Login

2021-12-20 10:59:49 - [TEST_STEP][PASSED] - callTestCase(findTestCase("microsite staging/Open browser/Tc-1(Open Browser)"), [:], STOP_ON_FAILURE): Call Test Case 'Test Cases/microsite staging/Open browser/Tc-1(Open Browser)' successfully

2021-12-20 10:59:49 - [TEST_CASE][PASSED] - Test Cases/microsite staging/Open browser/Tc-1(Open Browser): Test Cases/microsite staging/Open browser/Tc-1(Open Browser)

2021-12-20 10:59:49 - [TEST_STEP][PASSED] - openBrowser(""): Browser is opened with url: ''

2021-12-20 10:59:49 - [MESSAGE][WARNING] - A browser is already opened. Closing browser and opening a new one

2021-12-20 10:59:49 - [MESSAGE][INFO] - Starting 'Chrome' driver

2021-12-20 10:59:49 - [MESSAGE][INFO] - Action delay is set to 0 milliseconds

2021-12-20 10:59:49 - [MESSAGE][PASSED] - Browser is opened with url: ''

2021-12-20 10:59:49 - [TEST_STEP][PASSED] - navigateToUrl(urlstaging): Navigate to 'https://holidayolay.3tlstaging.com/login' successfully

2021-12-20 11:00:01 - [MESSAGE][PASSED] - Navigate to 'https://holidayolay.3tlstaging.com/login' successfully

2021-12-20 11:00:01 - [TEST_STEP][PASSED] - CurrentUrL = getUrl(): Current window's url is: 'https://holidayolay.3tlstaging.com/login'

2021-12-20 11:00:01 - [MESSAGE][PASSED] - Current window's url is: 'https://holidayolay.3tlstaging.com/login'

2021-12-20 11:00:01 - [TEST_STEP][PASSED] - verifyMatch(CurrentUrL, urlstaging, true): Actual text 'https://holidayolay.3tlstaging.com/login' and expected text 'https://holidayolay.3tlstaging.com/login' are matched  using regular expression

2021-12-20 11:00:01 - [MESSAGE][PASSED] - Actual text 'https://holidayolay.3tlstaging.com/login' and expected text 'https://holidayolay.3tlstaging.com/login' are matched  using regular expression

2021-12-20 11:00:01 - [TEST_STEP][PASSED] - maximizeWindow(): Current window maximized

2021-12-20 11:00:01 - [MESSAGE][PASSED] - Current window maximized

2021-12-20 11:00:01 - [MESSAGE][PASSED] - Call Test Case 'Test Cases/microsite staging/Open browser/Tc-1(Open Browser)' successfully

2021-12-20 11:00:01 - [TEST_STEP][PASSED] - verifyElementText(findTestObject("Object Repository/assert/Page_Olay Holiday Program/div_Username"), "Username"): Actual text and expected text of test object 'Object Repository/assert/Page_Olay Holiday Program/div_Username' are matched.

2021-12-20 11:00:01 - [MESSAGE][PASSED] - Actual text and expected text of test object 'Object Repository/assert/Page_Olay Holiday Program/div_Username' are matched.

2021-12-20 11:00:01 - [TEST_STEP][PASSED] - verifyElementText(findTestObject("Object Repository/assert/Page_Olay Holiday Program/div_Password"), "Password"): Actual text and expected text of test object 'Object Repository/assert/Page_Olay Holiday Program/div_Password' are matched.

2021-12-20 11:00:02 - [MESSAGE][PASSED] - Actual text and expected text of test object 'Object Repository/assert/Page_Olay Holiday Program/div_Password' are matched.

2021-12-20 11:00:02 - [TEST_STEP][PASSED] - sendKeys(findTestObject("Object Repository/micro staging/Page_Olay Holiday Program/input_Please Enter you Credentials_mat-input-0"), LoginUsername): Keys 'pg_olayholiday' sent to object: 'Object Repository/micro staging/Page_Olay Holiday Program/input_Please Enter you Credentials_mat-input-0'

2021-12-20 11:00:02 - [MESSAGE][PASSED] - Keys 'pg_olayholiday' sent to object: 'Object Repository/micro staging/Page_Olay Holiday Program/input_Please Enter you Credentials_mat-input-0'

2021-12-20 11:00:02 - [TEST_STEP][NOT_RUN] - click(findTestObject("Object Repository/micro staging/Page_Olay Holiday Program/div_Password")): NOT_RUN: click(findTestObject("Object Repository/micro staging/Page_Olay Holiday Program/div_Password"))

2021-12-20 11:00:02 - [MESSAGE][NOT_RUN] - NOT_RUN: click(findTestObject("Object Repository/micro staging/Page_Olay Holiday Program/div_Password"))

2021-12-20 11:00:02 - [TEST_STEP][PASSED] - sendKeys(findTestObject("Object Repository/micro staging/Page_Olay Holiday Program/input_Username_mat-input-1"), Loginpswd): Keys '1q2w3e4r!@#' sent to object: 'Object Repository/micro staging/Page_Olay Holiday Program/input_Username_mat-input-1'

2021-12-20 11:00:02 - [MESSAGE][PASSED] - Keys '1q2w3e4r!@#' sent to object: 'Object Repository/micro staging/Page_Olay Holiday Program/input_Username_mat-input-1'

2021-12-20 11:00:02 - [TEST_STEP][PASSED] - click(findTestObject("Object Repository/micro staging/Page_Olay Holiday Program/button_Submit")): Object: 'Object Repository/micro staging/Page_Olay Holiday Program/button_Submit' is clicked on

2021-12-20 11:00:02 - [MESSAGE][PASSED] - Object: 'Object Repository/micro staging/Page_Olay Holiday Program/button_Submit' is clicked on

2021-12-20 11:00:02 - [MESSAGE][PASSED] - Call Test Case 'Test Cases/microsite staging/Open browser/Tc2-Login' successfully

2021-12-20 11:00:02 - [TEST_STEP][PASSED] - click(findTestObject("Object Repository/micro staging/Page_Olay Holiday Program/a_Not registered yet Click here to start yo_c35e26")): Object: 'Object Repository/micro staging/Page_Olay Holiday Program/a_Not registered yet Click here to start yo_c35e26' is clicked on

2021-12-20 11:00:03 - [MESSAGE][PASSED] - Object: 'Object Repository/micro staging/Page_Olay Holiday Program/a_Not registered yet Click here to start yo_c35e26' is clicked on

2021-12-20 11:00:03 - [TEST_STEP][PASSED] - sendKeys(findTestObject("Object Repository/micro staging/Page_Olay Holiday Program/input_REGISTER_mat-input-4"), "Testing"): Keys 'Testing' sent to object: 'Object Repository/micro staging/Page_Olay Holiday Program/input_REGISTER_mat-input-4'

2021-12-20 11:00:04 - [MESSAGE][PASSED] - Keys 'Testing' sent to object: 'Object Repository/micro staging/Page_Olay Holiday Program/input_REGISTER_mat-input-4'

2021-12-20 11:00:04 - [TEST_STEP][PASSED] - sendKeys(findTestObject("Object Repository/micro staging/Page_Olay Holiday Program/input__mat-input-5"), "Testing"): Keys 'Testing' sent to object: 'Object Repository/micro staging/Page_Olay Holiday Program/input__mat-input-5'

2021-12-20 11:00:04 - [MESSAGE][PASSED] - Keys 'Testing' sent to object: 'Object Repository/micro staging/Page_Olay Holiday Program/input__mat-input-5'

2021-12-20 11:00:04 - [TEST_STEP][PASSED] - sendKeys(findTestObject("Object Repository/micro staging/Page_Olay Holiday Program/input__mat-input-6"), "testing3145@yopmail.com"): Keys 'testing3145@yopmail.com' sent to object: 'Object Repository/micro staging/Page_Olay Holiday Program/input__mat-input-6'

2021-12-20 11:00:05 - [MESSAGE][PASSED] - Keys 'testing3145@yopmail.com' sent to object: 'Object Repository/micro staging/Page_Olay Holiday Program/input__mat-input-6'

2021-12-20 11:00:05 - [TEST_STEP][PASSED] - sendKeys(findTestObject("Object Repository/micro staging/Page_Olay Holiday Program/input__mat-input-7"), "testing3145@yopmail.com"): Keys 'testing3145@yopmail.com' sent to object: 'Object Repository/micro staging/Page_Olay Holiday Program/input__mat-input-7'

2021-12-20 11:00:05 - [MESSAGE][PASSED] - Keys 'testing3145@yopmail.com' sent to object: 'Object Repository/micro staging/Page_Olay Holiday Program/input__mat-input-7'

2021-12-20 11:00:05 - [TEST_STEP][PASSED] - click(findTestObject("Object Repository/micro staging/Page_Olay Holiday Program/div_Password")): Object: 'Object Repository/micro staging/Page_Olay Holiday Program/div_Password' is clicked on

2021-12-20 11:00:36 - [MESSAGE][INFO] - Unable to find the element located by 'By.xpath: //mat-dialog-container[@id='mat-dialog-0']/app-site-access/div/form/mat-form-field[2]/div/div/div[3]'. Please recheck the objects properties to make sure the desired element is located. 

2021-12-20 11:00:36 - [MESSAGE][WARNING] - [SELF-HEALING] Failed to find element with id 'Object Repository/micro staging/Page_Olay Holiday Program/div_Password'. Try using Self-healing.

2021-12-20 11:00:36 - [MESSAGE][WARNING] - [SELF-HEALING] The current locator of test object 'Object Repository/micro staging/Page_Olay Holiday Program/div_Password' was broken. Propose an alternative one: '(.//*[normalize-space(text()) and normalize-space(.)='*'])[1]/following::div[14]'.

2021-12-20 11:00:36 - [MESSAGE][PASSED] - Object: 'Object Repository/micro staging/Page_Olay Holiday Program/div_Password' is clicked on

2021-12-20 11:00:36 - [TEST_STEP][PASSED] - sendKeys(findTestObject("Object Repository/micro staging/Page_Olay Holiday Program/input__mat-input-8"), "Test@123"): Keys 'Test@123' sent to object: 'Object Repository/micro staging/Page_Olay Holiday Program/input__mat-input-8'

2021-12-20 11:00:37 - [MESSAGE][PASSED] - Keys 'Test@123' sent to object: 'Object Repository/micro staging/Page_Olay Holiday Program/input__mat-input-8'

2021-12-20 11:00:37 - [TEST_STEP][PASSED] - sendKeys(findTestObject("Object Repository/micro staging/Page_Olay Holiday Program/input__mat-input-9"), "Test@123"): Keys 'Test@123' sent to object: 'Object Repository/micro staging/Page_Olay Holiday Program/input__mat-input-9'

2021-12-20 11:00:37 - [MESSAGE][PASSED] - Keys 'Test@123' sent to object: 'Object Repository/micro staging/Page_Olay Holiday Program/input__mat-input-9'

2021-12-20 11:00:37 - [TEST_STEP][PASSED] - click(findTestObject("Object Repository/micro staging/Page_Olay Holiday Program/div_help Address")): Object: 'Object Repository/micro staging/Page_Olay Holiday Program/div_help Address' is clicked on

2021-12-20 11:00:37 - [MESSAGE][PASSED] - Object: 'Object Repository/micro staging/Page_Olay Holiday Program/div_help Address' is clicked on

2021-12-20 11:00:37 - [TEST_STEP][PASSED] - sendKeys(findTestObject("Object Repository/micro staging/Page_Olay Holiday Program/input__address"), "9800 Fredericksburg Rd, San Antonio, TX 78288, USA"): Keys '9800 Fredericksburg Rd, San Antonio, TX 78288, USA' sent to object: 'Object Repository/micro staging/Page_Olay Holiday Program/input__address'

2021-12-20 11:00:38 - [MESSAGE][PASSED] - Keys '9800 Fredericksburg Rd, San Antonio, TX 78288, USA' sent to object: 'Object Repository/micro staging/Page_Olay Holiday Program/input__address'

2021-12-20 11:00:38 - [TEST_STEP][PASSED] - sendKeys(findTestObject("Object Repository/micro staging/Page_Olay Holiday Program/input__address"), Keys.chord(DOWN)): Keys 'DOWN + ' sent to object: 'Object Repository/micro staging/Page_Olay Holiday Program/input__address'

2021-12-20 11:00:39 - [MESSAGE][PASSED] - Keys 'DOWN + ' sent to object: 'Object Repository/micro staging/Page_Olay Holiday Program/input__address'

2021-12-20 11:00:39 - [TEST_STEP][PASSED] - sendKeys(findTestObject("Object Repository/micro staging/Page_Olay Holiday Program/input__address"), Keys.chord(ENTER)): Keys 'ENTER + ' sent to object: 'Object Repository/micro staging/Page_Olay Holiday Program/input__address'

2021-12-20 11:00:39 - [MESSAGE][PASSED] - Keys 'ENTER + ' sent to object: 'Object Repository/micro staging/Page_Olay Holiday Program/input__address'

2021-12-20 11:00:39 - [TEST_STEP][PASSED] - click(findTestObject("Object Repository/micro staging/Page_Olay Holiday Program/span__mat-checkbox-inner-container")): Object: 'Object Repository/micro staging/Page_Olay Holiday Program/span__mat-checkbox-inner-container' is clicked on

2021-12-20 11:00:39 - [MESSAGE][PASSED] - Object: 'Object Repository/micro staging/Page_Olay Holiday Program/span__mat-checkbox-inner-container' is clicked on

2021-12-20 11:00:39 - [TEST_STEP][PASSED] - delay(45): Delayed 45 second(s)

2021-12-20 11:01:24 - [MESSAGE][PASSED] - Delayed 45 second(s)

2021-12-20 11:01:24 - [TEST_STEP][PASSED] - click(findTestObject("Object Repository/micro staging/Page_Olay Holiday Program/button_SUBMIT (9)")): Object: 'Object Repository/micro staging/Page_Olay Holiday Program/button_SUBMIT (9)' is clicked on

2021-12-20 11:01:25 - [MESSAGE][PASSED] - Object: 'Object Repository/micro staging/Page_Olay Holiday Program/button_SUBMIT (9)' is clicked on

2021-12-20 11:01:25 - [TEST_STEP][PASSED] - takeScreenshot(): Taking screenshot successfully

2021-12-20 11:01:26 - [MESSAGE][PASSED] - Taking screenshot successfully
[[ATTACHMENT|/home/knoldus/Katalon Studio/Learn1/Reports/20211220_105717/Microsite olay Staging/Microsite olay/20211220_105717/1639978286647.png]]]]></system-out>
         <system-err><![CDATA[]]></system-err>
      </testcase>
      <testcase name="Test Cases/microsite staging/Registration/Tc-2(Registration)" time="96.617" classname="Test Cases/microsite staging/Registration/Tc-2(Registration)" status="PASSED">
         <system-out><![CDATA[2021-12-20 11:01:26 - [TEST_CASE][PASSED] - Test Cases/microsite staging/Registration/Tc-2(Registration): Test Cases/microsite staging/Registration/Tc-2(Registration)

2021-12-20 11:01:26 - [TEST_STEP][PASSED] - callTestCase(findTestCase("microsite staging/Open browser/Tc2-Login"), [:], STOP_ON_FAILURE): Call Test Case 'Test Cases/microsite staging/Open browser/Tc2-Login' successfully

2021-12-20 11:01:26 - [TEST_CASE][PASSED] - Test Cases/microsite staging/Open browser/Tc2-Login: Test Cases/microsite staging/Open browser/Tc2-Login

2021-12-20 11:01:26 - [TEST_STEP][PASSED] - callTestCase(findTestCase("microsite staging/Open browser/Tc-1(Open Browser)"), [:], STOP_ON_FAILURE): Call Test Case 'Test Cases/microsite staging/Open browser/Tc-1(Open Browser)' successfully

2021-12-20 11:01:26 - [TEST_CASE][PASSED] - Test Cases/microsite staging/Open browser/Tc-1(Open Browser): Test Cases/microsite staging/Open browser/Tc-1(Open Browser)

2021-12-20 11:01:26 - [TEST_STEP][PASSED] - openBrowser(""): Browser is opened with url: ''

2021-12-20 11:01:26 - [MESSAGE][WARNING] - A browser is already opened. Closing browser and opening a new one

2021-12-20 11:01:27 - [MESSAGE][INFO] - Starting 'Chrome' driver

2021-12-20 11:01:27 - [MESSAGE][INFO] - Action delay is set to 0 milliseconds

2021-12-20 11:01:27 - [MESSAGE][PASSED] - Browser is opened with url: ''

2021-12-20 11:01:27 - [TEST_STEP][PASSED] - navigateToUrl(urlstaging): Navigate to 'https://holidayolay.3tlstaging.com/login' successfully

2021-12-20 11:01:38 - [MESSAGE][PASSED] - Navigate to 'https://holidayolay.3tlstaging.com/login' successfully

2021-12-20 11:01:38 - [TEST_STEP][PASSED] - CurrentUrL = getUrl(): Current window's url is: 'https://holidayolay.3tlstaging.com/login'

2021-12-20 11:01:38 - [MESSAGE][PASSED] - Current window's url is: 'https://holidayolay.3tlstaging.com/login'

2021-12-20 11:01:38 - [TEST_STEP][PASSED] - verifyMatch(CurrentUrL, urlstaging, true): Actual text 'https://holidayolay.3tlstaging.com/login' and expected text 'https://holidayolay.3tlstaging.com/login' are matched  using regular expression

2021-12-20 11:01:38 - [MESSAGE][PASSED] - Actual text 'https://holidayolay.3tlstaging.com/login' and expected text 'https://holidayolay.3tlstaging.com/login' are matched  using regular expression

2021-12-20 11:01:38 - [TEST_STEP][PASSED] - maximizeWindow(): Current window maximized

2021-12-20 11:01:39 - [MESSAGE][PASSED] - Current window maximized

2021-12-20 11:01:39 - [MESSAGE][PASSED] - Call Test Case 'Test Cases/microsite staging/Open browser/Tc-1(Open Browser)' successfully

2021-12-20 11:01:39 - [TEST_STEP][PASSED] - verifyElementText(findTestObject("Object Repository/assert/Page_Olay Holiday Program/div_Username"), "Username"): Actual text and expected text of test object 'Object Repository/assert/Page_Olay Holiday Program/div_Username' are matched.

2021-12-20 11:01:39 - [MESSAGE][PASSED] - Actual text and expected text of test object 'Object Repository/assert/Page_Olay Holiday Program/div_Username' are matched.

2021-12-20 11:01:39 - [TEST_STEP][PASSED] - verifyElementText(findTestObject("Object Repository/assert/Page_Olay Holiday Program/div_Password"), "Password"): Actual text and expected text of test object 'Object Repository/assert/Page_Olay Holiday Program/div_Password' are matched.

2021-12-20 11:01:39 - [MESSAGE][PASSED] - Actual text and expected text of test object 'Object Repository/assert/Page_Olay Holiday Program/div_Password' are matched.

2021-12-20 11:01:39 - [TEST_STEP][PASSED] - sendKeys(findTestObject("Object Repository/micro staging/Page_Olay Holiday Program/input_Please Enter you Credentials_mat-input-0"), LoginUsername): Keys 'pg_olayholiday' sent to object: 'Object Repository/micro staging/Page_Olay Holiday Program/input_Please Enter you Credentials_mat-input-0'

2021-12-20 11:01:39 - [MESSAGE][PASSED] - Keys 'pg_olayholiday' sent to object: 'Object Repository/micro staging/Page_Olay Holiday Program/input_Please Enter you Credentials_mat-input-0'

2021-12-20 11:01:39 - [TEST_STEP][NOT_RUN] - click(findTestObject("Object Repository/micro staging/Page_Olay Holiday Program/div_Password")): NOT_RUN: click(findTestObject("Object Repository/micro staging/Page_Olay Holiday Program/div_Password"))

2021-12-20 11:01:39 - [MESSAGE][NOT_RUN] - NOT_RUN: click(findTestObject("Object Repository/micro staging/Page_Olay Holiday Program/div_Password"))

2021-12-20 11:01:39 - [TEST_STEP][PASSED] - sendKeys(findTestObject("Object Repository/micro staging/Page_Olay Holiday Program/input_Username_mat-input-1"), Loginpswd): Keys '1q2w3e4r!@#' sent to object: 'Object Repository/micro staging/Page_Olay Holiday Program/input_Username_mat-input-1'

2021-12-20 11:01:40 - [MESSAGE][PASSED] - Keys '1q2w3e4r!@#' sent to object: 'Object Repository/micro staging/Page_Olay Holiday Program/input_Username_mat-input-1'

2021-12-20 11:01:40 - [TEST_STEP][PASSED] - click(findTestObject("Object Repository/micro staging/Page_Olay Holiday Program/button_Submit")): Object: 'Object Repository/micro staging/Page_Olay Holiday Program/button_Submit' is clicked on

2021-12-20 11:01:40 - [MESSAGE][PASSED] - Object: 'Object Repository/micro staging/Page_Olay Holiday Program/button_Submit' is clicked on

2021-12-20 11:01:40 - [MESSAGE][PASSED] - Call Test Case 'Test Cases/microsite staging/Open browser/Tc2-Login' successfully

2021-12-20 11:01:40 - [TEST_STEP][PASSED] - click(findTestObject("Object Repository/micro staging/Page_Olay Holiday Program/a_Not registered yet Click here to start yo_c35e26")): Object: 'Object Repository/micro staging/Page_Olay Holiday Program/a_Not registered yet Click here to start yo_c35e26' is clicked on

2021-12-20 11:01:40 - [MESSAGE][PASSED] - Object: 'Object Repository/micro staging/Page_Olay Holiday Program/a_Not registered yet Click here to start yo_c35e26' is clicked on

2021-12-20 11:01:40 - [TEST_STEP][PASSED] - sendKeys(findTestObject("Object Repository/micro staging/Page_Olay Holiday Program/input_REGISTER_mat-input-4"), "Testing"): Keys 'Testing' sent to object: 'Object Repository/micro staging/Page_Olay Holiday Program/input_REGISTER_mat-input-4'

2021-12-20 11:01:42 - [MESSAGE][PASSED] - Keys 'Testing' sent to object: 'Object Repository/micro staging/Page_Olay Holiday Program/input_REGISTER_mat-input-4'

2021-12-20 11:01:42 - [TEST_STEP][PASSED] - sendKeys(findTestObject("Object Repository/micro staging/Page_Olay Holiday Program/input__mat-input-5"), "Testing"): Keys 'Testing' sent to object: 'Object Repository/micro staging/Page_Olay Holiday Program/input__mat-input-5'

2021-12-20 11:01:42 - [MESSAGE][PASSED] - Keys 'Testing' sent to object: 'Object Repository/micro staging/Page_Olay Holiday Program/input__mat-input-5'

2021-12-20 11:01:42 - [TEST_STEP][PASSED] - sendKeys(findTestObject("Object Repository/micro staging/Page_Olay Holiday Program/input__mat-input-6"), "testing345@yopmail.com"): Keys 'testing345@yopmail.com' sent to object: 'Object Repository/micro staging/Page_Olay Holiday Program/input__mat-input-6'

2021-12-20 11:01:42 - [MESSAGE][PASSED] - Keys 'testing345@yopmail.com' sent to object: 'Object Repository/micro staging/Page_Olay Holiday Program/input__mat-input-6'

2021-12-20 11:01:42 - [TEST_STEP][PASSED] - sendKeys(findTestObject("Object Repository/micro staging/Page_Olay Holiday Program/input__mat-input-7"), "testing345@yopmail.com"): Keys 'testing345@yopmail.com' sent to object: 'Object Repository/micro staging/Page_Olay Holiday Program/input__mat-input-7'

2021-12-20 11:01:43 - [MESSAGE][PASSED] - Keys 'testing345@yopmail.com' sent to object: 'Object Repository/micro staging/Page_Olay Holiday Program/input__mat-input-7'

2021-12-20 11:01:43 - [TEST_STEP][PASSED] - click(findTestObject("Object Repository/micro staging/Page_Olay Holiday Program/div_Password")): Object: 'Object Repository/micro staging/Page_Olay Holiday Program/div_Password' is clicked on

2021-12-20 11:02:14 - [MESSAGE][INFO] - Unable to find the element located by 'By.xpath: //mat-dialog-container[@id='mat-dialog-0']/app-site-access/div/form/mat-form-field[2]/div/div/div[3]'. Please recheck the objects properties to make sure the desired element is located. 

2021-12-20 11:02:14 - [MESSAGE][WARNING] - [SELF-HEALING] Failed to find element with id 'Object Repository/micro staging/Page_Olay Holiday Program/div_Password'. Try using Self-healing.

2021-12-20 11:02:14 - [MESSAGE][WARNING] - [SELF-HEALING] The current locator of test object 'Object Repository/micro staging/Page_Olay Holiday Program/div_Password' was broken. Propose an alternative one: '(.//*[normalize-space(text()) and normalize-space(.)='*'])[1]/following::div[14]'.

2021-12-20 11:02:14 - [MESSAGE][PASSED] - Object: 'Object Repository/micro staging/Page_Olay Holiday Program/div_Password' is clicked on

2021-12-20 11:02:14 - [TEST_STEP][PASSED] - sendKeys(findTestObject("Object Repository/micro staging/Page_Olay Holiday Program/input__mat-input-8"), "Test@123"): Keys 'Test@123' sent to object: 'Object Repository/micro staging/Page_Olay Holiday Program/input__mat-input-8'

2021-12-20 11:02:14 - [MESSAGE][PASSED] - Keys 'Test@123' sent to object: 'Object Repository/micro staging/Page_Olay Holiday Program/input__mat-input-8'

2021-12-20 11:02:14 - [TEST_STEP][PASSED] - sendKeys(findTestObject("Object Repository/micro staging/Page_Olay Holiday Program/input__mat-input-9"), "Test@123"): Keys 'Test@123' sent to object: 'Object Repository/micro staging/Page_Olay Holiday Program/input__mat-input-9'

2021-12-20 11:02:15 - [MESSAGE][PASSED] - Keys 'Test@123' sent to object: 'Object Repository/micro staging/Page_Olay Holiday Program/input__mat-input-9'

2021-12-20 11:02:15 - [TEST_STEP][PASSED] - click(findTestObject("Object Repository/micro staging/Page_Olay Holiday Program/div_help Address")): Object: 'Object Repository/micro staging/Page_Olay Holiday Program/div_help Address' is clicked on

2021-12-20 11:02:15 - [MESSAGE][PASSED] - Object: 'Object Repository/micro staging/Page_Olay Holiday Program/div_help Address' is clicked on

2021-12-20 11:02:15 - [TEST_STEP][PASSED] - sendKeys(findTestObject("Object Repository/micro staging/Page_Olay Holiday Program/input__address"), "9800 Fredericksburg Rd, San Antonio, TX 78288, USA"): Keys '9800 Fredericksburg Rd, San Antonio, TX 78288, USA' sent to object: 'Object Repository/micro staging/Page_Olay Holiday Program/input__address'

2021-12-20 11:02:15 - [MESSAGE][PASSED] - Keys '9800 Fredericksburg Rd, San Antonio, TX 78288, USA' sent to object: 'Object Repository/micro staging/Page_Olay Holiday Program/input__address'

2021-12-20 11:02:15 - [TEST_STEP][PASSED] - sendKeys(findTestObject("Object Repository/micro staging/Page_Olay Holiday Program/input__address"), Keys.chord(DOWN)): Keys 'DOWN + ' sent to object: 'Object Repository/micro staging/Page_Olay Holiday Program/input__address'

2021-12-20 11:02:16 - [MESSAGE][PASSED] - Keys 'DOWN + ' sent to object: 'Object Repository/micro staging/Page_Olay Holiday Program/input__address'

2021-12-20 11:02:16 - [TEST_STEP][PASSED] - sendKeys(findTestObject("Object Repository/micro staging/Page_Olay Holiday Program/input__address"), Keys.chord(ENTER)): Keys 'ENTER + ' sent to object: 'Object Repository/micro staging/Page_Olay Holiday Program/input__address'

2021-12-20 11:02:17 - [MESSAGE][PASSED] - Keys 'ENTER + ' sent to object: 'Object Repository/micro staging/Page_Olay Holiday Program/input__address'

2021-12-20 11:02:17 - [TEST_STEP][PASSED] - click(findTestObject("Object Repository/micro staging/Page_Olay Holiday Program/span__mat-checkbox-inner-container")): Object: 'Object Repository/micro staging/Page_Olay Holiday Program/span__mat-checkbox-inner-container' is clicked on

2021-12-20 11:02:17 - [MESSAGE][PASSED] - Object: 'Object Repository/micro staging/Page_Olay Holiday Program/span__mat-checkbox-inner-container' is clicked on

2021-12-20 11:02:17 - [TEST_STEP][PASSED] - delay(45): Delayed 45 second(s)

2021-12-20 11:03:02 - [MESSAGE][PASSED] - Delayed 45 second(s)

2021-12-20 11:03:02 - [TEST_STEP][PASSED] - click(findTestObject("Object Repository/micro staging/Page_Olay Holiday Program/button_SUBMIT (9)")): Object: 'Object Repository/micro staging/Page_Olay Holiday Program/button_SUBMIT (9)' is clicked on

2021-12-20 11:03:02 - [MESSAGE][PASSED] - Object: 'Object Repository/micro staging/Page_Olay Holiday Program/button_SUBMIT (9)' is clicked on

2021-12-20 11:03:02 - [TEST_STEP][PASSED] - takeScreenshot(): Taking screenshot successfully

2021-12-20 11:03:03 - [MESSAGE][PASSED] - Taking screenshot successfully
[[ATTACHMENT|/home/knoldus/Katalon Studio/Learn1/Reports/20211220_105717/Microsite olay Staging/Microsite olay/20211220_105717/1639978383296.png]]]]></system-out>
         <system-err><![CDATA[]]></system-err>
      </testcase>
      <testcase name="Test Cases/microsite staging/Registration/Tc-3(Registration)" time="43.509" classname="Test Cases/microsite staging/Registration/Tc-3(Registration)" status="FAILED">
         <failure type="FAILED" message="Test Cases/microsite staging/Registration/Tc-3(Registration) FAILED.
Reason:
com.kms.katalon.core.exception.StepFailedException: Call Test Case 'Test Cases/microsite staging/Open browser/Tc2-Login' failed
	at com.kms.katalon.core.keyword.builtin.CallTestCaseKeyword$_callTestCase_closure1.doCall(CallTestCaseKeyword.groovy:63)
	at com.kms.katalon.core.keyword.builtin.CallTestCaseKeyword$_callTestCase_closure1.call(CallTestCaseKeyword.groovy)
	at com.kms.katalon.core.keyword.internal.KeywordMain.runKeyword(KeywordMain.groovy:74)
	at com.kms.katalon.core.keyword.builtin.CallTestCaseKeyword.callTestCase(CallTestCaseKeyword.groovy:81)
	at com.kms.katalon.core.keyword.builtin.CallTestCaseKeyword.execute(CallTestCaseKeyword.groovy:44)
	at com.kms.katalon.core.keyword.internal.KeywordExecutor.executeKeywordForPlatform(KeywordExecutor.groovy:74)
	at com.kms.katalon.core.keyword.BuiltinKeywords.callTestCase(BuiltinKeywords.groovy:334)
	at Tc-3(Registration).run(Tc-3(Registration):20)
	at com.kms.katalon.core.main.ScriptEngine.run(ScriptEngine.java:194)
	at com.kms.katalon.core.main.ScriptEngine.runScriptAsRawText(ScriptEngine.java:119)
	at com.kms.katalon.core.main.TestCaseExecutor.runScript(TestCaseExecutor.java:442)
	at com.kms.katalon.core.main.TestCaseExecutor.doExecute(TestCaseExecutor.java:433)
	at com.kms.katalon.core.main.TestCaseExecutor.processExecutionPhase(TestCaseExecutor.java:412)
	at com.kms.katalon.core.main.TestCaseExecutor.accessMainPhase(TestCaseExecutor.java:404)
	at com.kms.katalon.core.main.TestCaseExecutor.execute(TestCaseExecutor.java:281)
	at com.kms.katalon.core.main.TestCaseExecutor.execute(TestCaseExecutor.java:363)
	at com.kms.katalon.core.main.TestSuiteExecutor.accessTestCaseMainPhase(TestSuiteExecutor.java:202)
	at com.kms.katalon.core.main.TestSuiteExecutor.accessTestSuiteMainPhase(TestSuiteExecutor.java:164)
	at com.kms.katalon.core.main.TestSuiteExecutor.execute(TestSuiteExecutor.java:105)
	at com.kms.katalon.core.main.TestCaseMain.startTestSuite(TestCaseMain.java:181)
	at com.kms.katalon.core.main.TestCaseMain$startTestSuite$0.call(Unknown Source)
	at TempTestSuite1639978037384.run(TempTestSuite1639978037384.groovy:36)
Caused by: com.kms.katalon.core.exception.StepFailedException: Verify element text of test object 'Object Repository/assert/Page_Olay Holiday Program/div_Username' FAILED.
	at com.kms.katalon.core.webui.keyword.internal.WebUIKeywordMain.stepFailed(WebUIKeywordMain.groovy:64)
	at com.kms.katalon.core.webui.keyword.internal.WebUIKeywordMain.runKeyword(WebUIKeywordMain.groovy:26)
	at com.kms.katalon.core.webui.keyword.builtin.VerifyElementTextKeyword.verifyElementText(VerifyElementTextKeyword.groovy:72)
	at com.kms.katalon.core.webui.keyword.builtin.VerifyElementTextKeyword.execute(VerifyElementTextKeyword.groovy:40)
	at com.kms.katalon.core.keyword.internal.KeywordExecutor.executeKeywordForPlatform(KeywordExecutor.groovy:74)
	at com.kms.katalon.core.webui.keyword.WebUiBuiltInKeywords.verifyElementText(WebUiBuiltInKeywords.groovy:4749)
	at com.kms.katalon.core.webui.keyword.WebUiBuiltInKeywords$verifyElementText$3.call(Unknown Source)
	at Tc2-Login.run(Tc2-Login:21)
	at com.kms.katalon.core.main.ScriptEngine.run(ScriptEngine.java:194)
	at com.kms.katalon.core.main.ScriptEngine.runScriptAsRawText(ScriptEngine.java:119)
	at com.kms.katalon.core.main.TestCaseExecutor.runScript(TestCaseExecutor.java:442)
	at com.kms.katalon.core.main.TestCaseExecutor.doExecute(TestCaseExecutor.java:433)
	at com.kms.katalon.core.main.TestCaseExecutor.processExecutionPhase(TestCaseExecutor.java:412)
	at com.kms.katalon.core.main.TestCaseExecutor.accessMainPhase(TestCaseExecutor.java:404)
	at com.kms.katalon.core.main.TestCaseExecutor.execute(TestCaseExecutor.java:281)
	at com.kms.katalon.core.main.TestCaseMain.runTestCase(TestCaseMain.java:138)
	at com.kms.katalon.core.keyword.builtin.CallTestCaseKeyword$_callTestCase_closure1.doCall(CallTestCaseKeyword.groovy:59)
	... 21 more
Caused by: com.kms.katalon.core.exception.StepFailedException: com.kms.katalon.core.webui.exception.WebElementNotFoundException: Web element with id: 'Object Repository/assert/Page_Olay Holiday Program/div_Username' located by '//mat-dialog-container[@id='mat-dialog-0']/app-site-access/div/form/mat-form-field/div/div/div[3]' not found
	at com.kms.katalon.core.webui.keyword.internal.WebUIKeywordMain.stepFailed(WebUIKeywordMain.groovy:64)
	at com.kms.katalon.core.webui.keyword.builtin.VerifyElementTextKeyword$_verifyElementText_closure1.doCall(VerifyElementTextKeyword.groovy:64)
	at com.kms.katalon.core.webui.keyword.builtin.VerifyElementTextKeyword$_verifyElementText_closure1.call(VerifyElementTextKeyword.groovy)
	at com.kms.katalon.core.webui.keyword.internal.WebUIKeywordMain.runKeyword(WebUIKeywordMain.groovy:20)
	... 36 more
"/>
         <system-out><![CDATA[2021-12-20 11:03:52 - [TEST_CASE][FAILED] - Test Cases/microsite staging/Registration/Tc-3(Registration): Test Cases/microsite staging/Registration/Tc-3(Registration) FAILED.
Reason:
com.kms.katalon.core.exception.StepFailedException: Call Test Case 'Test Cases/microsite staging/Open browser/Tc2-Login' failed
	at com.kms.katalon.core.keyword.builtin.CallTestCaseKeyword$_callTestCase_closure1.doCall(CallTestCaseKeyword.groovy:63)
	at com.kms.katalon.core.keyword.builtin.CallTestCaseKeyword$_callTestCase_closure1.call(CallTestCaseKeyword.groovy)
	at com.kms.katalon.core.keyword.internal.KeywordMain.runKeyword(KeywordMain.groovy:74)
	at com.kms.katalon.core.keyword.builtin.CallTestCaseKeyword.callTestCase(CallTestCaseKeyword.groovy:81)
	at com.kms.katalon.core.keyword.builtin.CallTestCaseKeyword.execute(CallTestCaseKeyword.groovy:44)
	at com.kms.katalon.core.keyword.internal.KeywordExecutor.executeKeywordForPlatform(KeywordExecutor.groovy:74)
	at com.kms.katalon.core.keyword.BuiltinKeywords.callTestCase(BuiltinKeywords.groovy:334)
	at Tc-3(Registration).run(Tc-3(Registration):20)
	at com.kms.katalon.core.main.ScriptEngine.run(ScriptEngine.java:194)
	at com.kms.katalon.core.main.ScriptEngine.runScriptAsRawText(ScriptEngine.java:119)
	at com.kms.katalon.core.main.TestCaseExecutor.runScript(TestCaseExecutor.java:442)
	at com.kms.katalon.core.main.TestCaseExecutor.doExecute(TestCaseExecutor.java:433)
	at com.kms.katalon.core.main.TestCaseExecutor.processExecutionPhase(TestCaseExecutor.java:412)
	at com.kms.katalon.core.main.TestCaseExecutor.accessMainPhase(TestCaseExecutor.java:404)
	at com.kms.katalon.core.main.TestCaseExecutor.execute(TestCaseExecutor.java:281)
	at com.kms.katalon.core.main.TestCaseExecutor.execute(TestCaseExecutor.java:363)
	at com.kms.katalon.core.main.TestSuiteExecutor.accessTestCaseMainPhase(TestSuiteExecutor.java:202)
	at com.kms.katalon.core.main.TestSuiteExecutor.accessTestSuiteMainPhase(TestSuiteExecutor.java:164)
	at com.kms.katalon.core.main.TestSuiteExecutor.execute(TestSuiteExecutor.java:105)
	at com.kms.katalon.core.main.TestCaseMain.startTestSuite(TestCaseMain.java:181)
	at com.kms.katalon.core.main.TestCaseMain$startTestSuite$0.call(Unknown Source)
	at TempTestSuite1639978037384.run(TempTestSuite1639978037384.groovy:36)
Caused by: com.kms.katalon.core.exception.StepFailedException: Verify element text of test object 'Object Repository/assert/Page_Olay Holiday Program/div_Username' FAILED.
	at com.kms.katalon.core.webui.keyword.internal.WebUIKeywordMain.stepFailed(WebUIKeywordMain.groovy:64)
	at com.kms.katalon.core.webui.keyword.internal.WebUIKeywordMain.runKeyword(WebUIKeywordMain.groovy:26)
	at com.kms.katalon.core.webui.keyword.builtin.VerifyElementTextKeyword.verifyElementText(VerifyElementTextKeyword.groovy:72)
	at com.kms.katalon.core.webui.keyword.builtin.VerifyElementTextKeyword.execute(VerifyElementTextKeyword.groovy:40)
	at com.kms.katalon.core.keyword.internal.KeywordExecutor.executeKeywordForPlatform(KeywordExecutor.groovy:74)
	at com.kms.katalon.core.webui.keyword.WebUiBuiltInKeywords.verifyElementText(WebUiBuiltInKeywords.groovy:4749)
	at com.kms.katalon.core.webui.keyword.WebUiBuiltInKeywords$verifyElementText$3.call(Unknown Source)
	at Tc2-Login.run(Tc2-Login:21)
	at com.kms.katalon.core.main.ScriptEngine.run(ScriptEngine.java:194)
	at com.kms.katalon.core.main.ScriptEngine.runScriptAsRawText(ScriptEngine.java:119)
	at com.kms.katalon.core.main.TestCaseExecutor.runScript(TestCaseExecutor.java:442)
	at com.kms.katalon.core.main.TestCaseExecutor.doExecute(TestCaseExecutor.java:433)
	at com.kms.katalon.core.main.TestCaseExecutor.processExecutionPhase(TestCaseExecutor.java:412)
	at com.kms.katalon.core.main.TestCaseExecutor.accessMainPhase(TestCaseExecutor.java:404)
	at com.kms.katalon.core.main.TestCaseExecutor.execute(TestCaseExecutor.java:281)
	at com.kms.katalon.core.main.TestCaseMain.runTestCase(TestCaseMain.java:138)
	at com.kms.katalon.core.keyword.builtin.CallTestCaseKeyword$_callTestCase_closure1.doCall(CallTestCaseKeyword.groovy:59)
	... 21 more
Caused by: com.kms.katalon.core.exception.StepFailedException: com.kms.katalon.core.webui.exception.WebElementNotFoundException: Web element with id: 'Object Repository/assert/Page_Olay Holiday Program/div_Username' located by '//mat-dialog-container[@id='mat-dialog-0']/app-site-access/div/form/mat-form-field/div/div/div[3]' not found
	at com.kms.katalon.core.webui.keyword.internal.WebUIKeywordMain.stepFailed(WebUIKeywordMain.groovy:64)
	at com.kms.katalon.core.webui.keyword.builtin.VerifyElementTextKeyword$_verifyElementText_closure1.doCall(VerifyElementTextKeyword.groovy:64)
	at com.kms.katalon.core.webui.keyword.builtin.VerifyElementTextKeyword$_verifyElementText_closure1.call(VerifyElementTextKeyword.groovy)
	at com.kms.katalon.core.webui.keyword.internal.WebUIKeywordMain.runKeyword(WebUIKeywordMain.groovy:20)
	... 36 more


2021-12-20 11:03:52 - [TEST_STEP][FAILED] - callTestCase(findTestCase("microsite staging/Open browser/Tc2-Login"), [:], STOP_ON_FAILURE): Unable to call Test Case 'Test Cases/microsite staging/Open browser/Tc2-Login' (Root cause: com.kms.katalon.core.exception.StepFailedException: Call Test Case 'Test Cases/microsite staging/Open browser/Tc2-Login' failed
	at com.kms.katalon.core.keyword.builtin.CallTestCaseKeyword$_callTestCase_closure1.doCall(CallTestCaseKeyword.groovy:63)
	at com.kms.katalon.core.keyword.builtin.CallTestCaseKeyword$_callTestCase_closure1.call(CallTestCaseKeyword.groovy)
	at com.kms.katalon.core.keyword.internal.KeywordMain.runKeyword(KeywordMain.groovy:74)
	at com.kms.katalon.core.keyword.builtin.CallTestCaseKeyword.callTestCase(CallTestCaseKeyword.groovy:81)
	at com.kms.katalon.core.keyword.builtin.CallTestCaseKeyword.execute(CallTestCaseKeyword.groovy:44)
	at com.kms.katalon.core.keyword.internal.KeywordExecutor.executeKeywordForPlatform(KeywordExecutor.groovy:74)
	at com.kms.katalon.core.keyword.BuiltinKeywords.callTestCase(BuiltinKeywords.groovy:334)
	at Tc-3(Registration).run(Tc-3(Registration):20)
	at com.kms.katalon.core.main.ScriptEngine.run(ScriptEngine.java:194)
	at com.kms.katalon.core.main.ScriptEngine.runScriptAsRawText(ScriptEngine.java:119)
	at com.kms.katalon.core.main.TestCaseExecutor.runScript(TestCaseExecutor.java:442)
	at com.kms.katalon.core.main.TestCaseExecutor.doExecute(TestCaseExecutor.java:433)
	at com.kms.katalon.core.main.TestCaseExecutor.processExecutionPhase(TestCaseExecutor.java:412)
	at com.kms.katalon.core.main.TestCaseExecutor.accessMainPhase(TestCaseExecutor.java:404)
	at com.kms.katalon.core.main.TestCaseExecutor.execute(TestCaseExecutor.java:281)
	at com.kms.katalon.core.main.TestCaseExecutor.execute(TestCaseExecutor.java:363)
	at com.kms.katalon.core.main.TestSuiteExecutor.accessTestCaseMainPhase(TestSuiteExecutor.java:202)
	at com.kms.katalon.core.main.TestSuiteExecutor.accessTestSuiteMainPhase(TestSuiteExecutor.java:164)
	at com.kms.katalon.core.main.TestSuiteExecutor.execute(TestSuiteExecutor.java:105)
	at com.kms.katalon.core.main.TestCaseMain.startTestSuite(TestCaseMain.java:181)
	at com.kms.katalon.core.main.TestCaseMain$startTestSuite$0.call(Unknown Source)
	at TempTestSuite1639978037384.run(TempTestSuite1639978037384.groovy:36)
Caused by: com.kms.katalon.core.exception.StepFailedException: Verify element text of test object 'Object Repository/assert/Page_Olay Holiday Program/div_Username' FAILED.
	at com.kms.katalon.core.webui.keyword.internal.WebUIKeywordMain.stepFailed(WebUIKeywordMain.groovy:64)
	at com.kms.katalon.core.webui.keyword.internal.WebUIKeywordMain.runKeyword(WebUIKeywordMain.groovy:26)
	at com.kms.katalon.core.webui.keyword.builtin.VerifyElementTextKeyword.verifyElementText(VerifyElementTextKeyword.groovy:72)
	at com.kms.katalon.core.webui.keyword.builtin.VerifyElementTextKeyword.execute(VerifyElementTextKeyword.groovy:40)
	at com.kms.katalon.core.keyword.internal.KeywordExecutor.executeKeywordForPlatform(KeywordExecutor.groovy:74)
	at com.kms.katalon.core.webui.keyword.WebUiBuiltInKeywords.verifyElementText(WebUiBuiltInKeywords.groovy:4749)
	at com.kms.katalon.core.webui.keyword.WebUiBuiltInKeywords$verifyElementText$3.call(Unknown Source)
	at Tc2-Login.run(Tc2-Login:21)
	at com.kms.katalon.core.main.ScriptEngine.run(ScriptEngine.java:194)
	at com.kms.katalon.core.main.ScriptEngine.runScriptAsRawText(ScriptEngine.java:119)
	at com.kms.katalon.core.main.TestCaseExecutor.runScript(TestCaseExecutor.java:442)
	at com.kms.katalon.core.main.TestCaseExecutor.doExecute(TestCaseExecutor.java:433)
	at com.kms.katalon.core.main.TestCaseExecutor.processExecutionPhase(TestCaseExecutor.java:412)
	at com.kms.katalon.core.main.TestCaseExecutor.accessMainPhase(TestCaseExecutor.java:404)
	at com.kms.katalon.core.main.TestCaseExecutor.execute(TestCaseExecutor.java:281)
	at com.kms.katalon.core.main.TestCaseMain.runTestCase(TestCaseMain.java:138)
	at com.kms.katalon.core.keyword.builtin.CallTestCaseKeyword$_callTestCase_closure1.doCall(CallTestCaseKeyword.groovy:59)
	... 21 more
Caused by: com.kms.katalon.core.exception.StepFailedException: com.kms.katalon.core.webui.exception.WebElementNotFoundException: Web element with id: 'Object Repository/assert/Page_Olay Holiday Program/div_Username' located by '//mat-dialog-container[@id='mat-dialog-0']/app-site-access/div/form/mat-form-field/div/div/div[3]' not found
	at com.kms.katalon.core.webui.keyword.internal.WebUIKeywordMain.stepFailed(WebUIKeywordMain.groovy:64)
	at com.kms.katalon.core.webui.keyword.builtin.VerifyElementTextKeyword$_verifyElementText_closure1.doCall(VerifyElementTextKeyword.groovy:64)
	at com.kms.katalon.core.webui.keyword.builtin.VerifyElementTextKeyword$_verifyElementText_closure1.call(VerifyElementTextKeyword.groovy)
	at com.kms.katalon.core.webui.keyword.internal.WebUIKeywordMain.runKeyword(WebUIKeywordMain.groovy:20)
	... 36 more
)

2021-12-20 11:03:52 - [TEST_CASE][FAILED] - Test Cases/microsite staging/Open browser/Tc2-Login: Test Cases/microsite staging/Open browser/Tc2-Login FAILED.
Reason:
com.kms.katalon.core.exception.StepFailedException: Verify element text of test object 'Object Repository/assert/Page_Olay Holiday Program/div_Username' FAILED.
	at com.kms.katalon.core.webui.keyword.internal.WebUIKeywordMain.stepFailed(WebUIKeywordMain.groovy:64)
	at com.kms.katalon.core.webui.keyword.internal.WebUIKeywordMain.runKeyword(WebUIKeywordMain.groovy:26)
	at com.kms.katalon.core.webui.keyword.builtin.VerifyElementTextKeyword.verifyElementText(VerifyElementTextKeyword.groovy:72)
	at com.kms.katalon.core.webui.keyword.builtin.VerifyElementTextKeyword.execute(VerifyElementTextKeyword.groovy:40)
	at com.kms.katalon.core.keyword.internal.KeywordExecutor.executeKeywordForPlatform(KeywordExecutor.groovy:74)
	at com.kms.katalon.core.webui.keyword.WebUiBuiltInKeywords.verifyElementText(WebUiBuiltInKeywords.groovy:4749)
	at com.kms.katalon.core.webui.keyword.WebUiBuiltInKeywords$verifyElementText$3.call(Unknown Source)
	at Tc2-Login.run(Tc2-Login:21)
	at com.kms.katalon.core.main.ScriptEngine.run(ScriptEngine.java:194)
	at com.kms.katalon.core.main.ScriptEngine.runScriptAsRawText(ScriptEngine.java:119)
	at com.kms.katalon.core.main.TestCaseExecutor.runScript(TestCaseExecutor.java:442)
	at com.kms.katalon.core.main.TestCaseExecutor.doExecute(TestCaseExecutor.java:433)
	at com.kms.katalon.core.main.TestCaseExecutor.processExecutionPhase(TestCaseExecutor.java:412)
	at com.kms.katalon.core.main.TestCaseExecutor.accessMainPhase(TestCaseExecutor.java:404)
	at com.kms.katalon.core.main.TestCaseExecutor.execute(TestCaseExecutor.java:281)
	at com.kms.katalon.core.main.TestCaseMain.runTestCase(TestCaseMain.java:138)
	at com.kms.katalon.core.keyword.builtin.CallTestCaseKeyword$_callTestCase_closure1.doCall(CallTestCaseKeyword.groovy:59)
	at com.kms.katalon.core.keyword.builtin.CallTestCaseKeyword$_callTestCase_closure1.call(CallTestCaseKeyword.groovy)
	at com.kms.katalon.core.keyword.internal.KeywordMain.runKeyword(KeywordMain.groovy:74)
	at com.kms.katalon.core.keyword.builtin.CallTestCaseKeyword.callTestCase(CallTestCaseKeyword.groovy:81)
	at com.kms.katalon.core.keyword.builtin.CallTestCaseKeyword.execute(CallTestCaseKeyword.groovy:44)
	at com.kms.katalon.core.keyword.internal.KeywordExecutor.executeKeywordForPlatform(KeywordExecutor.groovy:74)
	at com.kms.katalon.core.keyword.BuiltinKeywords.callTestCase(BuiltinKeywords.groovy:334)
	at Tc-3(Registration).run(Tc-3(Registration):20)
	at com.kms.katalon.core.main.ScriptEngine.run(ScriptEngine.java:194)
	at com.kms.katalon.core.main.ScriptEngine.runScriptAsRawText(ScriptEngine.java:119)
	at com.kms.katalon.core.main.TestCaseExecutor.runScript(TestCaseExecutor.java:442)
	at com.kms.katalon.core.main.TestCaseExecutor.doExecute(TestCaseExecutor.java:433)
	at com.kms.katalon.core.main.TestCaseExecutor.processExecutionPhase(TestCaseExecutor.java:412)
	at com.kms.katalon.core.main.TestCaseExecutor.accessMainPhase(TestCaseExecutor.java:404)
	at com.kms.katalon.core.main.TestCaseExecutor.execute(TestCaseExecutor.java:281)
	at com.kms.katalon.core.main.TestCaseExecutor.execute(TestCaseExecutor.java:363)
	at com.kms.katalon.core.main.TestSuiteExecutor.accessTestCaseMainPhase(TestSuiteExecutor.java:202)
	at com.kms.katalon.core.main.TestSuiteExecutor.accessTestSuiteMainPhase(TestSuiteExecutor.java:164)
	at com.kms.katalon.core.main.TestSuiteExecutor.execute(TestSuiteExecutor.java:105)
	at com.kms.katalon.core.main.TestCaseMain.startTestSuite(TestCaseMain.java:181)
	at com.kms.katalon.core.main.TestCaseMain$startTestSuite$0.call(Unknown Source)
	at TempTestSuite1639978037384.run(TempTestSuite1639978037384.groovy:36)
Caused by: com.kms.katalon.core.exception.StepFailedException: com.kms.katalon.core.webui.exception.WebElementNotFoundException: Web element with id: 'Object Repository/assert/Page_Olay Holiday Program/div_Username' located by '//mat-dialog-container[@id='mat-dialog-0']/app-site-access/div/form/mat-form-field/div/div/div[3]' not found
	at com.kms.katalon.core.webui.keyword.internal.WebUIKeywordMain.stepFailed(WebUIKeywordMain.groovy:64)
	at com.kms.katalon.core.webui.keyword.builtin.VerifyElementTextKeyword$_verifyElementText_closure1.doCall(VerifyElementTextKeyword.groovy:64)
	at com.kms.katalon.core.webui.keyword.builtin.VerifyElementTextKeyword$_verifyElementText_closure1.call(VerifyElementTextKeyword.groovy)
	at com.kms.katalon.core.webui.keyword.internal.WebUIKeywordMain.runKeyword(WebUIKeywordMain.groovy:20)
	... 36 more


2021-12-20 11:03:52 - [TEST_STEP][PASSED] - callTestCase(findTestCase("microsite staging/Open browser/Tc-1(Open Browser)"), [:], STOP_ON_FAILURE): Call Test Case 'Test Cases/microsite staging/Open browser/Tc-1(Open Browser)' successfully

2021-12-20 11:03:52 - [TEST_CASE][PASSED] - Test Cases/microsite staging/Open browser/Tc-1(Open Browser): Test Cases/microsite staging/Open browser/Tc-1(Open Browser)

2021-12-20 11:03:52 - [TEST_STEP][PASSED] - openBrowser(""): Browser is opened with url: ''

2021-12-20 11:03:52 - [MESSAGE][WARNING] - A browser is already opened. Closing browser and opening a new one

2021-12-20 11:03:52 - [MESSAGE][INFO] - Starting 'Chrome' driver

2021-12-20 11:03:52 - [MESSAGE][INFO] - Action delay is set to 0 milliseconds

2021-12-20 11:03:53 - [MESSAGE][PASSED] - Browser is opened with url: ''

2021-12-20 11:03:53 - [TEST_STEP][PASSED] - navigateToUrl(urlstaging): Navigate to 'https://holidayolay.3tlstaging.com/login' successfully

2021-12-20 11:04:01 - [MESSAGE][PASSED] - Navigate to 'https://holidayolay.3tlstaging.com/login' successfully

2021-12-20 11:04:01 - [TEST_STEP][PASSED] - CurrentUrL = getUrl(): Current window's url is: 'https://holidayolay.3tlstaging.com/login'

2021-12-20 11:04:01 - [MESSAGE][PASSED] - Current window's url is: 'https://holidayolay.3tlstaging.com/login'

2021-12-20 11:04:01 - [TEST_STEP][PASSED] - verifyMatch(CurrentUrL, urlstaging, true): Actual text 'https://holidayolay.3tlstaging.com/login' and expected text 'https://holidayolay.3tlstaging.com/login' are matched  using regular expression

2021-12-20 11:04:01 - [MESSAGE][PASSED] - Actual text 'https://holidayolay.3tlstaging.com/login' and expected text 'https://holidayolay.3tlstaging.com/login' are matched  using regular expression

2021-12-20 11:04:01 - [TEST_STEP][PASSED] - maximizeWindow(): Current window maximized

2021-12-20 11:04:01 - [MESSAGE][PASSED] - Current window maximized

2021-12-20 11:04:01 - [MESSAGE][PASSED] - Call Test Case 'Test Cases/microsite staging/Open browser/Tc-1(Open Browser)' successfully

2021-12-20 11:04:01 - [TEST_STEP][FAILED] - verifyElementText(findTestObject("Object Repository/assert/Page_Olay Holiday Program/div_Username"), "Username"): Verify element text of test object 'Object Repository/assert/Page_Olay Holiday Program/div_Username' FAILED. (Root cause: com.kms.katalon.core.exception.StepFailedException: Verify element text of test object 'Object Repository/assert/Page_Olay Holiday Program/div_Username' FAILED.
	at com.kms.katalon.core.webui.keyword.internal.WebUIKeywordMain.stepFailed(WebUIKeywordMain.groovy:64)
	at com.kms.katalon.core.webui.keyword.internal.WebUIKeywordMain.runKeyword(WebUIKeywordMain.groovy:26)
	at com.kms.katalon.core.webui.keyword.builtin.VerifyElementTextKeyword.verifyElementText(VerifyElementTextKeyword.groovy:72)
	at com.kms.katalon.core.webui.keyword.builtin.VerifyElementTextKeyword.execute(VerifyElementTextKeyword.groovy:40)
	at com.kms.katalon.core.keyword.internal.KeywordExecutor.executeKeywordForPlatform(KeywordExecutor.groovy:74)
	at com.kms.katalon.core.webui.keyword.WebUiBuiltInKeywords.verifyElementText(WebUiBuiltInKeywords.groovy:4749)
	at com.kms.katalon.core.webui.keyword.WebUiBuiltInKeywords$verifyElementText$3.call(Unknown Source)
	at Tc2-Login.run(Tc2-Login:21)
	at com.kms.katalon.core.main.ScriptEngine.run(ScriptEngine.java:194)
	at com.kms.katalon.core.main.ScriptEngine.runScriptAsRawText(ScriptEngine.java:119)
	at com.kms.katalon.core.main.TestCaseExecutor.runScript(TestCaseExecutor.java:442)
	at com.kms.katalon.core.main.TestCaseExecutor.doExecute(TestCaseExecutor.java:433)
	at com.kms.katalon.core.main.TestCaseExecutor.processExecutionPhase(TestCaseExecutor.java:412)
	at com.kms.katalon.core.main.TestCaseExecutor.accessMainPhase(TestCaseExecutor.java:404)
	at com.kms.katalon.core.main.TestCaseExecutor.execute(TestCaseExecutor.java:281)
	at com.kms.katalon.core.main.TestCaseMain.runTestCase(TestCaseMain.java:138)
	at com.kms.katalon.core.keyword.builtin.CallTestCaseKeyword$_callTestCase_closure1.doCall(CallTestCaseKeyword.groovy:59)
	at com.kms.katalon.core.keyword.builtin.CallTestCaseKeyword$_callTestCase_closure1.call(CallTestCaseKeyword.groovy)
	at com.kms.katalon.core.keyword.internal.KeywordMain.runKeyword(KeywordMain.groovy:74)
	at com.kms.katalon.core.keyword.builtin.CallTestCaseKeyword.callTestCase(CallTestCaseKeyword.groovy:81)
	at com.kms.katalon.core.keyword.builtin.CallTestCaseKeyword.execute(CallTestCaseKeyword.groovy:44)
	at com.kms.katalon.core.keyword.internal.KeywordExecutor.executeKeywordForPlatform(KeywordExecutor.groovy:74)
	at com.kms.katalon.core.keyword.BuiltinKeywords.callTestCase(BuiltinKeywords.groovy:334)
	at Tc-3(Registration).run(Tc-3(Registration):20)
	at com.kms.katalon.core.main.ScriptEngine.run(ScriptEngine.java:194)
	at com.kms.katalon.core.main.ScriptEngine.runScriptAsRawText(ScriptEngine.java:119)
	at com.kms.katalon.core.main.TestCaseExecutor.runScript(TestCaseExecutor.java:442)
	at com.kms.katalon.core.main.TestCaseExecutor.doExecute(TestCaseExecutor.java:433)
	at com.kms.katalon.core.main.TestCaseExecutor.processExecutionPhase(TestCaseExecutor.java:412)
	at com.kms.katalon.core.main.TestCaseExecutor.accessMainPhase(TestCaseExecutor.java:404)
	at com.kms.katalon.core.main.TestCaseExecutor.execute(TestCaseExecutor.java:281)
	at com.kms.katalon.core.main.TestCaseExecutor.execute(TestCaseExecutor.java:363)
	at com.kms.katalon.core.main.TestSuiteExecutor.accessTestCaseMainPhase(TestSuiteExecutor.java:202)
	at com.kms.katalon.core.main.TestSuiteExecutor.accessTestSuiteMainPhase(TestSuiteExecutor.java:164)
	at com.kms.katalon.core.main.TestSuiteExecutor.execute(TestSuiteExecutor.java:105)
	at com.kms.katalon.core.main.TestCaseMain.startTestSuite(TestCaseMain.java:181)
	at com.kms.katalon.core.main.TestCaseMain$startTestSuite$0.call(Unknown Source)
	at TempTestSuite1639978037384.run(TempTestSuite1639978037384.groovy:36)
Caused by: com.kms.katalon.core.exception.StepFailedException: com.kms.katalon.core.webui.exception.WebElementNotFoundException: Web element with id: 'Object Repository/assert/Page_Olay Holiday Program/div_Username' located by '//mat-dialog-container[@id='mat-dialog-0']/app-site-access/div/form/mat-form-field/div/div/div[3]' not found
	at com.kms.katalon.core.webui.keyword.internal.WebUIKeywordMain.stepFailed(WebUIKeywordMain.groovy:64)
	at com.kms.katalon.core.webui.keyword.builtin.VerifyElementTextKeyword$_verifyElementText_closure1.doCall(VerifyElementTextKeyword.groovy:64)
	at com.kms.katalon.core.webui.keyword.builtin.VerifyElementTextKeyword$_verifyElementText_closure1.call(VerifyElementTextKeyword.groovy)
	at com.kms.katalon.core.webui.keyword.internal.WebUIKeywordMain.runKeyword(WebUIKeywordMain.groovy:20)
	... 36 more
)

2021-12-20 11:04:32 - [MESSAGE][INFO] - Unable to find the element located by 'By.xpath: //mat-dialog-container[@id='mat-dialog-0']/app-site-access/div/form/mat-form-field/div/div/div[3]'. Please recheck the objects properties to make sure the desired element is located. 

2021-12-20 11:04:32 - [MESSAGE][WARNING] - [SELF-HEALING] Failed to find element with id 'Object Repository/assert/Page_Olay Holiday Program/div_Username'. Try using Self-healing.

2021-12-20 11:04:33 - [MESSAGE][INFO] - [SELF-HEALING] Failed Locator: '//mat-dialog-container[@id='mat-dialog-0']/app-site-access/div/form/mat-form-field/div/div/div[3]'.

2021-12-20 11:04:33 - [MESSAGE][INFO] - [SELF-HEALING] Failed Locator: '(.//*[normalize-space(text()) and normalize-space(.)='Please Enter you Credentials'])[1]/following::div[11]'.

2021-12-20 11:04:33 - [MESSAGE][INFO] - [SELF-HEALING] Failed Locator: '(.//*[normalize-space(text()) and normalize-space(.)='Do Not Sell My Personal Information'])[1]/following::div[19]'.

2021-12-20 11:04:33 - [MESSAGE][INFO] - [SELF-HEALING] Failed Locator: '(.//*[normalize-space(text()) and normalize-space(.)='Password'])[1]/preceding::div[12]'.

2021-12-20 11:04:33 - [MESSAGE][INFO] - [SELF-HEALING] Failed Locator: '//app-site-access/div/form/mat-form-field/div/div/div[3]'.

2021-12-20 11:04:35 - [MESSAGE][INFO] - Unable to find the element located by 'By.xpath: //*[(text() = 'Username' or . = 'Username')]'. Please recheck the objects properties to make sure the desired element is located. 

2021-12-20 11:04:36 - [MESSAGE][INFO] - Unable to find the element located by 'By.cssSelector: div.mat-form-field-infix.ng-tns-c51-1'. Please recheck the objects properties to make sure the desired element is located. 

2021-12-20 11:04:36 - [MESSAGE][FAILED] - com.kms.katalon.core.webui.exception.WebElementNotFoundException: Web element with id: 'Object Repository/assert/Page_Olay Holiday Program/div_Username' located by '//mat-dialog-container[@id='mat-dialog-0']/app-site-access/div/form/mat-form-field/div/div/div[3]' not found (Root cause: com.kms.katalon.core.exception.StepFailedException: com.kms.katalon.core.webui.exception.WebElementNotFoundException: Web element with id: 'Object Repository/assert/Page_Olay Holiday Program/div_Username' located by '//mat-dialog-container[@id='mat-dialog-0']/app-site-access/div/form/mat-form-field/div/div/div[3]' not found
	at com.kms.katalon.core.webui.keyword.internal.WebUIKeywordMain.stepFailed(WebUIKeywordMain.groovy:64)
	at com.kms.katalon.core.webui.keyword.builtin.VerifyElementTextKeyword$_verifyElementText_closure1.doCall(VerifyElementTextKeyword.groovy:64)
	at com.kms.katalon.core.webui.keyword.builtin.VerifyElementTextKeyword$_verifyElementText_closure1.call(VerifyElementTextKeyword.groovy)
	at com.kms.katalon.core.webui.keyword.internal.WebUIKeywordMain.runKeyword(WebUIKeywordMain.groovy:20)
	at com.kms.katalon.core.webui.keyword.builtin.VerifyElementTextKeyword.verifyElementText(VerifyElementTextKeyword.groovy:72)
	at com.kms.katalon.core.webui.keyword.builtin.VerifyElementTextKeyword.execute(VerifyElementTextKeyword.groovy:40)
	at com.kms.katalon.core.keyword.internal.KeywordExecutor.executeKeywordForPlatform(KeywordExecutor.groovy:74)
	at com.kms.katalon.core.webui.keyword.WebUiBuiltInKeywords.verifyElementText(WebUiBuiltInKeywords.groovy:4749)
	at com.kms.katalon.core.webui.keyword.WebUiBuiltInKeywords$verifyElementText$3.call(Unknown Source)
	at Tc2-Login.run(Tc2-Login:21)
	at com.kms.katalon.core.main.ScriptEngine.run(ScriptEngine.java:194)
	at com.kms.katalon.core.main.ScriptEngine.runScriptAsRawText(ScriptEngine.java:119)
	at com.kms.katalon.core.main.TestCaseExecutor.runScript(TestCaseExecutor.java:442)
	at com.kms.katalon.core.main.TestCaseExecutor.doExecute(TestCaseExecutor.java:433)
	at com.kms.katalon.core.main.TestCaseExecutor.processExecutionPhase(TestCaseExecutor.java:412)
	at com.kms.katalon.core.main.TestCaseExecutor.accessMainPhase(TestCaseExecutor.java:404)
	at com.kms.katalon.core.main.TestCaseExecutor.execute(TestCaseExecutor.java:281)
	at com.kms.katalon.core.main.TestCaseMain.runTestCase(TestCaseMain.java:138)
	at com.kms.katalon.core.keyword.builtin.CallTestCaseKeyword$_callTestCase_closure1.doCall(CallTestCaseKeyword.groovy:59)
	at com.kms.katalon.core.keyword.builtin.CallTestCaseKeyword$_callTestCase_closure1.call(CallTestCaseKeyword.groovy)
	at com.kms.katalon.core.keyword.internal.KeywordMain.runKeyword(KeywordMain.groovy:74)
	at com.kms.katalon.core.keyword.builtin.CallTestCaseKeyword.callTestCase(CallTestCaseKeyword.groovy:81)
	at com.kms.katalon.core.keyword.builtin.CallTestCaseKeyword.execute(CallTestCaseKeyword.groovy:44)
	at com.kms.katalon.core.keyword.internal.KeywordExecutor.executeKeywordForPlatform(KeywordExecutor.groovy:74)
	at com.kms.katalon.core.keyword.BuiltinKeywords.callTestCase(BuiltinKeywords.groovy:334)
	at Tc-3(Registration).run(Tc-3(Registration):20)
	at com.kms.katalon.core.main.ScriptEngine.run(ScriptEngine.java:194)
	at com.kms.katalon.core.main.ScriptEngine.runScriptAsRawText(ScriptEngine.java:119)
	at com.kms.katalon.core.main.TestCaseExecutor.runScript(TestCaseExecutor.java:442)
	at com.kms.katalon.core.main.TestCaseExecutor.doExecute(TestCaseExecutor.java:433)
	at com.kms.katalon.core.main.TestCaseExecutor.processExecutionPhase(TestCaseExecutor.java:412)
	at com.kms.katalon.core.main.TestCaseExecutor.accessMainPhase(TestCaseExecutor.java:404)
	at com.kms.katalon.core.main.TestCaseExecutor.execute(TestCaseExecutor.java:281)
	at com.kms.katalon.core.main.TestCaseExecutor.execute(TestCaseExecutor.java:363)
	at com.kms.katalon.core.main.TestSuiteExecutor.accessTestCaseMainPhase(TestSuiteExecutor.java:202)
	at com.kms.katalon.core.main.TestSuiteExecutor.accessTestSuiteMainPhase(TestSuiteExecutor.java:164)
	at com.kms.katalon.core.main.TestSuiteExecutor.execute(TestSuiteExecutor.java:105)
	at com.kms.katalon.core.main.TestCaseMain.startTestSuite(TestCaseMain.java:181)
	at com.kms.katalon.core.main.TestCaseMain$startTestSuite$0.call(Unknown Source)
	at TempTestSuite1639978037384.run(TempTestSuite1639978037384.groovy:36)
)
[[ATTACHMENT|/home/knoldus/Katalon Studio/Learn1/Reports/20211220_105717/Microsite olay Staging/Microsite olay/20211220_105717/1639978476142.png]]

2021-12-20 11:04:36 - [MESSAGE][FAILED] - Verify element text of test object 'Object Repository/assert/Page_Olay Holiday Program/div_Username' FAILED. (Root cause: com.kms.katalon.core.exception.StepFailedException: Verify element text of test object 'Object Repository/assert/Page_Olay Holiday Program/div_Username' FAILED.
	at com.kms.katalon.core.webui.keyword.internal.WebUIKeywordMain.stepFailed(WebUIKeywordMain.groovy:64)
	at com.kms.katalon.core.webui.keyword.internal.WebUIKeywordMain.runKeyword(WebUIKeywordMain.groovy:26)
	at com.kms.katalon.core.webui.keyword.builtin.VerifyElementTextKeyword.verifyElementText(VerifyElementTextKeyword.groovy:72)
	at com.kms.katalon.core.webui.keyword.builtin.VerifyElementTextKeyword.execute(VerifyElementTextKeyword.groovy:40)
	at com.kms.katalon.core.keyword.internal.KeywordExecutor.executeKeywordForPlatform(KeywordExecutor.groovy:74)
	at com.kms.katalon.core.webui.keyword.WebUiBuiltInKeywords.verifyElementText(WebUiBuiltInKeywords.groovy:4749)
	at com.kms.katalon.core.webui.keyword.WebUiBuiltInKeywords$verifyElementText$3.call(Unknown Source)
	at Tc2-Login.run(Tc2-Login:21)
	at com.kms.katalon.core.main.ScriptEngine.run(ScriptEngine.java:194)
	at com.kms.katalon.core.main.ScriptEngine.runScriptAsRawText(ScriptEngine.java:119)
	at com.kms.katalon.core.main.TestCaseExecutor.runScript(TestCaseExecutor.java:442)
	at com.kms.katalon.core.main.TestCaseExecutor.doExecute(TestCaseExecutor.java:433)
	at com.kms.katalon.core.main.TestCaseExecutor.processExecutionPhase(TestCaseExecutor.java:412)
	at com.kms.katalon.core.main.TestCaseExecutor.accessMainPhase(TestCaseExecutor.java:404)
	at com.kms.katalon.core.main.TestCaseExecutor.execute(TestCaseExecutor.java:281)
	at com.kms.katalon.core.main.TestCaseMain.runTestCase(TestCaseMain.java:138)
	at com.kms.katalon.core.keyword.builtin.CallTestCaseKeyword$_callTestCase_closure1.doCall(CallTestCaseKeyword.groovy:59)
	at com.kms.katalon.core.keyword.builtin.CallTestCaseKeyword$_callTestCase_closure1.call(CallTestCaseKeyword.groovy)
	at com.kms.katalon.core.keyword.internal.KeywordMain.runKeyword(KeywordMain.groovy:74)
	at com.kms.katalon.core.keyword.builtin.CallTestCaseKeyword.callTestCase(CallTestCaseKeyword.groovy:81)
	at com.kms.katalon.core.keyword.builtin.CallTestCaseKeyword.execute(CallTestCaseKeyword.groovy:44)
	at com.kms.katalon.core.keyword.internal.KeywordExecutor.executeKeywordForPlatform(KeywordExecutor.groovy:74)
	at com.kms.katalon.core.keyword.BuiltinKeywords.callTestCase(BuiltinKeywords.groovy:334)
	at Tc-3(Registration).run(Tc-3(Registration):20)
	at com.kms.katalon.core.main.ScriptEngine.run(ScriptEngine.java:194)
	at com.kms.katalon.core.main.ScriptEngine.runScriptAsRawText(ScriptEngine.java:119)
	at com.kms.katalon.core.main.TestCaseExecutor.runScript(TestCaseExecutor.java:442)
	at com.kms.katalon.core.main.TestCaseExecutor.doExecute(TestCaseExecutor.java:433)
	at com.kms.katalon.core.main.TestCaseExecutor.processExecutionPhase(TestCaseExecutor.java:412)
	at com.kms.katalon.core.main.TestCaseExecutor.accessMainPhase(TestCaseExecutor.java:404)
	at com.kms.katalon.core.main.TestCaseExecutor.execute(TestCaseExecutor.java:281)
	at com.kms.katalon.core.main.TestCaseExecutor.execute(TestCaseExecutor.java:363)
	at com.kms.katalon.core.main.TestSuiteExecutor.accessTestCaseMainPhase(TestSuiteExecutor.java:202)
	at com.kms.katalon.core.main.TestSuiteExecutor.accessTestSuiteMainPhase(TestSuiteExecutor.java:164)
	at com.kms.katalon.core.main.TestSuiteExecutor.execute(TestSuiteExecutor.java:105)
	at com.kms.katalon.core.main.TestCaseMain.startTestSuite(TestCaseMain.java:181)
	at com.kms.katalon.core.main.TestCaseMain$startTestSuite$0.call(Unknown Source)
	at TempTestSuite1639978037384.run(TempTestSuite1639978037384.groovy:36)
Caused by: com.kms.katalon.core.exception.StepFailedException: com.kms.katalon.core.webui.exception.WebElementNotFoundException: Web element with id: 'Object Repository/assert/Page_Olay Holiday Program/div_Username' located by '//mat-dialog-container[@id='mat-dialog-0']/app-site-access/div/form/mat-form-field/div/div/div[3]' not found
	at com.kms.katalon.core.webui.keyword.internal.WebUIKeywordMain.stepFailed(WebUIKeywordMain.groovy:64)
	at com.kms.katalon.core.webui.keyword.builtin.VerifyElementTextKeyword$_verifyElementText_closure1.doCall(VerifyElementTextKeyword.groovy:64)
	at com.kms.katalon.core.webui.keyword.builtin.VerifyElementTextKeyword$_verifyElementText_closure1.call(VerifyElementTextKeyword.groovy)
	at com.kms.katalon.core.webui.keyword.internal.WebUIKeywordMain.runKeyword(WebUIKeywordMain.groovy:20)
	... 36 more
)
[[ATTACHMENT|/home/knoldus/Katalon Studio/Learn1/Reports/20211220_105717/Microsite olay Staging/Microsite olay/20211220_105717/1639978476200.png]]

2021-12-20 11:04:36 - [MESSAGE][FAILED] - Unable to call Test Case 'Test Cases/microsite staging/Open browser/Tc2-Login' (Root cause: com.kms.katalon.core.exception.StepFailedException: Call Test Case 'Test Cases/microsite staging/Open browser/Tc2-Login' failed
	at com.kms.katalon.core.keyword.builtin.CallTestCaseKeyword$_callTestCase_closure1.doCall(CallTestCaseKeyword.groovy:63)
	at com.kms.katalon.core.keyword.builtin.CallTestCaseKeyword$_callTestCase_closure1.call(CallTestCaseKeyword.groovy)
	at com.kms.katalon.core.keyword.internal.KeywordMain.runKeyword(KeywordMain.groovy:74)
	at com.kms.katalon.core.keyword.builtin.CallTestCaseKeyword.callTestCase(CallTestCaseKeyword.groovy:81)
	at com.kms.katalon.core.keyword.builtin.CallTestCaseKeyword.execute(CallTestCaseKeyword.groovy:44)
	at com.kms.katalon.core.keyword.internal.KeywordExecutor.executeKeywordForPlatform(KeywordExecutor.groovy:74)
	at com.kms.katalon.core.keyword.BuiltinKeywords.callTestCase(BuiltinKeywords.groovy:334)
	at Tc-3(Registration).run(Tc-3(Registration):20)
	at com.kms.katalon.core.main.ScriptEngine.run(ScriptEngine.java:194)
	at com.kms.katalon.core.main.ScriptEngine.runScriptAsRawText(ScriptEngine.java:119)
	at com.kms.katalon.core.main.TestCaseExecutor.runScript(TestCaseExecutor.java:442)
	at com.kms.katalon.core.main.TestCaseExecutor.doExecute(TestCaseExecutor.java:433)
	at com.kms.katalon.core.main.TestCaseExecutor.processExecutionPhase(TestCaseExecutor.java:412)
	at com.kms.katalon.core.main.TestCaseExecutor.accessMainPhase(TestCaseExecutor.java:404)
	at com.kms.katalon.core.main.TestCaseExecutor.execute(TestCaseExecutor.java:281)
	at com.kms.katalon.core.main.TestCaseExecutor.execute(TestCaseExecutor.java:363)
	at com.kms.katalon.core.main.TestSuiteExecutor.accessTestCaseMainPhase(TestSuiteExecutor.java:202)
	at com.kms.katalon.core.main.TestSuiteExecutor.accessTestSuiteMainPhase(TestSuiteExecutor.java:164)
	at com.kms.katalon.core.main.TestSuiteExecutor.execute(TestSuiteExecutor.java:105)
	at com.kms.katalon.core.main.TestCaseMain.startTestSuite(TestCaseMain.java:181)
	at com.kms.katalon.core.main.TestCaseMain$startTestSuite$0.call(Unknown Source)
	at TempTestSuite1639978037384.run(TempTestSuite1639978037384.groovy:36)
Caused by: com.kms.katalon.core.exception.StepFailedException: Verify element text of test object 'Object Repository/assert/Page_Olay Holiday Program/div_Username' FAILED.
	at com.kms.katalon.core.webui.keyword.internal.WebUIKeywordMain.stepFailed(WebUIKeywordMain.groovy:64)
	at com.kms.katalon.core.webui.keyword.internal.WebUIKeywordMain.runKeyword(WebUIKeywordMain.groovy:26)
	at com.kms.katalon.core.webui.keyword.builtin.VerifyElementTextKeyword.verifyElementText(VerifyElementTextKeyword.groovy:72)
	at com.kms.katalon.core.webui.keyword.builtin.VerifyElementTextKeyword.execute(VerifyElementTextKeyword.groovy:40)
	at com.kms.katalon.core.keyword.internal.KeywordExecutor.executeKeywordForPlatform(KeywordExecutor.groovy:74)
	at com.kms.katalon.core.webui.keyword.WebUiBuiltInKeywords.verifyElementText(WebUiBuiltInKeywords.groovy:4749)
	at com.kms.katalon.core.webui.keyword.WebUiBuiltInKeywords$verifyElementText$3.call(Unknown Source)
	at Tc2-Login.run(Tc2-Login:21)
	at com.kms.katalon.core.main.ScriptEngine.run(ScriptEngine.java:194)
	at com.kms.katalon.core.main.ScriptEngine.runScriptAsRawText(ScriptEngine.java:119)
	at com.kms.katalon.core.main.TestCaseExecutor.runScript(TestCaseExecutor.java:442)
	at com.kms.katalon.core.main.TestCaseExecutor.doExecute(TestCaseExecutor.java:433)
	at com.kms.katalon.core.main.TestCaseExecutor.processExecutionPhase(TestCaseExecutor.java:412)
	at com.kms.katalon.core.main.TestCaseExecutor.accessMainPhase(TestCaseExecutor.java:404)
	at com.kms.katalon.core.main.TestCaseExecutor.execute(TestCaseExecutor.java:281)
	at com.kms.katalon.core.main.TestCaseMain.runTestCase(TestCaseMain.java:138)
	at com.kms.katalon.core.keyword.builtin.CallTestCaseKeyword$_callTestCase_closure1.doCall(CallTestCaseKeyword.groovy:59)
	... 21 more
Caused by: com.kms.katalon.core.exception.StepFailedException: com.kms.katalon.core.webui.exception.WebElementNotFoundException: Web element with id: 'Object Repository/assert/Page_Olay Holiday Program/div_Username' located by '//mat-dialog-container[@id='mat-dialog-0']/app-site-access/div/form/mat-form-field/div/div/div[3]' not found
	at com.kms.katalon.core.webui.keyword.internal.WebUIKeywordMain.stepFailed(WebUIKeywordMain.groovy:64)
	at com.kms.katalon.core.webui.keyword.builtin.VerifyElementTextKeyword$_verifyElementText_closure1.doCall(VerifyElementTextKeyword.groovy:64)
	at com.kms.katalon.core.webui.keyword.builtin.VerifyElementTextKeyword$_verifyElementText_closure1.call(VerifyElementTextKeyword.groovy)
	at com.kms.katalon.core.webui.keyword.internal.WebUIKeywordMain.runKeyword(WebUIKeywordMain.groovy:20)
	... 36 more
)]]></system-out>
         <system-err><![CDATA[2021-12-20 11:03:52 - [TEST_CASE][FAILED] - Test Cases/microsite staging/Registration/Tc-3(Registration): Test Cases/microsite staging/Registration/Tc-3(Registration) FAILED.
Reason:
com.kms.katalon.core.exception.StepFailedException: Call Test Case 'Test Cases/microsite staging/Open browser/Tc2-Login' failed
	at com.kms.katalon.core.keyword.builtin.CallTestCaseKeyword$_callTestCase_closure1.doCall(CallTestCaseKeyword.groovy:63)
	at com.kms.katalon.core.keyword.builtin.CallTestCaseKeyword$_callTestCase_closure1.call(CallTestCaseKeyword.groovy)
	at com.kms.katalon.core.keyword.internal.KeywordMain.runKeyword(KeywordMain.groovy:74)
	at com.kms.katalon.core.keyword.builtin.CallTestCaseKeyword.callTestCase(CallTestCaseKeyword.groovy:81)
	at com.kms.katalon.core.keyword.builtin.CallTestCaseKeyword.execute(CallTestCaseKeyword.groovy:44)
	at com.kms.katalon.core.keyword.internal.KeywordExecutor.executeKeywordForPlatform(KeywordExecutor.groovy:74)
	at com.kms.katalon.core.keyword.BuiltinKeywords.callTestCase(BuiltinKeywords.groovy:334)
	at Tc-3(Registration).run(Tc-3(Registration):20)
	at com.kms.katalon.core.main.ScriptEngine.run(ScriptEngine.java:194)
	at com.kms.katalon.core.main.ScriptEngine.runScriptAsRawText(ScriptEngine.java:119)
	at com.kms.katalon.core.main.TestCaseExecutor.runScript(TestCaseExecutor.java:442)
	at com.kms.katalon.core.main.TestCaseExecutor.doExecute(TestCaseExecutor.java:433)
	at com.kms.katalon.core.main.TestCaseExecutor.processExecutionPhase(TestCaseExecutor.java:412)
	at com.kms.katalon.core.main.TestCaseExecutor.accessMainPhase(TestCaseExecutor.java:404)
	at com.kms.katalon.core.main.TestCaseExecutor.execute(TestCaseExecutor.java:281)
	at com.kms.katalon.core.main.TestCaseExecutor.execute(TestCaseExecutor.java:363)
	at com.kms.katalon.core.main.TestSuiteExecutor.accessTestCaseMainPhase(TestSuiteExecutor.java:202)
	at com.kms.katalon.core.main.TestSuiteExecutor.accessTestSuiteMainPhase(TestSuiteExecutor.java:164)
	at com.kms.katalon.core.main.TestSuiteExecutor.execute(TestSuiteExecutor.java:105)
	at com.kms.katalon.core.main.TestCaseMain.startTestSuite(TestCaseMain.java:181)
	at com.kms.katalon.core.main.TestCaseMain$startTestSuite$0.call(Unknown Source)
	at TempTestSuite1639978037384.run(TempTestSuite1639978037384.groovy:36)
Caused by: com.kms.katalon.core.exception.StepFailedException: Verify element text of test object 'Object Repository/assert/Page_Olay Holiday Program/div_Username' FAILED.
	at com.kms.katalon.core.webui.keyword.internal.WebUIKeywordMain.stepFailed(WebUIKeywordMain.groovy:64)
	at com.kms.katalon.core.webui.keyword.internal.WebUIKeywordMain.runKeyword(WebUIKeywordMain.groovy:26)
	at com.kms.katalon.core.webui.keyword.builtin.VerifyElementTextKeyword.verifyElementText(VerifyElementTextKeyword.groovy:72)
	at com.kms.katalon.core.webui.keyword.builtin.VerifyElementTextKeyword.execute(VerifyElementTextKeyword.groovy:40)
	at com.kms.katalon.core.keyword.internal.KeywordExecutor.executeKeywordForPlatform(KeywordExecutor.groovy:74)
	at com.kms.katalon.core.webui.keyword.WebUiBuiltInKeywords.verifyElementText(WebUiBuiltInKeywords.groovy:4749)
	at com.kms.katalon.core.webui.keyword.WebUiBuiltInKeywords$verifyElementText$3.call(Unknown Source)
	at Tc2-Login.run(Tc2-Login:21)
	at com.kms.katalon.core.main.ScriptEngine.run(ScriptEngine.java:194)
	at com.kms.katalon.core.main.ScriptEngine.runScriptAsRawText(ScriptEngine.java:119)
	at com.kms.katalon.core.main.TestCaseExecutor.runScript(TestCaseExecutor.java:442)
	at com.kms.katalon.core.main.TestCaseExecutor.doExecute(TestCaseExecutor.java:433)
	at com.kms.katalon.core.main.TestCaseExecutor.processExecutionPhase(TestCaseExecutor.java:412)
	at com.kms.katalon.core.main.TestCaseExecutor.accessMainPhase(TestCaseExecutor.java:404)
	at com.kms.katalon.core.main.TestCaseExecutor.execute(TestCaseExecutor.java:281)
	at com.kms.katalon.core.main.TestCaseMain.runTestCase(TestCaseMain.java:138)
	at com.kms.katalon.core.keyword.builtin.CallTestCaseKeyword$_callTestCase_closure1.doCall(CallTestCaseKeyword.groovy:59)
	... 21 more
Caused by: com.kms.katalon.core.exception.StepFailedException: com.kms.katalon.core.webui.exception.WebElementNotFoundException: Web element with id: 'Object Repository/assert/Page_Olay Holiday Program/div_Username' located by '//mat-dialog-container[@id='mat-dialog-0']/app-site-access/div/form/mat-form-field/div/div/div[3]' not found
	at com.kms.katalon.core.webui.keyword.internal.WebUIKeywordMain.stepFailed(WebUIKeywordMain.groovy:64)
	at com.kms.katalon.core.webui.keyword.builtin.VerifyElementTextKeyword$_verifyElementText_closure1.doCall(VerifyElementTextKeyword.groovy:64)
	at com.kms.katalon.core.webui.keyword.builtin.VerifyElementTextKeyword$_verifyElementText_closure1.call(VerifyElementTextKeyword.groovy)
	at com.kms.katalon.core.webui.keyword.internal.WebUIKeywordMain.runKeyword(WebUIKeywordMain.groovy:20)
	... 36 more]]></system-err>
      </testcase>
      <testcase name="Test Cases/microsite staging/Reset password/Tc-2(Reset password)" time="16.202" classname="Test Cases/microsite staging/Reset password/Tc-2(Reset password)" status="PASSED">
         <system-out><![CDATA[2021-12-20 11:04:36 - [TEST_CASE][PASSED] - Test Cases/microsite staging/Reset password/Tc-2(Reset password): Test Cases/microsite staging/Reset password/Tc-2(Reset password)

2021-12-20 11:04:36 - [TEST_STEP][PASSED] - callTestCase(findTestCase("microsite staging/Open browser/Tc2-Login"), [:], STOP_ON_FAILURE): Call Test Case 'Test Cases/microsite staging/Open browser/Tc2-Login' successfully

2021-12-20 11:04:36 - [TEST_CASE][PASSED] - Test Cases/microsite staging/Open browser/Tc2-Login: Test Cases/microsite staging/Open browser/Tc2-Login

2021-12-20 11:04:36 - [TEST_STEP][PASSED] - callTestCase(findTestCase("microsite staging/Open browser/Tc-1(Open Browser)"), [:], STOP_ON_FAILURE): Call Test Case 'Test Cases/microsite staging/Open browser/Tc-1(Open Browser)' successfully

2021-12-20 11:04:36 - [TEST_CASE][PASSED] - Test Cases/microsite staging/Open browser/Tc-1(Open Browser): Test Cases/microsite staging/Open browser/Tc-1(Open Browser)

2021-12-20 11:04:36 - [TEST_STEP][PASSED] - openBrowser(""): Browser is opened with url: ''

2021-12-20 11:04:36 - [MESSAGE][WARNING] - A browser is already opened. Closing browser and opening a new one

2021-12-20 11:04:36 - [MESSAGE][INFO] - Starting 'Chrome' driver

2021-12-20 11:04:36 - [MESSAGE][INFO] - Action delay is set to 0 milliseconds

2021-12-20 11:04:36 - [MESSAGE][PASSED] - Browser is opened with url: ''

2021-12-20 11:04:36 - [TEST_STEP][PASSED] - navigateToUrl(urlstaging): Navigate to 'https://holidayolay.3tlstaging.com/login' successfully

2021-12-20 11:04:48 - [MESSAGE][PASSED] - Navigate to 'https://holidayolay.3tlstaging.com/login' successfully

2021-12-20 11:04:48 - [TEST_STEP][PASSED] - CurrentUrL = getUrl(): Current window's url is: 'https://holidayolay.3tlstaging.com/login'

2021-12-20 11:04:48 - [MESSAGE][PASSED] - Current window's url is: 'https://holidayolay.3tlstaging.com/login'

2021-12-20 11:04:48 - [TEST_STEP][PASSED] - verifyMatch(CurrentUrL, urlstaging, true): Actual text 'https://holidayolay.3tlstaging.com/login' and expected text 'https://holidayolay.3tlstaging.com/login' are matched  using regular expression

2021-12-20 11:04:48 - [MESSAGE][PASSED] - Actual text 'https://holidayolay.3tlstaging.com/login' and expected text 'https://holidayolay.3tlstaging.com/login' are matched  using regular expression

2021-12-20 11:04:48 - [TEST_STEP][PASSED] - maximizeWindow(): Current window maximized

2021-12-20 11:04:48 - [MESSAGE][PASSED] - Current window maximized

2021-12-20 11:04:48 - [MESSAGE][PASSED] - Call Test Case 'Test Cases/microsite staging/Open browser/Tc-1(Open Browser)' successfully

2021-12-20 11:04:48 - [TEST_STEP][PASSED] - verifyElementText(findTestObject("Object Repository/assert/Page_Olay Holiday Program/div_Username"), "Username"): Actual text and expected text of test object 'Object Repository/assert/Page_Olay Holiday Program/div_Username' are matched.

2021-12-20 11:04:49 - [MESSAGE][PASSED] - Actual text and expected text of test object 'Object Repository/assert/Page_Olay Holiday Program/div_Username' are matched.

2021-12-20 11:04:49 - [TEST_STEP][PASSED] - verifyElementText(findTestObject("Object Repository/assert/Page_Olay Holiday Program/div_Password"), "Password"): Actual text and expected text of test object 'Object Repository/assert/Page_Olay Holiday Program/div_Password' are matched.

2021-12-20 11:04:49 - [MESSAGE][PASSED] - Actual text and expected text of test object 'Object Repository/assert/Page_Olay Holiday Program/div_Password' are matched.

2021-12-20 11:04:49 - [TEST_STEP][PASSED] - sendKeys(findTestObject("Object Repository/micro staging/Page_Olay Holiday Program/input_Please Enter you Credentials_mat-input-0"), LoginUsername): Keys 'pg_olayholiday' sent to object: 'Object Repository/micro staging/Page_Olay Holiday Program/input_Please Enter you Credentials_mat-input-0'

2021-12-20 11:04:49 - [MESSAGE][PASSED] - Keys 'pg_olayholiday' sent to object: 'Object Repository/micro staging/Page_Olay Holiday Program/input_Please Enter you Credentials_mat-input-0'

2021-12-20 11:04:49 - [TEST_STEP][NOT_RUN] - click(findTestObject("Object Repository/micro staging/Page_Olay Holiday Program/div_Password")): NOT_RUN: click(findTestObject("Object Repository/micro staging/Page_Olay Holiday Program/div_Password"))

2021-12-20 11:04:49 - [MESSAGE][NOT_RUN] - NOT_RUN: click(findTestObject("Object Repository/micro staging/Page_Olay Holiday Program/div_Password"))

2021-12-20 11:04:49 - [TEST_STEP][PASSED] - sendKeys(findTestObject("Object Repository/micro staging/Page_Olay Holiday Program/input_Username_mat-input-1"), Loginpswd): Keys '1q2w3e4r!@#' sent to object: 'Object Repository/micro staging/Page_Olay Holiday Program/input_Username_mat-input-1'

2021-12-20 11:04:49 - [MESSAGE][PASSED] - Keys '1q2w3e4r!@#' sent to object: 'Object Repository/micro staging/Page_Olay Holiday Program/input_Username_mat-input-1'

2021-12-20 11:04:49 - [TEST_STEP][PASSED] - click(findTestObject("Object Repository/micro staging/Page_Olay Holiday Program/button_Submit")): Object: 'Object Repository/micro staging/Page_Olay Holiday Program/button_Submit' is clicked on

2021-12-20 11:04:50 - [MESSAGE][PASSED] - Object: 'Object Repository/micro staging/Page_Olay Holiday Program/button_Submit' is clicked on

2021-12-20 11:04:50 - [MESSAGE][PASSED] - Call Test Case 'Test Cases/microsite staging/Open browser/Tc2-Login' successfully

2021-12-20 11:04:50 - [TEST_STEP][PASSED] - click(findTestObject("Object Repository/micro staging/Page_Olay Holiday Program/a_Already registered but forgot your passwo_7296b8")): Object: 'Object Repository/micro staging/Page_Olay Holiday Program/a_Already registered but forgot your passwo_7296b8' is clicked on

2021-12-20 11:04:50 - [MESSAGE][PASSED] - Object: 'Object Repository/micro staging/Page_Olay Holiday Program/a_Already registered but forgot your passwo_7296b8' is clicked on

2021-12-20 11:04:50 - [TEST_STEP][PASSED] - click(findTestObject("Object Repository/micro staging/Page_Olay Holiday Program/button_SUBMIT (13)")): Object: 'Object Repository/micro staging/Page_Olay Holiday Program/button_SUBMIT (13)' is clicked on

2021-12-20 11:04:51 - [MESSAGE][PASSED] - Object: 'Object Repository/micro staging/Page_Olay Holiday Program/button_SUBMIT (13)' is clicked on

2021-12-20 11:04:51 - [TEST_STEP][PASSED] - click(findTestObject("Object Repository/micro staging/Page_Olay Holiday Program/div_Your Email Please enter your email")): Object: 'Object Repository/micro staging/Page_Olay Holiday Program/div_Your Email Please enter your email' is clicked on

2021-12-20 11:04:52 - [MESSAGE][PASSED] - Object: 'Object Repository/micro staging/Page_Olay Holiday Program/div_Your Email Please enter your email' is clicked on

2021-12-20 11:04:52 - [TEST_STEP][PASSED] - verifyElementText(findTestObject("Object Repository/micro staging/Page_Olay Holiday Program/mat-error_Please enter your email"), "Please enter your email"): Actual text and expected text of test object 'Object Repository/micro staging/Page_Olay Holiday Program/mat-error_Please enter your email' are matched.

2021-12-20 11:04:52 - [MESSAGE][PASSED] - Actual text and expected text of test object 'Object Repository/micro staging/Page_Olay Holiday Program/mat-error_Please enter your email' are matched.]]></system-out>
         <system-err><![CDATA[]]></system-err>
      </testcase>
      <testcase name="Test Cases/microsite staging/Reset password/Tc-1(Reset password)" time="21.61" classname="Test Cases/microsite staging/Reset password/Tc-1(Reset password)" status="PASSED">
         <system-out><![CDATA[2021-12-20 11:04:52 - [TEST_CASE][PASSED] - Test Cases/microsite staging/Reset password/Tc-1(Reset password): Test Cases/microsite staging/Reset password/Tc-1(Reset password)

2021-12-20 11:04:52 - [TEST_STEP][PASSED] - callTestCase(findTestCase("microsite staging/Open browser/Tc2-Login"), [:], STOP_ON_FAILURE): Call Test Case 'Test Cases/microsite staging/Open browser/Tc2-Login' successfully

2021-12-20 11:04:52 - [TEST_CASE][PASSED] - Test Cases/microsite staging/Open browser/Tc2-Login: Test Cases/microsite staging/Open browser/Tc2-Login

2021-12-20 11:04:52 - [TEST_STEP][PASSED] - callTestCase(findTestCase("microsite staging/Open browser/Tc-1(Open Browser)"), [:], STOP_ON_FAILURE): Call Test Case 'Test Cases/microsite staging/Open browser/Tc-1(Open Browser)' successfully

2021-12-20 11:04:52 - [TEST_CASE][PASSED] - Test Cases/microsite staging/Open browser/Tc-1(Open Browser): Test Cases/microsite staging/Open browser/Tc-1(Open Browser)

2021-12-20 11:04:52 - [TEST_STEP][PASSED] - openBrowser(""): Browser is opened with url: ''

2021-12-20 11:04:52 - [MESSAGE][WARNING] - A browser is already opened. Closing browser and opening a new one

2021-12-20 11:04:52 - [MESSAGE][INFO] - Starting 'Chrome' driver

2021-12-20 11:04:52 - [MESSAGE][INFO] - Action delay is set to 0 milliseconds

2021-12-20 11:04:53 - [MESSAGE][PASSED] - Browser is opened with url: ''

2021-12-20 11:04:53 - [TEST_STEP][PASSED] - navigateToUrl(urlstaging): Navigate to 'https://holidayolay.3tlstaging.com/login' successfully

2021-12-20 11:05:05 - [MESSAGE][PASSED] - Navigate to 'https://holidayolay.3tlstaging.com/login' successfully

2021-12-20 11:05:05 - [TEST_STEP][PASSED] - CurrentUrL = getUrl(): Current window's url is: 'https://holidayolay.3tlstaging.com/login'

2021-12-20 11:05:05 - [MESSAGE][PASSED] - Current window's url is: 'https://holidayolay.3tlstaging.com/login'

2021-12-20 11:05:05 - [TEST_STEP][PASSED] - verifyMatch(CurrentUrL, urlstaging, true): Actual text 'https://holidayolay.3tlstaging.com/login' and expected text 'https://holidayolay.3tlstaging.com/login' are matched  using regular expression

2021-12-20 11:05:05 - [MESSAGE][PASSED] - Actual text 'https://holidayolay.3tlstaging.com/login' and expected text 'https://holidayolay.3tlstaging.com/login' are matched  using regular expression

2021-12-20 11:05:05 - [TEST_STEP][PASSED] - maximizeWindow(): Current window maximized

2021-12-20 11:05:05 - [MESSAGE][PASSED] - Current window maximized

2021-12-20 11:05:05 - [MESSAGE][PASSED] - Call Test Case 'Test Cases/microsite staging/Open browser/Tc-1(Open Browser)' successfully

2021-12-20 11:05:05 - [TEST_STEP][PASSED] - verifyElementText(findTestObject("Object Repository/assert/Page_Olay Holiday Program/div_Username"), "Username"): Actual text and expected text of test object 'Object Repository/assert/Page_Olay Holiday Program/div_Username' are matched.

2021-12-20 11:05:05 - [MESSAGE][PASSED] - Actual text and expected text of test object 'Object Repository/assert/Page_Olay Holiday Program/div_Username' are matched.

2021-12-20 11:05:05 - [TEST_STEP][PASSED] - verifyElementText(findTestObject("Object Repository/assert/Page_Olay Holiday Program/div_Password"), "Password"): Actual text and expected text of test object 'Object Repository/assert/Page_Olay Holiday Program/div_Password' are matched.

2021-12-20 11:05:05 - [MESSAGE][PASSED] - Actual text and expected text of test object 'Object Repository/assert/Page_Olay Holiday Program/div_Password' are matched.

2021-12-20 11:05:05 - [TEST_STEP][PASSED] - sendKeys(findTestObject("Object Repository/micro staging/Page_Olay Holiday Program/input_Please Enter you Credentials_mat-input-0"), LoginUsername): Keys 'pg_olayholiday' sent to object: 'Object Repository/micro staging/Page_Olay Holiday Program/input_Please Enter you Credentials_mat-input-0'

2021-12-20 11:05:06 - [MESSAGE][PASSED] - Keys 'pg_olayholiday' sent to object: 'Object Repository/micro staging/Page_Olay Holiday Program/input_Please Enter you Credentials_mat-input-0'

2021-12-20 11:05:06 - [TEST_STEP][NOT_RUN] - click(findTestObject("Object Repository/micro staging/Page_Olay Holiday Program/div_Password")): NOT_RUN: click(findTestObject("Object Repository/micro staging/Page_Olay Holiday Program/div_Password"))

2021-12-20 11:05:06 - [MESSAGE][NOT_RUN] - NOT_RUN: click(findTestObject("Object Repository/micro staging/Page_Olay Holiday Program/div_Password"))

2021-12-20 11:05:06 - [TEST_STEP][PASSED] - sendKeys(findTestObject("Object Repository/micro staging/Page_Olay Holiday Program/input_Username_mat-input-1"), Loginpswd): Keys '1q2w3e4r!@#' sent to object: 'Object Repository/micro staging/Page_Olay Holiday Program/input_Username_mat-input-1'

2021-12-20 11:05:06 - [MESSAGE][PASSED] - Keys '1q2w3e4r!@#' sent to object: 'Object Repository/micro staging/Page_Olay Holiday Program/input_Username_mat-input-1'

2021-12-20 11:05:06 - [TEST_STEP][PASSED] - click(findTestObject("Object Repository/micro staging/Page_Olay Holiday Program/button_Submit")): Object: 'Object Repository/micro staging/Page_Olay Holiday Program/button_Submit' is clicked on

2021-12-20 11:05:06 - [MESSAGE][PASSED] - Object: 'Object Repository/micro staging/Page_Olay Holiday Program/button_Submit' is clicked on

2021-12-20 11:05:06 - [MESSAGE][PASSED] - Call Test Case 'Test Cases/microsite staging/Open browser/Tc2-Login' successfully

2021-12-20 11:05:06 - [TEST_STEP][PASSED] - click(findTestObject("Object Repository/micro staging/Page_Olay Holiday Program/a_Already registered but forgot your passwo_7296b8")): Object: 'Object Repository/micro staging/Page_Olay Holiday Program/a_Already registered but forgot your passwo_7296b8' is clicked on

2021-12-20 11:05:07 - [MESSAGE][PASSED] - Object: 'Object Repository/micro staging/Page_Olay Holiday Program/a_Already registered but forgot your passwo_7296b8' is clicked on

2021-12-20 11:05:07 - [TEST_STEP][PASSED] - click(findTestObject("Object Repository/micro staging/Page_Olay Holiday Program/input_Forgot Password_mat-input-4")): Object: 'Object Repository/micro staging/Page_Olay Holiday Program/input_Forgot Password_mat-input-4' is clicked on

2021-12-20 11:05:08 - [MESSAGE][PASSED] - Object: 'Object Repository/micro staging/Page_Olay Holiday Program/input_Forgot Password_mat-input-4' is clicked on

2021-12-20 11:05:08 - [TEST_STEP][PASSED] - setText(findTestObject("Object Repository/micro staging/Page_Olay Holiday Program/input_Forgot Password_mat-input-4"), "akki2323@yopmail.com"): Text 'akki2323@yopmail.com' is set on object 'Object Repository/micro staging/Page_Olay Holiday Program/input_Forgot Password_mat-input-4'

2021-12-20 11:05:12 - [MESSAGE][PASSED] - Text 'akki2323@yopmail.com' is set on object 'Object Repository/micro staging/Page_Olay Holiday Program/input_Forgot Password_mat-input-4'

2021-12-20 11:05:12 - [TEST_STEP][PASSED] - click(findTestObject("Object Repository/micro staging/Page_Olay Holiday Program/button_SUBMIT (8)")): Object: 'Object Repository/micro staging/Page_Olay Holiday Program/button_SUBMIT (8)' is clicked on

2021-12-20 11:05:14 - [MESSAGE][PASSED] - Object: 'Object Repository/micro staging/Page_Olay Holiday Program/button_SUBMIT (8)' is clicked on]]></system-out>
         <system-err><![CDATA[]]></system-err>
      </testcase>
      <testcase name="Test Cases/microsite staging/Upload Receipt/Tc-1(Upload receipt)" time="44.427" classname="Test Cases/microsite staging/Upload Receipt/Tc-1(Upload receipt)" status="PASSED">
         <system-out><![CDATA[2021-12-20 11:05:14 - [TEST_CASE][PASSED] - Test Cases/microsite staging/Upload Receipt/Tc-1(Upload receipt): Test Cases/microsite staging/Upload Receipt/Tc-1(Upload receipt)

2021-12-20 11:05:14 - [TEST_STEP][PASSED] - openBrowser(""): Browser is opened with url: ''

2021-12-20 11:05:14 - [MESSAGE][WARNING] - A browser is already opened. Closing browser and opening a new one

2021-12-20 11:05:14 - [MESSAGE][INFO] - Starting 'Chrome' driver

2021-12-20 11:05:14 - [MESSAGE][INFO] - Action delay is set to 0 milliseconds

2021-12-20 11:05:14 - [MESSAGE][PASSED] - Browser is opened with url: ''

2021-12-20 11:05:14 - [TEST_STEP][PASSED] - navigateToUrl("https://holidayolay.3tlstaging.com/login"): Navigate to 'https://holidayolay.3tlstaging.com/login' successfully

2021-12-20 11:05:22 - [MESSAGE][PASSED] - Navigate to 'https://holidayolay.3tlstaging.com/login' successfully

2021-12-20 11:05:22 - [TEST_STEP][PASSED] - maximizeWindow(): Current window maximized

2021-12-20 11:05:22 - [MESSAGE][PASSED] - Current window maximized

2021-12-20 11:05:22 - [TEST_STEP][PASSED] - setText(findTestObject("Object Repository/micro staging/Page_Olay Holiday Program/input_Please Enter you Credentials_mat-input-0"), "pg_olayholiday"): Text 'pg_olayholiday' is set on object 'Object Repository/micro staging/Page_Olay Holiday Program/input_Please Enter you Credentials_mat-input-0'

2021-12-20 11:05:22 - [MESSAGE][PASSED] - Text 'pg_olayholiday' is set on object 'Object Repository/micro staging/Page_Olay Holiday Program/input_Please Enter you Credentials_mat-input-0'

2021-12-20 11:05:22 - [TEST_STEP][PASSED] - setText(findTestObject("Object Repository/micro staging/Page_Olay Holiday Program/input_Username_mat-input-1"), "1q2w3e4r!@#"): Text '1q2w3e4r!@#' is set on object 'Object Repository/micro staging/Page_Olay Holiday Program/input_Username_mat-input-1'

2021-12-20 11:05:23 - [MESSAGE][PASSED] - Text '1q2w3e4r!@#' is set on object 'Object Repository/micro staging/Page_Olay Holiday Program/input_Username_mat-input-1'

2021-12-20 11:05:23 - [TEST_STEP][PASSED] - click(findTestObject("Object Repository/micro staging/Page_Olay Holiday Program/span_Submit")): Object: 'Object Repository/micro staging/Page_Olay Holiday Program/span_Submit' is clicked on

2021-12-20 11:05:23 - [MESSAGE][PASSED] - Object: 'Object Repository/micro staging/Page_Olay Holiday Program/span_Submit' is clicked on

2021-12-20 11:05:23 - [TEST_STEP][PASSED] - click(findTestObject("Object Repository/micro staging/Page_Olay Holiday Program/div_Email")): Object: 'Object Repository/micro staging/Page_Olay Holiday Program/div_Email' is clicked on

2021-12-20 11:05:54 - [MESSAGE][INFO] - Unable to find the element located by 'By.xpath: (.//*[normalize-space(text()) and normalize-space(.)='*'])[2]/following::div[15]'. Please recheck the objects properties to make sure the desired element is located. 

2021-12-20 11:05:54 - [MESSAGE][WARNING] - [SELF-HEALING] Failed to find element with id 'Object Repository/micro staging/Page_Olay Holiday Program/div_Email'. Try using Self-healing.

2021-12-20 11:05:55 - [MESSAGE][WARNING] - [SELF-HEALING] The current locator of test object 'Object Repository/micro staging/Page_Olay Holiday Program/div_Email' was broken. Propose an alternative one: '(.//*[normalize-space(text()) and normalize-space(.)='WELCOME'])[1]/following::div[12]'.

2021-12-20 11:05:55 - [MESSAGE][PASSED] - Object: 'Object Repository/micro staging/Page_Olay Holiday Program/div_Email' is clicked on

2021-12-20 11:05:55 - [TEST_STEP][PASSED] - setText(findTestObject("Object Repository/micro staging/Page_Olay Holiday Program/input_WELCOME_mat-input-2"), Emailid): Text 'akki2323@yopmail.com' is set on object 'Object Repository/micro staging/Page_Olay Holiday Program/input_WELCOME_mat-input-2'

2021-12-20 11:05:55 - [MESSAGE][PASSED] - Text 'akki2323@yopmail.com' is set on object 'Object Repository/micro staging/Page_Olay Holiday Program/input_WELCOME_mat-input-2'

2021-12-20 11:05:55 - [TEST_STEP][PASSED] - setText(findTestObject("Object Repository/micro staging/Page_Olay Holiday Program/input__mat-input-3"), Pswd): Text '3TL@testing' is set on object 'Object Repository/micro staging/Page_Olay Holiday Program/input__mat-input-3'

2021-12-20 11:05:56 - [MESSAGE][PASSED] - Text '3TL@testing' is set on object 'Object Repository/micro staging/Page_Olay Holiday Program/input__mat-input-3'

2021-12-20 11:05:56 - [TEST_STEP][PASSED] - click(findTestObject("Object Repository/micro staging/Page_Olay Holiday Program/button_SUBMIT (2)")): Object: 'Object Repository/micro staging/Page_Olay Holiday Program/button_SUBMIT (2)' is clicked on

2021-12-20 11:05:56 - [MESSAGE][PASSED] - Object: 'Object Repository/micro staging/Page_Olay Holiday Program/button_SUBMIT (2)' is clicked on

2021-12-20 11:05:56 - [TEST_STEP][PASSED] - click(findTestObject("Object Repository/micro staging/Page_Olay Holiday Program/ngx-dropzone-label_Click here to upload rec_7b6b3a")): Object: 'Object Repository/micro staging/Page_Olay Holiday Program/ngx-dropzone-label_Click here to upload rec_7b6b3a' is clicked on

2021-12-20 11:05:57 - [MESSAGE][PASSED] - Object: 'Object Repository/micro staging/Page_Olay Holiday Program/ngx-dropzone-label_Click here to upload rec_7b6b3a' is clicked on

2021-12-20 11:05:57 - [TEST_STEP][PASSED] - click(findTestObject("Object Repository/micro staging/Page_Olay Holiday Program/button_SUBMIT_1")): Object: 'Object Repository/micro staging/Page_Olay Holiday Program/button_SUBMIT_1' is clicked on

2021-12-20 11:05:58 - [MESSAGE][PASSED] - Object: 'Object Repository/micro staging/Page_Olay Holiday Program/button_SUBMIT_1' is clicked on

2021-12-20 11:05:58 - [TEST_STEP][PASSED] - takeScreenshot(): Taking screenshot successfully

2021-12-20 11:05:58 - [MESSAGE][PASSED] - Taking screenshot successfully
[[ATTACHMENT|/home/knoldus/Katalon Studio/Learn1/Reports/20211220_105717/Microsite olay Staging/Microsite olay/20211220_105717/1639978558360.png]]

2021-12-20 11:05:58 - [TEST_STEP][PASSED] - closeBrowser(): Browser is closed

2021-12-20 11:05:58 - [MESSAGE][PASSED] - Browser is closed]]></system-out>
         <system-err><![CDATA[]]></system-err>
      </testcase>
      <testcase name="Test Cases/microsite staging/Support/Tc-1(Support)" time="18.196" classname="Test Cases/microsite staging/Support/Tc-1(Support)" status="PASSED">
         <system-out><![CDATA[2021-12-20 11:05:58 - [TEST_CASE][PASSED] - Test Cases/microsite staging/Support/Tc-1(Support): Test Cases/microsite staging/Support/Tc-1(Support)

2021-12-20 11:05:58 - [TEST_STEP][PASSED] - callTestCase(findTestCase("microsite staging/Login/Tc-1(Login)"), [:], STOP_ON_FAILURE): Call Test Case 'Test Cases/microsite staging/Login/Tc-1(Login)' successfully

2021-12-20 11:05:58 - [TEST_CASE][PASSED] - Test Cases/microsite staging/Login/Tc-1(Login): Test Cases/microsite staging/Login/Tc-1(Login)

2021-12-20 11:05:58 - [TEST_STEP][PASSED] - callTestCase(findTestCase("microsite staging/Open browser/Tc2-Login"), [:], STOP_ON_FAILURE): Call Test Case 'Test Cases/microsite staging/Open browser/Tc2-Login' successfully

2021-12-20 11:05:58 - [TEST_CASE][PASSED] - Test Cases/microsite staging/Open browser/Tc2-Login: Test Cases/microsite staging/Open browser/Tc2-Login

2021-12-20 11:05:58 - [TEST_STEP][PASSED] - callTestCase(findTestCase("microsite staging/Open browser/Tc-1(Open Browser)"), [:], STOP_ON_FAILURE): Call Test Case 'Test Cases/microsite staging/Open browser/Tc-1(Open Browser)' successfully

2021-12-20 11:05:58 - [TEST_CASE][PASSED] - Test Cases/microsite staging/Open browser/Tc-1(Open Browser): Test Cases/microsite staging/Open browser/Tc-1(Open Browser)

2021-12-20 11:05:58 - [TEST_STEP][PASSED] - openBrowser(""): Browser is opened with url: ''

2021-12-20 11:05:58 - [MESSAGE][INFO] - Starting 'Chrome' driver

2021-12-20 11:05:58 - [MESSAGE][INFO] - Action delay is set to 0 milliseconds

2021-12-20 11:05:59 - [MESSAGE][PASSED] - Browser is opened with url: ''

2021-12-20 11:05:59 - [TEST_STEP][PASSED] - navigateToUrl(urlstaging): Navigate to 'https://holidayolay.3tlstaging.com/login' successfully

2021-12-20 11:06:08 - [MESSAGE][PASSED] - Navigate to 'https://holidayolay.3tlstaging.com/login' successfully

2021-12-20 11:06:08 - [TEST_STEP][PASSED] - CurrentUrL = getUrl(): Current window's url is: 'https://holidayolay.3tlstaging.com/login'

2021-12-20 11:06:08 - [MESSAGE][PASSED] - Current window's url is: 'https://holidayolay.3tlstaging.com/login'

2021-12-20 11:06:08 - [TEST_STEP][PASSED] - verifyMatch(CurrentUrL, urlstaging, true): Actual text 'https://holidayolay.3tlstaging.com/login' and expected text 'https://holidayolay.3tlstaging.com/login' are matched  using regular expression

2021-12-20 11:06:08 - [MESSAGE][PASSED] - Actual text 'https://holidayolay.3tlstaging.com/login' and expected text 'https://holidayolay.3tlstaging.com/login' are matched  using regular expression

2021-12-20 11:06:08 - [TEST_STEP][PASSED] - maximizeWindow(): Current window maximized

2021-12-20 11:06:08 - [MESSAGE][PASSED] - Current window maximized

2021-12-20 11:06:08 - [MESSAGE][PASSED] - Call Test Case 'Test Cases/microsite staging/Open browser/Tc-1(Open Browser)' successfully

2021-12-20 11:06:08 - [TEST_STEP][PASSED] - verifyElementText(findTestObject("Object Repository/assert/Page_Olay Holiday Program/div_Username"), "Username"): Actual text and expected text of test object 'Object Repository/assert/Page_Olay Holiday Program/div_Username' are matched.

2021-12-20 11:06:08 - [MESSAGE][PASSED] - Actual text and expected text of test object 'Object Repository/assert/Page_Olay Holiday Program/div_Username' are matched.

2021-12-20 11:06:08 - [TEST_STEP][PASSED] - verifyElementText(findTestObject("Object Repository/assert/Page_Olay Holiday Program/div_Password"), "Password"): Actual text and expected text of test object 'Object Repository/assert/Page_Olay Holiday Program/div_Password' are matched.

2021-12-20 11:06:08 - [MESSAGE][PASSED] - Actual text and expected text of test object 'Object Repository/assert/Page_Olay Holiday Program/div_Password' are matched.

2021-12-20 11:06:08 - [TEST_STEP][PASSED] - sendKeys(findTestObject("Object Repository/micro staging/Page_Olay Holiday Program/input_Please Enter you Credentials_mat-input-0"), LoginUsername): Keys 'pg_olayholiday' sent to object: 'Object Repository/micro staging/Page_Olay Holiday Program/input_Please Enter you Credentials_mat-input-0'

2021-12-20 11:06:09 - [MESSAGE][PASSED] - Keys 'pg_olayholiday' sent to object: 'Object Repository/micro staging/Page_Olay Holiday Program/input_Please Enter you Credentials_mat-input-0'

2021-12-20 11:06:09 - [TEST_STEP][NOT_RUN] - click(findTestObject("Object Repository/micro staging/Page_Olay Holiday Program/div_Password")): NOT_RUN: click(findTestObject("Object Repository/micro staging/Page_Olay Holiday Program/div_Password"))

2021-12-20 11:06:09 - [MESSAGE][NOT_RUN] - NOT_RUN: click(findTestObject("Object Repository/micro staging/Page_Olay Holiday Program/div_Password"))

2021-12-20 11:06:09 - [TEST_STEP][PASSED] - sendKeys(findTestObject("Object Repository/micro staging/Page_Olay Holiday Program/input_Username_mat-input-1"), Loginpswd): Keys '1q2w3e4r!@#' sent to object: 'Object Repository/micro staging/Page_Olay Holiday Program/input_Username_mat-input-1'

2021-12-20 11:06:09 - [MESSAGE][PASSED] - Keys '1q2w3e4r!@#' sent to object: 'Object Repository/micro staging/Page_Olay Holiday Program/input_Username_mat-input-1'

2021-12-20 11:06:09 - [TEST_STEP][PASSED] - click(findTestObject("Object Repository/micro staging/Page_Olay Holiday Program/button_Submit")): Object: 'Object Repository/micro staging/Page_Olay Holiday Program/button_Submit' is clicked on

2021-12-20 11:06:09 - [MESSAGE][PASSED] - Object: 'Object Repository/micro staging/Page_Olay Holiday Program/button_Submit' is clicked on

2021-12-20 11:06:09 - [MESSAGE][PASSED] - Call Test Case 'Test Cases/microsite staging/Open browser/Tc2-Login' successfully

2021-12-20 11:06:09 - [TEST_STEP][PASSED] - sendKeys(findTestObject("Object Repository/micro staging/Page_Olay Holiday Program/input_WELCOME_mat-input-2"), Emailid): Keys 'akki2323@yopmail.com' sent to object: 'Object Repository/micro staging/Page_Olay Holiday Program/input_WELCOME_mat-input-2'

2021-12-20 11:06:10 - [MESSAGE][PASSED] - Keys 'akki2323@yopmail.com' sent to object: 'Object Repository/micro staging/Page_Olay Holiday Program/input_WELCOME_mat-input-2'

2021-12-20 11:06:10 - [TEST_STEP][PASSED] - sendKeys(findTestObject("Object Repository/micro staging/Page_Olay Holiday Program/input__mat-input-3"), Pswd): Keys '3TL@testing' sent to object: 'Object Repository/micro staging/Page_Olay Holiday Program/input__mat-input-3'

2021-12-20 11:06:10 - [MESSAGE][PASSED] - Keys '3TL@testing' sent to object: 'Object Repository/micro staging/Page_Olay Holiday Program/input__mat-input-3'

2021-12-20 11:06:10 - [TEST_STEP][PASSED] - click(findTestObject("Object Repository/micro staging/Page_Olay Holiday Program/button_SUBMIT (7)")): Object: 'Object Repository/micro staging/Page_Olay Holiday Program/button_SUBMIT (7)' is clicked on

2021-12-20 11:06:10 - [MESSAGE][PASSED] - Object: 'Object Repository/micro staging/Page_Olay Holiday Program/button_SUBMIT (7)' is clicked on

2021-12-20 11:06:10 - [TEST_STEP][PASSED] - takeScreenshot(): Taking screenshot successfully

2021-12-20 11:06:12 - [MESSAGE][PASSED] - Taking screenshot successfully
[[ATTACHMENT|/home/knoldus/Katalon Studio/Learn1/Reports/20211220_105717/Microsite olay Staging/Microsite olay/20211220_105717/1639978572038.png]]

2021-12-20 11:06:12 - [MESSAGE][PASSED] - Call Test Case 'Test Cases/microsite staging/Login/Tc-1(Login)' successfully

2021-12-20 11:06:12 - [TEST_STEP][NOT_RUN] - click(findTestObject("Object Repository/micro staging/Page_Olay Holiday Program/ngx-dropzone_Click here to upload receipt.P_a88ee9")): NOT_RUN: click(findTestObject("Object Repository/micro staging/Page_Olay Holiday Program/ngx-dropzone_Click here to upload receipt.P_a88ee9"))

2021-12-20 11:06:12 - [MESSAGE][NOT_RUN] - NOT_RUN: click(findTestObject("Object Repository/micro staging/Page_Olay Holiday Program/ngx-dropzone_Click here to upload receipt.P_a88ee9"))

2021-12-20 11:06:12 - [TEST_STEP][PASSED] - click(findTestObject("Object Repository/micro staging/Page_Olay Holiday Program/button_SUPPORT")): Object: 'Object Repository/micro staging/Page_Olay Holiday Program/button_SUPPORT' is clicked on

2021-12-20 11:06:12 - [MESSAGE][PASSED] - Object: 'Object Repository/micro staging/Page_Olay Holiday Program/button_SUPPORT' is clicked on

2021-12-20 11:06:12 - [TEST_STEP][PASSED] - setText(findTestObject("Object Repository/micro staging/Page_Olay Holiday Program/input_Support_mat-input-4"), "Testing"): Text 'Testing' is set on object 'Object Repository/micro staging/Page_Olay Holiday Program/input_Support_mat-input-4'

2021-12-20 11:06:13 - [MESSAGE][PASSED] - Text 'Testing' is set on object 'Object Repository/micro staging/Page_Olay Holiday Program/input_Support_mat-input-4'

2021-12-20 11:06:13 - [TEST_STEP][PASSED] - setText(findTestObject("Object Repository/micro staging/Page_Olay Holiday Program/input__mat-input-5"), "Testing123@gmail.com"): Text 'Testing123@gmail.com' is set on object 'Object Repository/micro staging/Page_Olay Holiday Program/input__mat-input-5'

2021-12-20 11:06:13 - [MESSAGE][PASSED] - Text 'Testing123@gmail.com' is set on object 'Object Repository/micro staging/Page_Olay Holiday Program/input__mat-input-5'

2021-12-20 11:06:13 - [TEST_STEP][PASSED] - setText(findTestObject("Object Repository/micro staging/Page_Olay Holiday Program/textarea__mat-input-6"), "Testing"): Text 'Testing' is set on object 'Object Repository/micro staging/Page_Olay Holiday Program/textarea__mat-input-6'

2021-12-20 11:06:14 - [MESSAGE][PASSED] - Text 'Testing' is set on object 'Object Repository/micro staging/Page_Olay Holiday Program/textarea__mat-input-6'

2021-12-20 11:06:14 - [TEST_STEP][PASSED] - click(findTestObject("Object Repository/micro staging/Page_Olay Holiday Program/span__mat-checkbox-inner-container")): Object: 'Object Repository/micro staging/Page_Olay Holiday Program/span__mat-checkbox-inner-container' is clicked on

2021-12-20 11:06:14 - [MESSAGE][PASSED] - Object: 'Object Repository/micro staging/Page_Olay Holiday Program/span__mat-checkbox-inner-container' is clicked on

2021-12-20 11:06:14 - [TEST_STEP][PASSED] - click(findTestObject("Object Repository/micro staging/Page_Olay Holiday Program/button_SUBMIT (3)")): Object: 'Object Repository/micro staging/Page_Olay Holiday Program/button_SUBMIT (3)' is clicked on

2021-12-20 11:06:15 - [MESSAGE][PASSED] - Object: 'Object Repository/micro staging/Page_Olay Holiday Program/button_SUBMIT (3)' is clicked on

2021-12-20 11:06:15 - [TEST_STEP][PASSED] - verifyTextPresent("Your message has been sent, thank you. We will contact in the next 48hrs", true): Text 'Your message has been sent, thank you. We will contact in the next 48hrs' is present on page  using regular expression

2021-12-20 11:06:16 - [MESSAGE][PASSED] - Text 'Your message has been sent, thank you. We will contact in the next 48hrs' is present on page  using regular expression

2021-12-20 11:06:16 - [TEST_STEP][PASSED] - takeScreenshot(): Taking screenshot successfully

2021-12-20 11:06:16 - [MESSAGE][PASSED] - Taking screenshot successfully
[[ATTACHMENT|/home/knoldus/Katalon Studio/Learn1/Reports/20211220_105717/Microsite olay Staging/Microsite olay/20211220_105717/1639978576614.png]]]]></system-out>
         <system-err><![CDATA[]]></system-err>
      </testcase>
      <testcase name="Test Cases/microsite staging/Support/TC-2(Support)" time="16.382" classname="Test Cases/microsite staging/Support/TC-2(Support)" status="PASSED">
         <system-out><![CDATA[2021-12-20 11:06:16 - [TEST_CASE][PASSED] - Test Cases/microsite staging/Support/TC-2(Support): Test Cases/microsite staging/Support/TC-2(Support)

2021-12-20 11:06:16 - [TEST_STEP][PASSED] - callTestCase(findTestCase("microsite staging/Login/Tc-1(Login)"), [:], STOP_ON_FAILURE): Call Test Case 'Test Cases/microsite staging/Login/Tc-1(Login)' successfully

2021-12-20 11:06:16 - [TEST_CASE][PASSED] - Test Cases/microsite staging/Login/Tc-1(Login): Test Cases/microsite staging/Login/Tc-1(Login)

2021-12-20 11:06:16 - [TEST_STEP][PASSED] - callTestCase(findTestCase("microsite staging/Open browser/Tc2-Login"), [:], STOP_ON_FAILURE): Call Test Case 'Test Cases/microsite staging/Open browser/Tc2-Login' successfully

2021-12-20 11:06:16 - [TEST_CASE][PASSED] - Test Cases/microsite staging/Open browser/Tc2-Login: Test Cases/microsite staging/Open browser/Tc2-Login

2021-12-20 11:06:16 - [TEST_STEP][PASSED] - callTestCase(findTestCase("microsite staging/Open browser/Tc-1(Open Browser)"), [:], STOP_ON_FAILURE): Call Test Case 'Test Cases/microsite staging/Open browser/Tc-1(Open Browser)' successfully

2021-12-20 11:06:16 - [TEST_CASE][PASSED] - Test Cases/microsite staging/Open browser/Tc-1(Open Browser): Test Cases/microsite staging/Open browser/Tc-1(Open Browser)

2021-12-20 11:06:16 - [TEST_STEP][PASSED] - openBrowser(""): Browser is opened with url: ''

2021-12-20 11:06:16 - [MESSAGE][WARNING] - A browser is already opened. Closing browser and opening a new one

2021-12-20 11:06:17 - [MESSAGE][INFO] - Starting 'Chrome' driver

2021-12-20 11:06:17 - [MESSAGE][INFO] - Action delay is set to 0 milliseconds

2021-12-20 11:06:17 - [MESSAGE][PASSED] - Browser is opened with url: ''

2021-12-20 11:06:17 - [TEST_STEP][PASSED] - navigateToUrl(urlstaging): Navigate to 'https://holidayolay.3tlstaging.com/login' successfully

2021-12-20 11:06:25 - [MESSAGE][PASSED] - Navigate to 'https://holidayolay.3tlstaging.com/login' successfully

2021-12-20 11:06:25 - [TEST_STEP][PASSED] - CurrentUrL = getUrl(): Current window's url is: 'https://holidayolay.3tlstaging.com/login'

2021-12-20 11:06:25 - [MESSAGE][PASSED] - Current window's url is: 'https://holidayolay.3tlstaging.com/login'

2021-12-20 11:06:25 - [TEST_STEP][PASSED] - verifyMatch(CurrentUrL, urlstaging, true): Actual text 'https://holidayolay.3tlstaging.com/login' and expected text 'https://holidayolay.3tlstaging.com/login' are matched  using regular expression

2021-12-20 11:06:25 - [MESSAGE][PASSED] - Actual text 'https://holidayolay.3tlstaging.com/login' and expected text 'https://holidayolay.3tlstaging.com/login' are matched  using regular expression

2021-12-20 11:06:25 - [TEST_STEP][PASSED] - maximizeWindow(): Current window maximized

2021-12-20 11:06:25 - [MESSAGE][PASSED] - Current window maximized

2021-12-20 11:06:25 - [MESSAGE][PASSED] - Call Test Case 'Test Cases/microsite staging/Open browser/Tc-1(Open Browser)' successfully

2021-12-20 11:06:25 - [TEST_STEP][PASSED] - verifyElementText(findTestObject("Object Repository/assert/Page_Olay Holiday Program/div_Username"), "Username"): Actual text and expected text of test object 'Object Repository/assert/Page_Olay Holiday Program/div_Username' are matched.

2021-12-20 11:06:25 - [MESSAGE][PASSED] - Actual text and expected text of test object 'Object Repository/assert/Page_Olay Holiday Program/div_Username' are matched.

2021-12-20 11:06:25 - [TEST_STEP][PASSED] - verifyElementText(findTestObject("Object Repository/assert/Page_Olay Holiday Program/div_Password"), "Password"): Actual text and expected text of test object 'Object Repository/assert/Page_Olay Holiday Program/div_Password' are matched.

2021-12-20 11:06:26 - [MESSAGE][PASSED] - Actual text and expected text of test object 'Object Repository/assert/Page_Olay Holiday Program/div_Password' are matched.

2021-12-20 11:06:26 - [TEST_STEP][PASSED] - sendKeys(findTestObject("Object Repository/micro staging/Page_Olay Holiday Program/input_Please Enter you Credentials_mat-input-0"), LoginUsername): Keys 'pg_olayholiday' sent to object: 'Object Repository/micro staging/Page_Olay Holiday Program/input_Please Enter you Credentials_mat-input-0'

2021-12-20 11:06:26 - [MESSAGE][PASSED] - Keys 'pg_olayholiday' sent to object: 'Object Repository/micro staging/Page_Olay Holiday Program/input_Please Enter you Credentials_mat-input-0'

2021-12-20 11:06:26 - [TEST_STEP][NOT_RUN] - click(findTestObject("Object Repository/micro staging/Page_Olay Holiday Program/div_Password")): NOT_RUN: click(findTestObject("Object Repository/micro staging/Page_Olay Holiday Program/div_Password"))

2021-12-20 11:06:26 - [MESSAGE][NOT_RUN] - NOT_RUN: click(findTestObject("Object Repository/micro staging/Page_Olay Holiday Program/div_Password"))

2021-12-20 11:06:26 - [TEST_STEP][PASSED] - sendKeys(findTestObject("Object Repository/micro staging/Page_Olay Holiday Program/input_Username_mat-input-1"), Loginpswd): Keys '1q2w3e4r!@#' sent to object: 'Object Repository/micro staging/Page_Olay Holiday Program/input_Username_mat-input-1'

2021-12-20 11:06:26 - [MESSAGE][PASSED] - Keys '1q2w3e4r!@#' sent to object: 'Object Repository/micro staging/Page_Olay Holiday Program/input_Username_mat-input-1'

2021-12-20 11:06:26 - [TEST_STEP][PASSED] - click(findTestObject("Object Repository/micro staging/Page_Olay Holiday Program/button_Submit")): Object: 'Object Repository/micro staging/Page_Olay Holiday Program/button_Submit' is clicked on

2021-12-20 11:06:27 - [MESSAGE][PASSED] - Object: 'Object Repository/micro staging/Page_Olay Holiday Program/button_Submit' is clicked on

2021-12-20 11:06:27 - [MESSAGE][PASSED] - Call Test Case 'Test Cases/microsite staging/Open browser/Tc2-Login' successfully

2021-12-20 11:06:27 - [TEST_STEP][PASSED] - sendKeys(findTestObject("Object Repository/micro staging/Page_Olay Holiday Program/input_WELCOME_mat-input-2"), Emailid): Keys 'akki2323@yopmail.com' sent to object: 'Object Repository/micro staging/Page_Olay Holiday Program/input_WELCOME_mat-input-2'

2021-12-20 11:06:27 - [MESSAGE][PASSED] - Keys 'akki2323@yopmail.com' sent to object: 'Object Repository/micro staging/Page_Olay Holiday Program/input_WELCOME_mat-input-2'

2021-12-20 11:06:27 - [TEST_STEP][PASSED] - sendKeys(findTestObject("Object Repository/micro staging/Page_Olay Holiday Program/input__mat-input-3"), Pswd): Keys '3TL@testing' sent to object: 'Object Repository/micro staging/Page_Olay Holiday Program/input__mat-input-3'

2021-12-20 11:06:27 - [MESSAGE][PASSED] - Keys '3TL@testing' sent to object: 'Object Repository/micro staging/Page_Olay Holiday Program/input__mat-input-3'

2021-12-20 11:06:27 - [TEST_STEP][PASSED] - click(findTestObject("Object Repository/micro staging/Page_Olay Holiday Program/button_SUBMIT (7)")): Object: 'Object Repository/micro staging/Page_Olay Holiday Program/button_SUBMIT (7)' is clicked on

2021-12-20 11:06:28 - [MESSAGE][PASSED] - Object: 'Object Repository/micro staging/Page_Olay Holiday Program/button_SUBMIT (7)' is clicked on

2021-12-20 11:06:28 - [TEST_STEP][PASSED] - takeScreenshot(): Taking screenshot successfully

2021-12-20 11:06:29 - [MESSAGE][PASSED] - Taking screenshot successfully
[[ATTACHMENT|/home/knoldus/Katalon Studio/Learn1/Reports/20211220_105717/Microsite olay Staging/Microsite olay/20211220_105717/1639978589431.png]]

2021-12-20 11:06:29 - [MESSAGE][PASSED] - Call Test Case 'Test Cases/microsite staging/Login/Tc-1(Login)' successfully

2021-12-20 11:06:29 - [TEST_STEP][PASSED] - click(findTestObject("Object Repository/micro staging/Page_Olay Holiday Program/button_SUPPORT")): Object: 'Object Repository/micro staging/Page_Olay Holiday Program/button_SUPPORT' is clicked on

2021-12-20 11:06:29 - [MESSAGE][PASSED] - Object: 'Object Repository/micro staging/Page_Olay Holiday Program/button_SUPPORT' is clicked on

2021-12-20 11:06:29 - [TEST_STEP][PASSED] - click(findTestObject("Object Repository/micro staging/Page_Olay Holiday Program/button_SUBMIT (15)")): Object: 'Object Repository/micro staging/Page_Olay Holiday Program/button_SUBMIT (15)' is clicked on

2021-12-20 11:06:30 - [MESSAGE][PASSED] - Object: 'Object Repository/micro staging/Page_Olay Holiday Program/button_SUBMIT (15)' is clicked on

2021-12-20 11:06:30 - [TEST_STEP][PASSED] - click(findTestObject("Object Repository/micro staging/Page_Olay Holiday Program/mat-error_NAME IS REQUIRED")): Object: 'Object Repository/micro staging/Page_Olay Holiday Program/mat-error_NAME IS REQUIRED' is clicked on

2021-12-20 11:06:31 - [MESSAGE][PASSED] - Object: 'Object Repository/micro staging/Page_Olay Holiday Program/mat-error_NAME IS REQUIRED' is clicked on

2021-12-20 11:06:31 - [TEST_STEP][PASSED] - verifyElementText(findTestObject("Object Repository/micro staging/Page_Olay Holiday Program/mat-error_NAME IS REQUIRED"), "NAME IS REQUIRED"): Actual text and expected text of test object 'Object Repository/micro staging/Page_Olay Holiday Program/mat-error_NAME IS REQUIRED' are matched.

2021-12-20 11:06:31 - [MESSAGE][PASSED] - Actual text and expected text of test object 'Object Repository/micro staging/Page_Olay Holiday Program/mat-error_NAME IS REQUIRED' are matched.

2021-12-20 11:06:31 - [TEST_STEP][PASSED] - click(findTestObject("Object Repository/micro staging/Page_Olay Holiday Program/mat-error_EMAIL IS REQUIRED")): Object: 'Object Repository/micro staging/Page_Olay Holiday Program/mat-error_EMAIL IS REQUIRED' is clicked on

2021-12-20 11:06:31 - [MESSAGE][PASSED] - Object: 'Object Repository/micro staging/Page_Olay Holiday Program/mat-error_EMAIL IS REQUIRED' is clicked on

2021-12-20 11:06:31 - [TEST_STEP][PASSED] - verifyElementText(findTestObject("Object Repository/micro staging/Page_Olay Holiday Program/mat-error_EMAIL IS REQUIRED"), "EMAIL IS REQUIRED"): Actual text and expected text of test object 'Object Repository/micro staging/Page_Olay Holiday Program/mat-error_EMAIL IS REQUIRED' are matched.

2021-12-20 11:06:31 - [MESSAGE][PASSED] - Actual text and expected text of test object 'Object Repository/micro staging/Page_Olay Holiday Program/mat-error_EMAIL IS REQUIRED' are matched.

2021-12-20 11:06:31 - [TEST_STEP][PASSED] - click(findTestObject("Object Repository/micro staging/Page_Olay Holiday Program/mat-error_MESSAGE IS REQUIRED")): Object: 'Object Repository/micro staging/Page_Olay Holiday Program/mat-error_MESSAGE IS REQUIRED' is clicked on

2021-12-20 11:06:32 - [MESSAGE][PASSED] - Object: 'Object Repository/micro staging/Page_Olay Holiday Program/mat-error_MESSAGE IS REQUIRED' is clicked on

2021-12-20 11:06:32 - [TEST_STEP][PASSED] - verifyElementText(findTestObject("Object Repository/micro staging/Page_Olay Holiday Program/mat-error_MESSAGE IS REQUIRED"), "MESSAGE IS REQUIRED"): Actual text and expected text of test object 'Object Repository/micro staging/Page_Olay Holiday Program/mat-error_MESSAGE IS REQUIRED' are matched.

2021-12-20 11:06:32 - [MESSAGE][PASSED] - Actual text and expected text of test object 'Object Repository/micro staging/Page_Olay Holiday Program/mat-error_MESSAGE IS REQUIRED' are matched.

2021-12-20 11:06:32 - [TEST_STEP][PASSED] - click(findTestObject("Object Repository/micro staging/Page_Olay Holiday Program/p_Please agree with the above")): Object: 'Object Repository/micro staging/Page_Olay Holiday Program/p_Please agree with the above' is clicked on

2021-12-20 11:06:32 - [MESSAGE][PASSED] - Object: 'Object Repository/micro staging/Page_Olay Holiday Program/p_Please agree with the above' is clicked on

2021-12-20 11:06:32 - [TEST_STEP][PASSED] - verifyElementText(findTestObject("Object Repository/micro staging/Page_Olay Holiday Program/p_Please agree with the above"), "Please agree with the above"): Actual text and expected text of test object 'Object Repository/micro staging/Page_Olay Holiday Program/p_Please agree with the above' are matched.

2021-12-20 11:06:32 - [MESSAGE][PASSED] - Actual text and expected text of test object 'Object Repository/micro staging/Page_Olay Holiday Program/p_Please agree with the above' are matched.

2021-12-20 11:06:32 - [TEST_STEP][PASSED] - takeScreenshot(): Taking screenshot successfully

2021-12-20 11:06:33 - [MESSAGE][PASSED] - Taking screenshot successfully
[[ATTACHMENT|/home/knoldus/Katalon Studio/Learn1/Reports/20211220_105717/Microsite olay Staging/Microsite olay/20211220_105717/1639978593021.png]]]]></system-out>
         <system-err><![CDATA[]]></system-err>
      </testcase>
      <testcase name="Test Cases/microsite staging/FAQ/Tc-1" time="52.993" classname="Test Cases/microsite staging/FAQ/Tc-1" status="FAILED">
         <failure type="FAILED" message="Test Cases/microsite staging/FAQ/Tc-1 FAILED.
Reason:
com.kms.katalon.core.exception.StepFailedException: Verify element text of test object 'Object Repository/assert/Page_Olay Holiday Program/p_No, you can purchase 25 over more than on_64477c' FAILED.
	at com.kms.katalon.core.webui.keyword.internal.WebUIKeywordMain.stepFailed(WebUIKeywordMain.groovy:64)
	at com.kms.katalon.core.webui.keyword.internal.WebUIKeywordMain.runKeyword(WebUIKeywordMain.groovy:26)
	at com.kms.katalon.core.webui.keyword.builtin.VerifyElementTextKeyword.verifyElementText(VerifyElementTextKeyword.groovy:72)
	at com.kms.katalon.core.webui.keyword.builtin.VerifyElementTextKeyword.execute(VerifyElementTextKeyword.groovy:40)
	at com.kms.katalon.core.keyword.internal.KeywordExecutor.executeKeywordForPlatform(KeywordExecutor.groovy:74)
	at com.kms.katalon.core.webui.keyword.WebUiBuiltInKeywords.verifyElementText(WebUiBuiltInKeywords.groovy:4749)
	at com.kms.katalon.core.webui.keyword.WebUiBuiltInKeywords$verifyElementText$3.call(Unknown Source)
	at Tc-1.run(Tc-1:85)
	at com.kms.katalon.core.main.ScriptEngine.run(ScriptEngine.java:194)
	at com.kms.katalon.core.main.ScriptEngine.runScriptAsRawText(ScriptEngine.java:119)
	at com.kms.katalon.core.main.TestCaseExecutor.runScript(TestCaseExecutor.java:442)
	at com.kms.katalon.core.main.TestCaseExecutor.doExecute(TestCaseExecutor.java:433)
	at com.kms.katalon.core.main.TestCaseExecutor.processExecutionPhase(TestCaseExecutor.java:412)
	at com.kms.katalon.core.main.TestCaseExecutor.accessMainPhase(TestCaseExecutor.java:404)
	at com.kms.katalon.core.main.TestCaseExecutor.execute(TestCaseExecutor.java:281)
	at com.kms.katalon.core.main.TestCaseExecutor.execute(TestCaseExecutor.java:363)
	at com.kms.katalon.core.main.TestSuiteExecutor.accessTestCaseMainPhase(TestSuiteExecutor.java:202)
	at com.kms.katalon.core.main.TestSuiteExecutor.accessTestSuiteMainPhase(TestSuiteExecutor.java:164)
	at com.kms.katalon.core.main.TestSuiteExecutor.execute(TestSuiteExecutor.java:105)
	at com.kms.katalon.core.main.TestCaseMain.startTestSuite(TestCaseMain.java:181)
	at com.kms.katalon.core.main.TestCaseMain$startTestSuite$0.call(Unknown Source)
	at TempTestSuite1639978037384.run(TempTestSuite1639978037384.groovy:36)
Caused by: com.kms.katalon.core.exception.StepFailedException: Actual text 'No, you can purchase $25 over more than one transaction. Make sure that all receipts are purchased between 11/22/2021 and 12/31/2021 and, and uploaded by 1/31/2022 in order to qualify.' and expected text 'No, you can purchase $25 over more than one transaction. Make sure that all receipts are purchased between 11/22/2021> and &lt;12/31/2021 and, and uploaded by 1/31/2022 in order to qualify.' of test object 'Object Repository/assert/Page_Olay Holiday Program/p_No, you can purchase 25 over more than on_64477c' are NOT matched.
	at com.kms.katalon.core.webui.keyword.internal.WebUIKeywordMain.stepFailed(WebUIKeywordMain.groovy:64)
	at com.kms.katalon.core.webui.keyword.builtin.VerifyElementTextKeyword$_verifyElementText_closure1.doCall(VerifyElementTextKeyword.groovy:57)
	at com.kms.katalon.core.webui.keyword.builtin.VerifyElementTextKeyword$_verifyElementText_closure1.call(VerifyElementTextKeyword.groovy)
	at com.kms.katalon.core.webui.keyword.internal.WebUIKeywordMain.runKeyword(WebUIKeywordMain.groovy:20)
	... 20 more
"/>
         <system-out><![CDATA[2021-12-20 11:07:00 - [TEST_CASE][FAILED] - Test Cases/microsite staging/FAQ/Tc-1: Test Cases/microsite staging/FAQ/Tc-1 FAILED.
Reason:
com.kms.katalon.core.exception.StepFailedException: Verify element text of test object 'Object Repository/assert/Page_Olay Holiday Program/p_No, you can purchase 25 over more than on_64477c' FAILED.
	at com.kms.katalon.core.webui.keyword.internal.WebUIKeywordMain.stepFailed(WebUIKeywordMain.groovy:64)
	at com.kms.katalon.core.webui.keyword.internal.WebUIKeywordMain.runKeyword(WebUIKeywordMain.groovy:26)
	at com.kms.katalon.core.webui.keyword.builtin.VerifyElementTextKeyword.verifyElementText(VerifyElementTextKeyword.groovy:72)
	at com.kms.katalon.core.webui.keyword.builtin.VerifyElementTextKeyword.execute(VerifyElementTextKeyword.groovy:40)
	at com.kms.katalon.core.keyword.internal.KeywordExecutor.executeKeywordForPlatform(KeywordExecutor.groovy:74)
	at com.kms.katalon.core.webui.keyword.WebUiBuiltInKeywords.verifyElementText(WebUiBuiltInKeywords.groovy:4749)
	at com.kms.katalon.core.webui.keyword.WebUiBuiltInKeywords$verifyElementText$3.call(Unknown Source)
	at Tc-1.run(Tc-1:85)
	at com.kms.katalon.core.main.ScriptEngine.run(ScriptEngine.java:194)
	at com.kms.katalon.core.main.ScriptEngine.runScriptAsRawText(ScriptEngine.java:119)
	at com.kms.katalon.core.main.TestCaseExecutor.runScript(TestCaseExecutor.java:442)
	at com.kms.katalon.core.main.TestCaseExecutor.doExecute(TestCaseExecutor.java:433)
	at com.kms.katalon.core.main.TestCaseExecutor.processExecutionPhase(TestCaseExecutor.java:412)
	at com.kms.katalon.core.main.TestCaseExecutor.accessMainPhase(TestCaseExecutor.java:404)
	at com.kms.katalon.core.main.TestCaseExecutor.execute(TestCaseExecutor.java:281)
	at com.kms.katalon.core.main.TestCaseExecutor.execute(TestCaseExecutor.java:363)
	at com.kms.katalon.core.main.TestSuiteExecutor.accessTestCaseMainPhase(TestSuiteExecutor.java:202)
	at com.kms.katalon.core.main.TestSuiteExecutor.accessTestSuiteMainPhase(TestSuiteExecutor.java:164)
	at com.kms.katalon.core.main.TestSuiteExecutor.execute(TestSuiteExecutor.java:105)
	at com.kms.katalon.core.main.TestCaseMain.startTestSuite(TestCaseMain.java:181)
	at com.kms.katalon.core.main.TestCaseMain$startTestSuite$0.call(Unknown Source)
	at TempTestSuite1639978037384.run(TempTestSuite1639978037384.groovy:36)
Caused by: com.kms.katalon.core.exception.StepFailedException: Actual text 'No, you can purchase $25 over more than one transaction. Make sure that all receipts are purchased between 11/22/2021 and 12/31/2021 and, and uploaded by 1/31/2022 in order to qualify.' and expected text 'No, you can purchase $25 over more than one transaction. Make sure that all receipts are purchased between 11/22/2021> and <12/31/2021 and, and uploaded by 1/31/2022 in order to qualify.' of test object 'Object Repository/assert/Page_Olay Holiday Program/p_No, you can purchase 25 over more than on_64477c' are NOT matched.
	at com.kms.katalon.core.webui.keyword.internal.WebUIKeywordMain.stepFailed(WebUIKeywordMain.groovy:64)
	at com.kms.katalon.core.webui.keyword.builtin.VerifyElementTextKeyword$_verifyElementText_closure1.doCall(VerifyElementTextKeyword.groovy:57)
	at com.kms.katalon.core.webui.keyword.builtin.VerifyElementTextKeyword$_verifyElementText_closure1.call(VerifyElementTextKeyword.groovy)
	at com.kms.katalon.core.webui.keyword.internal.WebUIKeywordMain.runKeyword(WebUIKeywordMain.groovy:20)
	... 20 more


2021-12-20 11:07:00 - [TEST_STEP][PASSED] - callTestCase(findTestCase("microsite staging/Login/Tc-1(Login)"), [:], STOP_ON_FAILURE): Call Test Case 'Test Cases/microsite staging/Login/Tc-1(Login)' successfully

2021-12-20 11:07:00 - [TEST_CASE][PASSED] - Test Cases/microsite staging/Login/Tc-1(Login): Test Cases/microsite staging/Login/Tc-1(Login)

2021-12-20 11:07:00 - [TEST_STEP][PASSED] - callTestCase(findTestCase("microsite staging/Open browser/Tc2-Login"), [:], STOP_ON_FAILURE): Call Test Case 'Test Cases/microsite staging/Open browser/Tc2-Login' successfully

2021-12-20 11:07:00 - [TEST_CASE][PASSED] - Test Cases/microsite staging/Open browser/Tc2-Login: Test Cases/microsite staging/Open browser/Tc2-Login

2021-12-20 11:07:00 - [TEST_STEP][PASSED] - callTestCase(findTestCase("microsite staging/Open browser/Tc-1(Open Browser)"), [:], STOP_ON_FAILURE): Call Test Case 'Test Cases/microsite staging/Open browser/Tc-1(Open Browser)' successfully

2021-12-20 11:07:00 - [TEST_CASE][PASSED] - Test Cases/microsite staging/Open browser/Tc-1(Open Browser): Test Cases/microsite staging/Open browser/Tc-1(Open Browser)

2021-12-20 11:07:00 - [TEST_STEP][PASSED] - openBrowser(""): Browser is opened with url: ''

2021-12-20 11:07:00 - [MESSAGE][WARNING] - A browser is already opened. Closing browser and opening a new one

2021-12-20 11:07:00 - [MESSAGE][INFO] - Starting 'Chrome' driver

2021-12-20 11:07:00 - [MESSAGE][INFO] - Action delay is set to 0 milliseconds

2021-12-20 11:07:00 - [MESSAGE][PASSED] - Browser is opened with url: ''

2021-12-20 11:07:00 - [TEST_STEP][PASSED] - navigateToUrl(urlstaging): Navigate to 'https://holidayolay.3tlstaging.com/login' successfully

2021-12-20 11:07:11 - [MESSAGE][PASSED] - Navigate to 'https://holidayolay.3tlstaging.com/login' successfully

2021-12-20 11:07:11 - [TEST_STEP][PASSED] - CurrentUrL = getUrl(): Current window's url is: 'https://holidayolay.3tlstaging.com/login'

2021-12-20 11:07:11 - [MESSAGE][PASSED] - Current window's url is: 'https://holidayolay.3tlstaging.com/login'

2021-12-20 11:07:11 - [TEST_STEP][PASSED] - verifyMatch(CurrentUrL, urlstaging, true): Actual text 'https://holidayolay.3tlstaging.com/login' and expected text 'https://holidayolay.3tlstaging.com/login' are matched  using regular expression

2021-12-20 11:07:11 - [MESSAGE][PASSED] - Actual text 'https://holidayolay.3tlstaging.com/login' and expected text 'https://holidayolay.3tlstaging.com/login' are matched  using regular expression

2021-12-20 11:07:11 - [TEST_STEP][PASSED] - maximizeWindow(): Current window maximized

2021-12-20 11:07:11 - [MESSAGE][PASSED] - Current window maximized

2021-12-20 11:07:11 - [MESSAGE][PASSED] - Call Test Case 'Test Cases/microsite staging/Open browser/Tc-1(Open Browser)' successfully

2021-12-20 11:07:11 - [TEST_STEP][PASSED] - verifyElementText(findTestObject("Object Repository/assert/Page_Olay Holiday Program/div_Username"), "Username"): Actual text and expected text of test object 'Object Repository/assert/Page_Olay Holiday Program/div_Username' are matched.

2021-12-20 11:07:11 - [MESSAGE][PASSED] - Actual text and expected text of test object 'Object Repository/assert/Page_Olay Holiday Program/div_Username' are matched.

2021-12-20 11:07:11 - [TEST_STEP][PASSED] - verifyElementText(findTestObject("Object Repository/assert/Page_Olay Holiday Program/div_Password"), "Password"): Actual text and expected text of test object 'Object Repository/assert/Page_Olay Holiday Program/div_Password' are matched.

2021-12-20 11:07:11 - [MESSAGE][PASSED] - Actual text and expected text of test object 'Object Repository/assert/Page_Olay Holiday Program/div_Password' are matched.

2021-12-20 11:07:11 - [TEST_STEP][PASSED] - sendKeys(findTestObject("Object Repository/micro staging/Page_Olay Holiday Program/input_Please Enter you Credentials_mat-input-0"), LoginUsername): Keys 'pg_olayholiday' sent to object: 'Object Repository/micro staging/Page_Olay Holiday Program/input_Please Enter you Credentials_mat-input-0'

2021-12-20 11:07:12 - [MESSAGE][PASSED] - Keys 'pg_olayholiday' sent to object: 'Object Repository/micro staging/Page_Olay Holiday Program/input_Please Enter you Credentials_mat-input-0'

2021-12-20 11:07:12 - [TEST_STEP][NOT_RUN] - click(findTestObject("Object Repository/micro staging/Page_Olay Holiday Program/div_Password")): NOT_RUN: click(findTestObject("Object Repository/micro staging/Page_Olay Holiday Program/div_Password"))

2021-12-20 11:07:12 - [MESSAGE][NOT_RUN] - NOT_RUN: click(findTestObject("Object Repository/micro staging/Page_Olay Holiday Program/div_Password"))

2021-12-20 11:07:12 - [TEST_STEP][PASSED] - sendKeys(findTestObject("Object Repository/micro staging/Page_Olay Holiday Program/input_Username_mat-input-1"), Loginpswd): Keys '1q2w3e4r!@#' sent to object: 'Object Repository/micro staging/Page_Olay Holiday Program/input_Username_mat-input-1'

2021-12-20 11:07:12 - [MESSAGE][PASSED] - Keys '1q2w3e4r!@#' sent to object: 'Object Repository/micro staging/Page_Olay Holiday Program/input_Username_mat-input-1'

2021-12-20 11:07:12 - [TEST_STEP][PASSED] - click(findTestObject("Object Repository/micro staging/Page_Olay Holiday Program/button_Submit")): Object: 'Object Repository/micro staging/Page_Olay Holiday Program/button_Submit' is clicked on

2021-12-20 11:07:12 - [MESSAGE][PASSED] - Object: 'Object Repository/micro staging/Page_Olay Holiday Program/button_Submit' is clicked on

2021-12-20 11:07:12 - [MESSAGE][PASSED] - Call Test Case 'Test Cases/microsite staging/Open browser/Tc2-Login' successfully

2021-12-20 11:07:12 - [TEST_STEP][PASSED] - sendKeys(findTestObject("Object Repository/micro staging/Page_Olay Holiday Program/input_WELCOME_mat-input-2"), Emailid): Keys 'akki2323@yopmail.com' sent to object: 'Object Repository/micro staging/Page_Olay Holiday Program/input_WELCOME_mat-input-2'

2021-12-20 11:07:13 - [MESSAGE][PASSED] - Keys 'akki2323@yopmail.com' sent to object: 'Object Repository/micro staging/Page_Olay Holiday Program/input_WELCOME_mat-input-2'

2021-12-20 11:07:13 - [TEST_STEP][PASSED] - sendKeys(findTestObject("Object Repository/micro staging/Page_Olay Holiday Program/input__mat-input-3"), Pswd): Keys '3TL@testing' sent to object: 'Object Repository/micro staging/Page_Olay Holiday Program/input__mat-input-3'

2021-12-20 11:07:13 - [MESSAGE][PASSED] - Keys '3TL@testing' sent to object: 'Object Repository/micro staging/Page_Olay Holiday Program/input__mat-input-3'

2021-12-20 11:07:13 - [TEST_STEP][PASSED] - click(findTestObject("Object Repository/micro staging/Page_Olay Holiday Program/button_SUBMIT (7)")): Object: 'Object Repository/micro staging/Page_Olay Holiday Program/button_SUBMIT (7)' is clicked on

2021-12-20 11:07:13 - [MESSAGE][PASSED] - Object: 'Object Repository/micro staging/Page_Olay Holiday Program/button_SUBMIT (7)' is clicked on

2021-12-20 11:07:13 - [TEST_STEP][PASSED] - takeScreenshot(): Taking screenshot successfully

2021-12-20 11:07:14 - [MESSAGE][PASSED] - Taking screenshot successfully
[[ATTACHMENT|/home/knoldus/Katalon Studio/Learn1/Reports/20211220_105717/Microsite olay Staging/Microsite olay/20211220_105717/1639978634834.png]]

2021-12-20 11:07:14 - [MESSAGE][PASSED] - Call Test Case 'Test Cases/microsite staging/Login/Tc-1(Login)' successfully

2021-12-20 11:07:14 - [TEST_STEP][PASSED] - click(findTestObject("Object Repository/assert/Page_Olay Holiday Program/button_Faq")): Object: 'Object Repository/assert/Page_Olay Holiday Program/button_Faq' is clicked on

2021-12-20 11:07:15 - [MESSAGE][PASSED] - Object: 'Object Repository/assert/Page_Olay Holiday Program/button_Faq' is clicked on

2021-12-20 11:07:15 - [TEST_STEP][PASSED] - verifyElementText(findTestObject("Object Repository/assert/Page_Olay Holiday Program/button_Faq"), "FAQ"): Actual text and expected text of test object 'Object Repository/assert/Page_Olay Holiday Program/button_Faq' are matched.

2021-12-20 11:07:15 - [MESSAGE][PASSED] - Actual text and expected text of test object 'Object Repository/assert/Page_Olay Holiday Program/button_Faq' are matched.

2021-12-20 11:07:15 - [TEST_STEP][PASSED] - click(findTestObject("Object Repository/assert/Page_Olay Holiday Program/mat-panel-title_How long do I have to submi_b881c2")): Object: 'Object Repository/assert/Page_Olay Holiday Program/mat-panel-title_How long do I have to submi_b881c2' is clicked on

2021-12-20 11:07:16 - [MESSAGE][PASSED] - Object: 'Object Repository/assert/Page_Olay Holiday Program/mat-panel-title_How long do I have to submi_b881c2' is clicked on

2021-12-20 11:07:16 - [TEST_STEP][PASSED] - verifyElementText(findTestObject("Object Repository/assert/Page_Olay Holiday Program/mat-panel-title_How long do I have to submi_b881c2"), Q1): Actual text and expected text of test object 'Object Repository/assert/Page_Olay Holiday Program/mat-panel-title_How long do I have to submi_b881c2' are matched.

2021-12-20 11:07:16 - [MESSAGE][PASSED] - Actual text and expected text of test object 'Object Repository/assert/Page_Olay Holiday Program/mat-panel-title_How long do I have to submi_b881c2' are matched.

2021-12-20 11:07:16 - [TEST_STEP][PASSED] - click(findTestObject("Object Repository/assert/Page_Olay Holiday Program/p_All products must be purchased between 11_3c9c7f")): Object: 'Object Repository/assert/Page_Olay Holiday Program/p_All products must be purchased between 11_3c9c7f' is clicked on

2021-12-20 11:07:16 - [MESSAGE][PASSED] - Object: 'Object Repository/assert/Page_Olay Holiday Program/p_All products must be purchased between 11_3c9c7f' is clicked on

2021-12-20 11:07:16 - [TEST_STEP][PASSED] - verifyElementText(findTestObject("Object Repository/assert/Page_Olay Holiday Program/p_All products must be purchased between 11_3c9c7f"), A1): Actual text and expected text of test object 'Object Repository/assert/Page_Olay Holiday Program/p_All products must be purchased between 11_3c9c7f' are matched.

2021-12-20 11:07:17 - [MESSAGE][PASSED] - Actual text and expected text of test object 'Object Repository/assert/Page_Olay Holiday Program/p_All products must be purchased between 11_3c9c7f' are matched.

2021-12-20 11:07:17 - [TEST_STEP][PASSED] - click(findTestObject("Object Repository/assert/Page_Olay Holiday Program/mat-panel-title_What do I do if I am having_78c932")): Object: 'Object Repository/assert/Page_Olay Holiday Program/mat-panel-title_What do I do if I am having_78c932' is clicked on

2021-12-20 11:07:17 - [MESSAGE][PASSED] - Object: 'Object Repository/assert/Page_Olay Holiday Program/mat-panel-title_What do I do if I am having_78c932' is clicked on

2021-12-20 11:07:17 - [TEST_STEP][PASSED] - verifyElementText(findTestObject("Object Repository/assert/Page_Olay Holiday Program/mat-panel-title_What do I do if I am having_78c932"), Q2): Actual text and expected text of test object 'Object Repository/assert/Page_Olay Holiday Program/mat-panel-title_What do I do if I am having_78c932' are matched.

2021-12-20 11:07:17 - [MESSAGE][PASSED] - Actual text and expected text of test object 'Object Repository/assert/Page_Olay Holiday Program/mat-panel-title_What do I do if I am having_78c932' are matched.

2021-12-20 11:07:17 - [TEST_STEP][PASSED] - click(findTestObject("Object Repository/assert/Page_Olay Holiday Program/a_support box")): Object: 'Object Repository/assert/Page_Olay Holiday Program/a_support box' is clicked on

2021-12-20 11:07:17 - [MESSAGE][PASSED] - Object: 'Object Repository/assert/Page_Olay Holiday Program/a_support box' is clicked on

2021-12-20 11:07:17 - [TEST_STEP][PASSED] - click(findTestObject("Object Repository/assert/Page_Olay Holiday Program/p_You can submit any questions you may have_306d87")): Object: 'Object Repository/assert/Page_Olay Holiday Program/p_You can submit any questions you may have_306d87' is clicked on

2021-12-20 11:07:48 - [MESSAGE][PASSED] - Object: 'Object Repository/assert/Page_Olay Holiday Program/p_You can submit any questions you may have_306d87' is clicked on

2021-12-20 11:07:48 - [TEST_STEP][PASSED] - verifyElementText(findTestObject("Object Repository/assert/Page_Olay Holiday Program/p_You can submit any questions you may have_306d87"), A2): Actual text and expected text of test object 'Object Repository/assert/Page_Olay Holiday Program/p_You can submit any questions you may have_306d87' are matched.

2021-12-20 11:07:48 - [MESSAGE][PASSED] - Actual text and expected text of test object 'Object Repository/assert/Page_Olay Holiday Program/p_You can submit any questions you may have_306d87' are matched.

2021-12-20 11:07:48 - [TEST_STEP][PASSED] - click(findTestObject("Object Repository/assert/Page_Olay Holiday Program/mat-panel-title_What are the participating _a616ec")): Object: 'Object Repository/assert/Page_Olay Holiday Program/mat-panel-title_What are the participating _a616ec' is clicked on

2021-12-20 11:07:49 - [MESSAGE][PASSED] - Object: 'Object Repository/assert/Page_Olay Holiday Program/mat-panel-title_What are the participating _a616ec' is clicked on

2021-12-20 11:07:49 - [TEST_STEP][PASSED] - verifyElementText(findTestObject("Object Repository/assert/Page_Olay Holiday Program/mat-panel-title_What are the participating _a616ec"), Q3): Actual text and expected text of test object 'Object Repository/assert/Page_Olay Holiday Program/mat-panel-title_What are the participating _a616ec' are matched.

2021-12-20 11:07:49 - [MESSAGE][PASSED] - Actual text and expected text of test object 'Object Repository/assert/Page_Olay Holiday Program/mat-panel-title_What are the participating _a616ec' are matched.

2021-12-20 11:07:49 - [TEST_STEP][PASSED] - click(findTestObject("Object Repository/assert/Page_Olay Holiday Program/p_Click here to see the full list of partic_fc02c1")): Object: 'Object Repository/assert/Page_Olay Holiday Program/p_Click here to see the full list of partic_fc02c1' is clicked on

2021-12-20 11:07:49 - [MESSAGE][PASSED] - Object: 'Object Repository/assert/Page_Olay Holiday Program/p_Click here to see the full list of partic_fc02c1' is clicked on

2021-12-20 11:07:49 - [TEST_STEP][PASSED] - verifyElementText(findTestObject("Object Repository/assert/Page_Olay Holiday Program/p_Click here to see the full list of partic_fc02c1"), A3): Actual text and expected text of test object 'Object Repository/assert/Page_Olay Holiday Program/p_Click here to see the full list of partic_fc02c1' are matched.

2021-12-20 11:07:49 - [MESSAGE][PASSED] - Actual text and expected text of test object 'Object Repository/assert/Page_Olay Holiday Program/p_Click here to see the full list of partic_fc02c1' are matched.

2021-12-20 11:07:49 - [TEST_STEP][PASSED] - click(findTestObject("Object Repository/assert/Page_Olay Holiday Program/mat-panel-title_How many times can I submit_4db6e3")): Object: 'Object Repository/assert/Page_Olay Holiday Program/mat-panel-title_How many times can I submit_4db6e3' is clicked on

2021-12-20 11:07:50 - [MESSAGE][PASSED] - Object: 'Object Repository/assert/Page_Olay Holiday Program/mat-panel-title_How many times can I submit_4db6e3' is clicked on

2021-12-20 11:07:50 - [TEST_STEP][PASSED] - verifyElementText(findTestObject("Object Repository/assert/Page_Olay Holiday Program/mat-panel-title_How many times can I submit_4db6e3"), Q4): Actual text and expected text of test object 'Object Repository/assert/Page_Olay Holiday Program/mat-panel-title_How many times can I submit_4db6e3' are matched.

2021-12-20 11:07:50 - [MESSAGE][PASSED] - Actual text and expected text of test object 'Object Repository/assert/Page_Olay Holiday Program/mat-panel-title_How many times can I submit_4db6e3' are matched.

2021-12-20 11:07:50 - [TEST_STEP][PASSED] - click(findTestObject("Object Repository/assert/Page_Olay Holiday Program/p_You can only submit a valid receipt once,_f6b9b0")): Object: 'Object Repository/assert/Page_Olay Holiday Program/p_You can only submit a valid receipt once,_f6b9b0' is clicked on

2021-12-20 11:07:50 - [MESSAGE][PASSED] - Object: 'Object Repository/assert/Page_Olay Holiday Program/p_You can only submit a valid receipt once,_f6b9b0' is clicked on

2021-12-20 11:07:50 - [TEST_STEP][PASSED] - verifyElementText(findTestObject("Object Repository/assert/Page_Olay Holiday Program/p_You can only submit a valid receipt once,_f6b9b0"), A4): Actual text and expected text of test object 'Object Repository/assert/Page_Olay Holiday Program/p_You can only submit a valid receipt once,_f6b9b0' are matched.

2021-12-20 11:07:50 - [MESSAGE][PASSED] - Actual text and expected text of test object 'Object Repository/assert/Page_Olay Holiday Program/p_You can only submit a valid receipt once,_f6b9b0' are matched.

2021-12-20 11:07:50 - [TEST_STEP][PASSED] - click(findTestObject("Object Repository/assert/Page_Olay Holiday Program/mat-panel-title_How many rewards can I get")): Object: 'Object Repository/assert/Page_Olay Holiday Program/mat-panel-title_How many rewards can I get' is clicked on

2021-12-20 11:07:51 - [MESSAGE][PASSED] - Object: 'Object Repository/assert/Page_Olay Holiday Program/mat-panel-title_How many rewards can I get' is clicked on

2021-12-20 11:07:51 - [TEST_STEP][PASSED] - verifyElementText(findTestObject("Object Repository/assert/Page_Olay Holiday Program/mat-panel-title_How many rewards can I get"), Q5): Actual text and expected text of test object 'Object Repository/assert/Page_Olay Holiday Program/mat-panel-title_How many rewards can I get' are matched.

2021-12-20 11:07:51 - [MESSAGE][PASSED] - Actual text and expected text of test object 'Object Repository/assert/Page_Olay Holiday Program/mat-panel-title_How many rewards can I get' are matched.

2021-12-20 11:07:51 - [TEST_STEP][PASSED] - click(findTestObject("Object Repository/assert/Page_Olay Holiday Program/p_There is a limit of one reward per email address")): Object: 'Object Repository/assert/Page_Olay Holiday Program/p_There is a limit of one reward per email address' is clicked on

2021-12-20 11:07:51 - [MESSAGE][PASSED] - Object: 'Object Repository/assert/Page_Olay Holiday Program/p_There is a limit of one reward per email address' is clicked on

2021-12-20 11:07:51 - [TEST_STEP][PASSED] - verifyElementText(findTestObject("Object Repository/assert/Page_Olay Holiday Program/p_There is a limit of one reward per email address"), A5): Actual text and expected text of test object 'Object Repository/assert/Page_Olay Holiday Program/p_There is a limit of one reward per email address' are matched.

2021-12-20 11:07:51 - [MESSAGE][PASSED] - Actual text and expected text of test object 'Object Repository/assert/Page_Olay Holiday Program/p_There is a limit of one reward per email address' are matched.

2021-12-20 11:07:51 - [TEST_STEP][PASSED] - click(findTestObject("Object Repository/assert/Page_Olay Holiday Program/mat-panel-title_Do I have to purchase all 2_69426f")): Object: 'Object Repository/assert/Page_Olay Holiday Program/mat-panel-title_Do I have to purchase all 2_69426f' is clicked on

2021-12-20 11:07:52 - [MESSAGE][PASSED] - Object: 'Object Repository/assert/Page_Olay Holiday Program/mat-panel-title_Do I have to purchase all 2_69426f' is clicked on

2021-12-20 11:07:52 - [TEST_STEP][PASSED] - verifyElementText(findTestObject("Object Repository/assert/Page_Olay Holiday Program/mat-panel-title_Do I have to purchase all 2_69426f"), Q6): Actual text and expected text of test object 'Object Repository/assert/Page_Olay Holiday Program/mat-panel-title_Do I have to purchase all 2_69426f' are matched.

2021-12-20 11:07:52 - [MESSAGE][PASSED] - Actual text and expected text of test object 'Object Repository/assert/Page_Olay Holiday Program/mat-panel-title_Do I have to purchase all 2_69426f' are matched.

2021-12-20 11:07:52 - [TEST_STEP][PASSED] - click(findTestObject("Object Repository/assert/Page_Olay Holiday Program/p_No, you can purchase 25 over more than on_64477c")): Object: 'Object Repository/assert/Page_Olay Holiday Program/p_No, you can purchase 25 over more than on_64477c' is clicked on

2021-12-20 11:07:52 - [MESSAGE][PASSED] - Object: 'Object Repository/assert/Page_Olay Holiday Program/p_No, you can purchase 25 over more than on_64477c' is clicked on

2021-12-20 11:07:52 - [TEST_STEP][FAILED] - verifyElementText(findTestObject("Object Repository/assert/Page_Olay Holiday Program/p_No, you can purchase 25 over more than on_64477c"), A6): Verify element text of test object 'Object Repository/assert/Page_Olay Holiday Program/p_No, you can purchase 25 over more than on_64477c' FAILED. (Root cause: com.kms.katalon.core.exception.StepFailedException: Verify element text of test object 'Object Repository/assert/Page_Olay Holiday Program/p_No, you can purchase 25 over more than on_64477c' FAILED.
	at com.kms.katalon.core.webui.keyword.internal.WebUIKeywordMain.stepFailed(WebUIKeywordMain.groovy:64)
	at com.kms.katalon.core.webui.keyword.internal.WebUIKeywordMain.runKeyword(WebUIKeywordMain.groovy:26)
	at com.kms.katalon.core.webui.keyword.builtin.VerifyElementTextKeyword.verifyElementText(VerifyElementTextKeyword.groovy:72)
	at com.kms.katalon.core.webui.keyword.builtin.VerifyElementTextKeyword.execute(VerifyElementTextKeyword.groovy:40)
	at com.kms.katalon.core.keyword.internal.KeywordExecutor.executeKeywordForPlatform(KeywordExecutor.groovy:74)
	at com.kms.katalon.core.webui.keyword.WebUiBuiltInKeywords.verifyElementText(WebUiBuiltInKeywords.groovy:4749)
	at com.kms.katalon.core.webui.keyword.WebUiBuiltInKeywords$verifyElementText$3.call(Unknown Source)
	at Tc-1.run(Tc-1:85)
	at com.kms.katalon.core.main.ScriptEngine.run(ScriptEngine.java:194)
	at com.kms.katalon.core.main.ScriptEngine.runScriptAsRawText(ScriptEngine.java:119)
	at com.kms.katalon.core.main.TestCaseExecutor.runScript(TestCaseExecutor.java:442)
	at com.kms.katalon.core.main.TestCaseExecutor.doExecute(TestCaseExecutor.java:433)
	at com.kms.katalon.core.main.TestCaseExecutor.processExecutionPhase(TestCaseExecutor.java:412)
	at com.kms.katalon.core.main.TestCaseExecutor.accessMainPhase(TestCaseExecutor.java:404)
	at com.kms.katalon.core.main.TestCaseExecutor.execute(TestCaseExecutor.java:281)
	at com.kms.katalon.core.main.TestCaseExecutor.execute(TestCaseExecutor.java:363)
	at com.kms.katalon.core.main.TestSuiteExecutor.accessTestCaseMainPhase(TestSuiteExecutor.java:202)
	at com.kms.katalon.core.main.TestSuiteExecutor.accessTestSuiteMainPhase(TestSuiteExecutor.java:164)
	at com.kms.katalon.core.main.TestSuiteExecutor.execute(TestSuiteExecutor.java:105)
	at com.kms.katalon.core.main.TestCaseMain.startTestSuite(TestCaseMain.java:181)
	at com.kms.katalon.core.main.TestCaseMain$startTestSuite$0.call(Unknown Source)
	at TempTestSuite1639978037384.run(TempTestSuite1639978037384.groovy:36)
Caused by: com.kms.katalon.core.exception.StepFailedException: Actual text 'No, you can purchase $25 over more than one transaction. Make sure that all receipts are purchased between 11/22/2021 and 12/31/2021 and, and uploaded by 1/31/2022 in order to qualify.' and expected text 'No, you can purchase $25 over more than one transaction. Make sure that all receipts are purchased between 11/22/2021> and <12/31/2021 and, and uploaded by 1/31/2022 in order to qualify.' of test object 'Object Repository/assert/Page_Olay Holiday Program/p_No, you can purchase 25 over more than on_64477c' are NOT matched.
	at com.kms.katalon.core.webui.keyword.internal.WebUIKeywordMain.stepFailed(WebUIKeywordMain.groovy:64)
	at com.kms.katalon.core.webui.keyword.builtin.VerifyElementTextKeyword$_verifyElementText_closure1.doCall(VerifyElementTextKeyword.groovy:57)
	at com.kms.katalon.core.webui.keyword.builtin.VerifyElementTextKeyword$_verifyElementText_closure1.call(VerifyElementTextKeyword.groovy)
	at com.kms.katalon.core.webui.keyword.internal.WebUIKeywordMain.runKeyword(WebUIKeywordMain.groovy:20)
	... 20 more
)

2021-12-20 11:07:53 - [MESSAGE][FAILED] - Actual text 'No, you can purchase $25 over more than one transaction. Make sure that all receipts are purchased between 11/22/2021 and 12/31/2021 and, and uploaded by 1/31/2022 in order to qualify.' and expected text 'No, you can purchase $25 over more than one transaction. Make sure that all receipts are purchased between 11/22/2021> and <12/31/2021 and, and uploaded by 1/31/2022 in order to qualify.' of test object 'Object Repository/assert/Page_Olay Holiday Program/p_No, you can purchase 25 over more than on_64477c' are NOT matched. (Root cause: com.kms.katalon.core.exception.StepFailedException: Actual text 'No, you can purchase $25 over more than one transaction. Make sure that all receipts are purchased between 11/22/2021 and 12/31/2021 and, and uploaded by 1/31/2022 in order to qualify.' and expected text 'No, you can purchase $25 over more than one transaction. Make sure that all receipts are purchased between 11/22/2021> and <12/31/2021 and, and uploaded by 1/31/2022 in order to qualify.' of test object 'Object Repository/assert/Page_Olay Holiday Program/p_No, you can purchase 25 over more than on_64477c' are NOT matched.
	at com.kms.katalon.core.webui.keyword.internal.WebUIKeywordMain.stepFailed(WebUIKeywordMain.groovy:64)
	at com.kms.katalon.core.webui.keyword.builtin.VerifyElementTextKeyword$_verifyElementText_closure1.doCall(VerifyElementTextKeyword.groovy:57)
	at com.kms.katalon.core.webui.keyword.builtin.VerifyElementTextKeyword$_verifyElementText_closure1.call(VerifyElementTextKeyword.groovy)
	at com.kms.katalon.core.webui.keyword.internal.WebUIKeywordMain.runKeyword(WebUIKeywordMain.groovy:20)
	at com.kms.katalon.core.webui.keyword.builtin.VerifyElementTextKeyword.verifyElementText(VerifyElementTextKeyword.groovy:72)
	at com.kms.katalon.core.webui.keyword.builtin.VerifyElementTextKeyword.execute(VerifyElementTextKeyword.groovy:40)
	at com.kms.katalon.core.keyword.internal.KeywordExecutor.executeKeywordForPlatform(KeywordExecutor.groovy:74)
	at com.kms.katalon.core.webui.keyword.WebUiBuiltInKeywords.verifyElementText(WebUiBuiltInKeywords.groovy:4749)
	at com.kms.katalon.core.webui.keyword.WebUiBuiltInKeywords$verifyElementText$3.call(Unknown Source)
	at Tc-1.run(Tc-1:85)
	at com.kms.katalon.core.main.ScriptEngine.run(ScriptEngine.java:194)
	at com.kms.katalon.core.main.ScriptEngine.runScriptAsRawText(ScriptEngine.java:119)
	at com.kms.katalon.core.main.TestCaseExecutor.runScript(TestCaseExecutor.java:442)
	at com.kms.katalon.core.main.TestCaseExecutor.doExecute(TestCaseExecutor.java:433)
	at com.kms.katalon.core.main.TestCaseExecutor.processExecutionPhase(TestCaseExecutor.java:412)
	at com.kms.katalon.core.main.TestCaseExecutor.accessMainPhase(TestCaseExecutor.java:404)
	at com.kms.katalon.core.main.TestCaseExecutor.execute(TestCaseExecutor.java:281)
	at com.kms.katalon.core.main.TestCaseExecutor.execute(TestCaseExecutor.java:363)
	at com.kms.katalon.core.main.TestSuiteExecutor.accessTestCaseMainPhase(TestSuiteExecutor.java:202)
	at com.kms.katalon.core.main.TestSuiteExecutor.accessTestSuiteMainPhase(TestSuiteExecutor.java:164)
	at com.kms.katalon.core.main.TestSuiteExecutor.execute(TestSuiteExecutor.java:105)
	at com.kms.katalon.core.main.TestCaseMain.startTestSuite(TestCaseMain.java:181)
	at com.kms.katalon.core.main.TestCaseMain$startTestSuite$0.call(Unknown Source)
	at TempTestSuite1639978037384.run(TempTestSuite1639978037384.groovy:36)
)
[[ATTACHMENT|/home/knoldus/Katalon Studio/Learn1/Reports/20211220_105717/Microsite olay Staging/Microsite olay/20211220_105717/1639978672957.png]]

2021-12-20 11:07:53 - [MESSAGE][FAILED] - Verify element text of test object 'Object Repository/assert/Page_Olay Holiday Program/p_No, you can purchase 25 over more than on_64477c' FAILED. (Root cause: com.kms.katalon.core.exception.StepFailedException: Verify element text of test object 'Object Repository/assert/Page_Olay Holiday Program/p_No, you can purchase 25 over more than on_64477c' FAILED.
	at com.kms.katalon.core.webui.keyword.internal.WebUIKeywordMain.stepFailed(WebUIKeywordMain.groovy:64)
	at com.kms.katalon.core.webui.keyword.internal.WebUIKeywordMain.runKeyword(WebUIKeywordMain.groovy:26)
	at com.kms.katalon.core.webui.keyword.builtin.VerifyElementTextKeyword.verifyElementText(VerifyElementTextKeyword.groovy:72)
	at com.kms.katalon.core.webui.keyword.builtin.VerifyElementTextKeyword.execute(VerifyElementTextKeyword.groovy:40)
	at com.kms.katalon.core.keyword.internal.KeywordExecutor.executeKeywordForPlatform(KeywordExecutor.groovy:74)
	at com.kms.katalon.core.webui.keyword.WebUiBuiltInKeywords.verifyElementText(WebUiBuiltInKeywords.groovy:4749)
	at com.kms.katalon.core.webui.keyword.WebUiBuiltInKeywords$verifyElementText$3.call(Unknown Source)
	at Tc-1.run(Tc-1:85)
	at com.kms.katalon.core.main.ScriptEngine.run(ScriptEngine.java:194)
	at com.kms.katalon.core.main.ScriptEngine.runScriptAsRawText(ScriptEngine.java:119)
	at com.kms.katalon.core.main.TestCaseExecutor.runScript(TestCaseExecutor.java:442)
	at com.kms.katalon.core.main.TestCaseExecutor.doExecute(TestCaseExecutor.java:433)
	at com.kms.katalon.core.main.TestCaseExecutor.processExecutionPhase(TestCaseExecutor.java:412)
	at com.kms.katalon.core.main.TestCaseExecutor.accessMainPhase(TestCaseExecutor.java:404)
	at com.kms.katalon.core.main.TestCaseExecutor.execute(TestCaseExecutor.java:281)
	at com.kms.katalon.core.main.TestCaseExecutor.execute(TestCaseExecutor.java:363)
	at com.kms.katalon.core.main.TestSuiteExecutor.accessTestCaseMainPhase(TestSuiteExecutor.java:202)
	at com.kms.katalon.core.main.TestSuiteExecutor.accessTestSuiteMainPhase(TestSuiteExecutor.java:164)
	at com.kms.katalon.core.main.TestSuiteExecutor.execute(TestSuiteExecutor.java:105)
	at com.kms.katalon.core.main.TestCaseMain.startTestSuite(TestCaseMain.java:181)
	at com.kms.katalon.core.main.TestCaseMain$startTestSuite$0.call(Unknown Source)
	at TempTestSuite1639978037384.run(TempTestSuite1639978037384.groovy:36)
Caused by: com.kms.katalon.core.exception.StepFailedException: Actual text 'No, you can purchase $25 over more than one transaction. Make sure that all receipts are purchased between 11/22/2021 and 12/31/2021 and, and uploaded by 1/31/2022 in order to qualify.' and expected text 'No, you can purchase $25 over more than one transaction. Make sure that all receipts are purchased between 11/22/2021> and <12/31/2021 and, and uploaded by 1/31/2022 in order to qualify.' of test object 'Object Repository/assert/Page_Olay Holiday Program/p_No, you can purchase 25 over more than on_64477c' are NOT matched.
	at com.kms.katalon.core.webui.keyword.internal.WebUIKeywordMain.stepFailed(WebUIKeywordMain.groovy:64)
	at com.kms.katalon.core.webui.keyword.builtin.VerifyElementTextKeyword$_verifyElementText_closure1.doCall(VerifyElementTextKeyword.groovy:57)
	at com.kms.katalon.core.webui.keyword.builtin.VerifyElementTextKeyword$_verifyElementText_closure1.call(VerifyElementTextKeyword.groovy)
	at com.kms.katalon.core.webui.keyword.internal.WebUIKeywordMain.runKeyword(WebUIKeywordMain.groovy:20)
	... 20 more
)
[[ATTACHMENT|/home/knoldus/Katalon Studio/Learn1/Reports/20211220_105717/Microsite olay Staging/Microsite olay/20211220_105717/1639978673044.png]]]]></system-out>
         <system-err><![CDATA[2021-12-20 11:07:00 - [TEST_CASE][FAILED] - Test Cases/microsite staging/FAQ/Tc-1: Test Cases/microsite staging/FAQ/Tc-1 FAILED.
Reason:
com.kms.katalon.core.exception.StepFailedException: Verify element text of test object 'Object Repository/assert/Page_Olay Holiday Program/p_No, you can purchase 25 over more than on_64477c' FAILED.
	at com.kms.katalon.core.webui.keyword.internal.WebUIKeywordMain.stepFailed(WebUIKeywordMain.groovy:64)
	at com.kms.katalon.core.webui.keyword.internal.WebUIKeywordMain.runKeyword(WebUIKeywordMain.groovy:26)
	at com.kms.katalon.core.webui.keyword.builtin.VerifyElementTextKeyword.verifyElementText(VerifyElementTextKeyword.groovy:72)
	at com.kms.katalon.core.webui.keyword.builtin.VerifyElementTextKeyword.execute(VerifyElementTextKeyword.groovy:40)
	at com.kms.katalon.core.keyword.internal.KeywordExecutor.executeKeywordForPlatform(KeywordExecutor.groovy:74)
	at com.kms.katalon.core.webui.keyword.WebUiBuiltInKeywords.verifyElementText(WebUiBuiltInKeywords.groovy:4749)
	at com.kms.katalon.core.webui.keyword.WebUiBuiltInKeywords$verifyElementText$3.call(Unknown Source)
	at Tc-1.run(Tc-1:85)
	at com.kms.katalon.core.main.ScriptEngine.run(ScriptEngine.java:194)
	at com.kms.katalon.core.main.ScriptEngine.runScriptAsRawText(ScriptEngine.java:119)
	at com.kms.katalon.core.main.TestCaseExecutor.runScript(TestCaseExecutor.java:442)
	at com.kms.katalon.core.main.TestCaseExecutor.doExecute(TestCaseExecutor.java:433)
	at com.kms.katalon.core.main.TestCaseExecutor.processExecutionPhase(TestCaseExecutor.java:412)
	at com.kms.katalon.core.main.TestCaseExecutor.accessMainPhase(TestCaseExecutor.java:404)
	at com.kms.katalon.core.main.TestCaseExecutor.execute(TestCaseExecutor.java:281)
	at com.kms.katalon.core.main.TestCaseExecutor.execute(TestCaseExecutor.java:363)
	at com.kms.katalon.core.main.TestSuiteExecutor.accessTestCaseMainPhase(TestSuiteExecutor.java:202)
	at com.kms.katalon.core.main.TestSuiteExecutor.accessTestSuiteMainPhase(TestSuiteExecutor.java:164)
	at com.kms.katalon.core.main.TestSuiteExecutor.execute(TestSuiteExecutor.java:105)
	at com.kms.katalon.core.main.TestCaseMain.startTestSuite(TestCaseMain.java:181)
	at com.kms.katalon.core.main.TestCaseMain$startTestSuite$0.call(Unknown Source)
	at TempTestSuite1639978037384.run(TempTestSuite1639978037384.groovy:36)
Caused by: com.kms.katalon.core.exception.StepFailedException: Actual text 'No, you can purchase $25 over more than one transaction. Make sure that all receipts are purchased between 11/22/2021 and 12/31/2021 and, and uploaded by 1/31/2022 in order to qualify.' and expected text 'No, you can purchase $25 over more than one transaction. Make sure that all receipts are purchased between 11/22/2021> and <12/31/2021 and, and uploaded by 1/31/2022 in order to qualify.' of test object 'Object Repository/assert/Page_Olay Holiday Program/p_No, you can purchase 25 over more than on_64477c' are NOT matched.
	at com.kms.katalon.core.webui.keyword.internal.WebUIKeywordMain.stepFailed(WebUIKeywordMain.groovy:64)
	at com.kms.katalon.core.webui.keyword.builtin.VerifyElementTextKeyword$_verifyElementText_closure1.doCall(VerifyElementTextKeyword.groovy:57)
	at com.kms.katalon.core.webui.keyword.builtin.VerifyElementTextKeyword$_verifyElementText_closure1.call(VerifyElementTextKeyword.groovy)
	at com.kms.katalon.core.webui.keyword.internal.WebUIKeywordMain.runKeyword(WebUIKeywordMain.groovy:20)
	... 20 more]]></system-err>
      </testcase>
      <system-out><![CDATA[2021-12-20 10:57:26 - [TEST_SUITE][FAILED] - Microsite olay: Test Cases/microsite staging/Login/Tc-2(Login) FAILED.
Reason:
com.kms.katalon.core.exception.StepFailedException: Unable to click on object 'Object Repository/micro staging/Page_Olay Holiday Program/button_SUBMIT (10)'
	at com.kms.katalon.core.webui.keyword.internal.WebUIKeywordMain.stepFailed(WebUIKeywordMain.groovy:64)
	at com.kms.katalon.core.webui.keyword.internal.WebUIKeywordMain.runKeyword(WebUIKeywordMain.groovy:26)
	at com.kms.katalon.core.webui.keyword.builtin.ClickKeyword.click(ClickKeyword.groovy:74)
	at com.kms.katalon.core.webui.keyword.builtin.ClickKeyword.execute(ClickKeyword.groovy:40)
	at com.kms.katalon.core.keyword.internal.KeywordExecutor.executeKeywordForPlatform(KeywordExecutor.groovy:74)
	at com.kms.katalon.core.webui.keyword.WebUiBuiltInKeywords.click(WebUiBuiltInKeywords.groovy:620)
	at com.kms.katalon.core.webui.keyword.WebUiBuiltInKeywords$click$5.call(Unknown Source)
	at Tc-2(Login).run(Tc-2(Login):24)
	at com.kms.katalon.core.main.ScriptEngine.run(ScriptEngine.java:194)
	at com.kms.katalon.core.main.ScriptEngine.runScriptAsRawText(ScriptEngine.java:119)
	at com.kms.katalon.core.main.TestCaseExecutor.runScript(TestCaseExecutor.java:442)
	at com.kms.katalon.core.main.TestCaseExecutor.doExecute(TestCaseExecutor.java:433)
	at com.kms.katalon.core.main.TestCaseExecutor.processExecutionPhase(TestCaseExecutor.java:412)
	at com.kms.katalon.core.main.TestCaseExecutor.accessMainPhase(TestCaseExecutor.java:404)
	at com.kms.katalon.core.main.TestCaseExecutor.execute(TestCaseExecutor.java:281)
	at com.kms.katalon.core.main.TestSuiteExecutor.accessTestCaseMainPhase(TestSuiteExecutor.java:202)
	at com.kms.katalon.core.main.TestSuiteExecutor.accessTestSuiteMainPhase(TestSuiteExecutor.java:164)
	at com.kms.katalon.core.main.TestSuiteExecutor.execute(TestSuiteExecutor.java:105)
	at com.kms.katalon.core.main.TestCaseMain.startTestSuite(TestCaseMain.java:181)
	at com.kms.katalon.core.main.TestCaseMain$startTestSuite$0.call(Unknown Source)
	at TempTestSuite1639978037384.run(TempTestSuite1639978037384.groovy:36)
Caused by: org.openqa.selenium.ElementClickInterceptedException: element click intercepted: Element <button _ngcontent-hjn-c129="" type="submit" class="px-16 py-4 app-button">...</button> is not clickable at point (638, 551). Other element would receive the click: <div class="cdk-overlay-backdrop white cdk-overlay-backdrop-showing"></div>
  (Session info: chrome=95.0.4638.69)
Build info: version: '3.141.59', revision: 'e82be7d358', time: '2018-11-14T08:25:53'
System info: host: 'knoldus-Latitude-3520', ip: '127.0.1.1', os.name: 'Linux', os.arch: 'amd64', os.version: '5.11.0-41-generic', java.version: '1.8.0_312'
Driver info: com.kms.katalon.selenium.driver.CChromeDriver
Capabilities {acceptInsecureCerts: false, browserName: chrome, browserVersion: 95.0.4638.69, chrome: {chromedriverVersion: 95.0.4638.17 (a9d0719444d4b..., userDataDir: /tmp/.com.google.Chrome.cFo1ZR}, goog:chromeOptions: {debuggerAddress: localhost:40825}, javascriptEnabled: true, networkConnectionEnabled: false, pageLoadStrategy: normal, platform: LINUX, platformName: LINUX, proxy: Proxy(), setWindowRect: true, strictFileInteractability: false, timeouts: {implicit: 0, pageLoad: 300000, script: 30000}, unhandledPromptBehavior: dismiss and notify, webauthn:extension:credBlob: true, webauthn:extension:largeBlob: true, webauthn:virtualAuthenticators: true}
Session ID: 9c514bb5b0751fe138633257a7e72a4a
	at org.openqa.selenium.remote.http.W3CHttpResponseCodec.createException(W3CHttpResponseCodec.java:187)
	at org.openqa.selenium.remote.http.W3CHttpResponseCodec.decode(W3CHttpResponseCodec.java:122)
	at org.openqa.selenium.remote.http.W3CHttpResponseCodec.decode(W3CHttpResponseCodec.java:49)
	at org.openqa.selenium.remote.HttpCommandExecutor.execute(HttpCommandExecutor.java:158)
	at org.openqa.selenium.remote.service.DriverCommandExecutor.execute(DriverCommandExecutor.java:83)
	at org.openqa.selenium.remote.RemoteWebDriver.execute(RemoteWebDriver.java:552)
	at com.kms.katalon.selenium.driver.CChromeDriver.execute(CChromeDriver.java:19)
	at org.openqa.selenium.remote.RemoteWebElement.execute(RemoteWebElement.java:285)
	at org.openqa.selenium.remote.RemoteWebElement.click(RemoteWebElement.java:84)
	at org.openqa.selenium.support.events.EventFiringWebDriver$EventFiringWebElement.lambda$new$0(EventFiringWebDriver.java:404)
	at com.sun.proxy.$Proxy11.click(Unknown Source)
	at org.openqa.selenium.support.events.EventFiringWebDriver$EventFiringWebElement.click(EventFiringWebDriver.java:417)
	at org.openqa.selenium.WebElement$click.call(Unknown Source)
	at com.kms.katalon.core.webui.keyword.builtin.ClickKeyword.clickUntilSuccessWithTimeout(ClickKeyword.groovy:81)
	at com.kms.katalon.core.webui.keyword.builtin.ClickKeyword.clickUntilSuccessWithTimeout(ClickKeyword.groovy)
	at com.kms.katalon.core.webui.keyword.builtin.ClickKeyword$_click_closure1.doCall(ClickKeyword.groovy:67)
	at com.kms.katalon.core.webui.keyword.builtin.ClickKeyword$_click_closure1.call(ClickKeyword.groovy)
	at com.kms.katalon.core.webui.keyword.internal.WebUIKeywordMain.runKeyword(WebUIKeywordMain.groovy:20)
	... 19 more]]></system-out>
      <system-err><![CDATA[2021-12-20 10:57:26 - [TEST_SUITE][FAILED] - Microsite olay: Test Cases/microsite staging/Login/Tc-2(Login) FAILED.
Reason:
com.kms.katalon.core.exception.StepFailedException: Unable to click on object 'Object Repository/micro staging/Page_Olay Holiday Program/button_SUBMIT (10)'
	at com.kms.katalon.core.webui.keyword.internal.WebUIKeywordMain.stepFailed(WebUIKeywordMain.groovy:64)
	at com.kms.katalon.core.webui.keyword.internal.WebUIKeywordMain.runKeyword(WebUIKeywordMain.groovy:26)
	at com.kms.katalon.core.webui.keyword.builtin.ClickKeyword.click(ClickKeyword.groovy:74)
	at com.kms.katalon.core.webui.keyword.builtin.ClickKeyword.execute(ClickKeyword.groovy:40)
	at com.kms.katalon.core.keyword.internal.KeywordExecutor.executeKeywordForPlatform(KeywordExecutor.groovy:74)
	at com.kms.katalon.core.webui.keyword.WebUiBuiltInKeywords.click(WebUiBuiltInKeywords.groovy:620)
	at com.kms.katalon.core.webui.keyword.WebUiBuiltInKeywords$click$5.call(Unknown Source)
	at Tc-2(Login).run(Tc-2(Login):24)
	at com.kms.katalon.core.main.ScriptEngine.run(ScriptEngine.java:194)
	at com.kms.katalon.core.main.ScriptEngine.runScriptAsRawText(ScriptEngine.java:119)
	at com.kms.katalon.core.main.TestCaseExecutor.runScript(TestCaseExecutor.java:442)
	at com.kms.katalon.core.main.TestCaseExecutor.doExecute(TestCaseExecutor.java:433)
	at com.kms.katalon.core.main.TestCaseExecutor.processExecutionPhase(TestCaseExecutor.java:412)
	at com.kms.katalon.core.main.TestCaseExecutor.accessMainPhase(TestCaseExecutor.java:404)
	at com.kms.katalon.core.main.TestCaseExecutor.execute(TestCaseExecutor.java:281)
	at com.kms.katalon.core.main.TestSuiteExecutor.accessTestCaseMainPhase(TestSuiteExecutor.java:202)
	at com.kms.katalon.core.main.TestSuiteExecutor.accessTestSuiteMainPhase(TestSuiteExecutor.java:164)
	at com.kms.katalon.core.main.TestSuiteExecutor.execute(TestSuiteExecutor.java:105)
	at com.kms.katalon.core.main.TestCaseMain.startTestSuite(TestCaseMain.java:181)
	at com.kms.katalon.core.main.TestCaseMain$startTestSuite$0.call(Unknown Source)
	at TempTestSuite1639978037384.run(TempTestSuite1639978037384.groovy:36)
Caused by: org.openqa.selenium.ElementClickInterceptedException: element click intercepted: Element <button _ngcontent-hjn-c129="" type="submit" class="px-16 py-4 app-button">...</button> is not clickable at point (638, 551). Other element would receive the click: <div class="cdk-overlay-backdrop white cdk-overlay-backdrop-showing"></div>
  (Session info: chrome=95.0.4638.69)
Build info: version: '3.141.59', revision: 'e82be7d358', time: '2018-11-14T08:25:53'
System info: host: 'knoldus-Latitude-3520', ip: '127.0.1.1', os.name: 'Linux', os.arch: 'amd64', os.version: '5.11.0-41-generic', java.version: '1.8.0_312'
Driver info: com.kms.katalon.selenium.driver.CChromeDriver
Capabilities {acceptInsecureCerts: false, browserName: chrome, browserVersion: 95.0.4638.69, chrome: {chromedriverVersion: 95.0.4638.17 (a9d0719444d4b..., userDataDir: /tmp/.com.google.Chrome.cFo1ZR}, goog:chromeOptions: {debuggerAddress: localhost:40825}, javascriptEnabled: true, networkConnectionEnabled: false, pageLoadStrategy: normal, platform: LINUX, platformName: LINUX, proxy: Proxy(), setWindowRect: true, strictFileInteractability: false, timeouts: {implicit: 0, pageLoad: 300000, script: 30000}, unhandledPromptBehavior: dismiss and notify, webauthn:extension:credBlob: true, webauthn:extension:largeBlob: true, webauthn:virtualAuthenticators: true}
Session ID: 9c514bb5b0751fe138633257a7e72a4a
	at org.openqa.selenium.remote.http.W3CHttpResponseCodec.createException(W3CHttpResponseCodec.java:187)
	at org.openqa.selenium.remote.http.W3CHttpResponseCodec.decode(W3CHttpResponseCodec.java:122)
	at org.openqa.selenium.remote.http.W3CHttpResponseCodec.decode(W3CHttpResponseCodec.java:49)
	at org.openqa.selenium.remote.HttpCommandExecutor.execute(HttpCommandExecutor.java:158)
	at org.openqa.selenium.remote.service.DriverCommandExecutor.execute(DriverCommandExecutor.java:83)
	at org.openqa.selenium.remote.RemoteWebDriver.execute(RemoteWebDriver.java:552)
	at com.kms.katalon.selenium.driver.CChromeDriver.execute(CChromeDriver.java:19)
	at org.openqa.selenium.remote.RemoteWebElement.execute(RemoteWebElement.java:285)
	at org.openqa.selenium.remote.RemoteWebElement.click(RemoteWebElement.java:84)
	at org.openqa.selenium.support.events.EventFiringWebDriver$EventFiringWebElement.lambda$new$0(EventFiringWebDriver.java:404)
	at com.sun.proxy.$Proxy11.click(Unknown Source)
	at org.openqa.selenium.support.events.EventFiringWebDriver$EventFiringWebElement.click(EventFiringWebDriver.java:417)
	at org.openqa.selenium.WebElement$click.call(Unknown Source)
	at com.kms.katalon.core.webui.keyword.builtin.ClickKeyword.clickUntilSuccessWithTimeout(ClickKeyword.groovy:81)
	at com.kms.katalon.core.webui.keyword.builtin.ClickKeyword.clickUntilSuccessWithTimeout(ClickKeyword.groovy)
	at com.kms.katalon.core.webui.keyword.builtin.ClickKeyword$_click_closure1.doCall(ClickKeyword.groovy:67)
	at com.kms.katalon.core.webui.keyword.builtin.ClickKeyword$_click_closure1.call(ClickKeyword.groovy)
	at com.kms.katalon.core.webui.keyword.internal.WebUIKeywordMain.runKeyword(WebUIKeywordMain.groovy:20)
	... 19 more]]></system-err>
   </testsuite>
</testsuites>
